<?xml version="1.0" encoding="UTF-8"?>
<testsuite xmlns:xsi="http://www.w3.org/2001/XMLSchema-instance" xsi:noNamespaceSchemaLocation="https://maven.apache.org/surefire/maven-surefire-plugin/xsd/surefire-test-report-3.0.xsd" version="3.0" name="Req 04-07" time="5.241" tests="4" errors="4" skipped="0" failures="0">
  <properties>
    <property name="java.specification.version" value="17"/>
    <property name="sun.jnu.encoding" value="UTF-8"/>
    <property name="java.class.path" value="/home/joao/Documents/trybe/java/java-001-projeto-final-agrix-fase-a/target/test-classes:/home/joao/Documents/trybe/java/java-001-projeto-final-agrix-fase-a/target/classes:/home/joao/.m2/repository/org/springframework/security/spring-security-web/6.1.1/spring-security-web-6.1.1.jar:/home/joao/.m2/repository/org/springframework/spring-core/6.0.10/spring-core-6.0.10.jar:/home/joao/.m2/repository/org/springframework/spring-jcl/6.0.10/spring-jcl-6.0.10.jar:/home/joao/.m2/repository/org/springframework/spring-aop/6.0.10/spring-aop-6.0.10.jar:/home/joao/.m2/repository/org/springframework/spring-beans/6.0.10/spring-beans-6.0.10.jar:/home/joao/.m2/repository/org/springframework/spring-context/6.0.10/spring-context-6.0.10.jar:/home/joao/.m2/repository/org/springframework/spring-expression/6.0.10/spring-expression-6.0.10.jar:/home/joao/.m2/repository/org/springframework/spring-web/6.0.10/spring-web-6.0.10.jar:/home/joao/.m2/repository/org/springframework/security/spring-security-core/6.1.1/spring-security-core-6.1.1.jar:/home/joao/.m2/repository/org/springframework/security/spring-security-crypto/6.1.1/spring-security-crypto-6.1.1.jar:/home/joao/.m2/repository/io/micrometer/micrometer-observation/1.11.1/micrometer-observation-1.11.1.jar:/home/joao/.m2/repository/io/micrometer/micrometer-commons/1.11.1/micrometer-commons-1.11.1.jar:/home/joao/.m2/repository/org/springframework/boot/spring-boot-starter-security/3.1.1/spring-boot-starter-security-3.1.1.jar:/home/joao/.m2/repository/org/springframework/security/spring-security-config/6.1.1/spring-security-config-6.1.1.jar:/home/joao/.m2/repository/com/auth0/java-jwt/4.4.0/java-jwt-4.4.0.jar:/home/joao/.m2/repository/com/fasterxml/jackson/core/jackson-databind/2.15.2/jackson-databind-2.15.2.jar:/home/joao/.m2/repository/com/fasterxml/jackson/core/jackson-annotations/2.15.2/jackson-annotations-2.15.2.jar:/home/joao/.m2/repository/com/fasterxml/jackson/core/jackson-core/2.15.2/jackson-core-2.15.2.jar:/home/joao/.m2/repository/org/springframework/security/spring-security-test/6.1.1/spring-security-test-6.1.1.jar:/home/joao/.m2/repository/org/springframework/spring-test/6.0.10/spring-test-6.0.10.jar:/home/joao/.m2/repository/org/springframework/boot/spring-boot-starter-data-jpa/3.1.1/spring-boot-starter-data-jpa-3.1.1.jar:/home/joao/.m2/repository/org/springframework/boot/spring-boot-starter-aop/3.1.1/spring-boot-starter-aop-3.1.1.jar:/home/joao/.m2/repository/org/aspectj/aspectjweaver/1.9.19/aspectjweaver-1.9.19.jar:/home/joao/.m2/repository/org/springframework/boot/spring-boot-starter-jdbc/3.1.1/spring-boot-starter-jdbc-3.1.1.jar:/home/joao/.m2/repository/com/zaxxer/HikariCP/5.0.1/HikariCP-5.0.1.jar:/home/joao/.m2/repository/org/springframework/spring-jdbc/6.0.10/spring-jdbc-6.0.10.jar:/home/joao/.m2/repository/org/hibernate/orm/hibernate-core/6.2.5.Final/hibernate-core-6.2.5.Final.jar:/home/joao/.m2/repository/jakarta/persistence/jakarta.persistence-api/3.1.0/jakarta.persistence-api-3.1.0.jar:/home/joao/.m2/repository/jakarta/transaction/jakarta.transaction-api/2.0.1/jakarta.transaction-api-2.0.1.jar:/home/joao/.m2/repository/org/jboss/logging/jboss-logging/3.5.1.Final/jboss-logging-3.5.1.Final.jar:/home/joao/.m2/repository/org/hibernate/common/hibernate-commons-annotations/6.0.6.Final/hibernate-commons-annotations-6.0.6.Final.jar:/home/joao/.m2/repository/io/smallrye/jandex/3.0.5/jandex-3.0.5.jar:/home/joao/.m2/repository/com/fasterxml/classmate/1.5.1/classmate-1.5.1.jar:/home/joao/.m2/repository/net/bytebuddy/byte-buddy/1.14.5/byte-buddy-1.14.5.jar:/home/joao/.m2/repository/org/glassfish/jaxb/jaxb-runtime/4.0.3/jaxb-runtime-4.0.3.jar:/home/joao/.m2/repository/org/glassfish/jaxb/jaxb-core/4.0.3/jaxb-core-4.0.3.jar:/home/joao/.m2/repository/org/eclipse/angus/angus-activation/2.0.1/angus-activation-2.0.1.jar:/home/joao/.m2/repository/org/glassfish/jaxb/txw2/4.0.3/txw2-4.0.3.jar:/home/joao/.m2/repository/com/sun/istack/istack-commons-runtime/4.1.2/istack-commons-runtime-4.1.2.jar:/home/joao/.m2/repository/jakarta/inject/jakarta.inject-api/2.0.1/jakarta.inject-api-2.0.1.jar:/home/joao/.m2/repository/org/antlr/antlr4-runtime/4.10.1/antlr4-runtime-4.10.1.jar:/home/joao/.m2/repository/org/springframework/data/spring-data-jpa/3.1.1/spring-data-jpa-3.1.1.jar:/home/joao/.m2/repository/org/springframework/data/spring-data-commons/3.1.1/spring-data-commons-3.1.1.jar:/home/joao/.m2/repository/org/springframework/spring-orm/6.0.10/spring-orm-6.0.10.jar:/home/joao/.m2/repository/org/springframework/spring-tx/6.0.10/spring-tx-6.0.10.jar:/home/joao/.m2/repository/org/slf4j/slf4j-api/2.0.7/slf4j-api-2.0.7.jar:/home/joao/.m2/repository/org/springframework/spring-aspects/6.0.10/spring-aspects-6.0.10.jar:/home/joao/.m2/repository/org/springframework/boot/spring-boot-starter-web/3.1.1/spring-boot-starter-web-3.1.1.jar:/home/joao/.m2/repository/org/springframework/boot/spring-boot-starter-json/3.1.1/spring-boot-starter-json-3.1.1.jar:/home/joao/.m2/repository/com/fasterxml/jackson/datatype/jackson-datatype-jdk8/2.15.2/jackson-datatype-jdk8-2.15.2.jar:/home/joao/.m2/repository/com/fasterxml/jackson/datatype/jackson-datatype-jsr310/2.15.2/jackson-datatype-jsr310-2.15.2.jar:/home/joao/.m2/repository/com/fasterxml/jackson/module/jackson-module-parameter-names/2.15.2/jackson-module-parameter-names-2.15.2.jar:/home/joao/.m2/repository/org/springframework/boot/spring-boot-starter-tomcat/3.1.1/spring-boot-starter-tomcat-3.1.1.jar:/home/joao/.m2/repository/org/apache/tomcat/embed/tomcat-embed-core/10.1.10/tomcat-embed-core-10.1.10.jar:/home/joao/.m2/repository/org/apache/tomcat/embed/tomcat-embed-el/10.1.10/tomcat-embed-el-10.1.10.jar:/home/joao/.m2/repository/org/apache/tomcat/embed/tomcat-embed-websocket/10.1.10/tomcat-embed-websocket-10.1.10.jar:/home/joao/.m2/repository/org/springframework/spring-webmvc/6.0.10/spring-webmvc-6.0.10.jar:/home/joao/.m2/repository/org/springframework/boot/spring-boot-starter/3.1.1/spring-boot-starter-3.1.1.jar:/home/joao/.m2/repository/org/springframework/boot/spring-boot/3.1.1/spring-boot-3.1.1.jar:/home/joao/.m2/repository/org/springframework/boot/spring-boot-autoconfigure/3.1.1/spring-boot-autoconfigure-3.1.1.jar:/home/joao/.m2/repository/org/springframework/boot/spring-boot-starter-logging/3.1.1/spring-boot-starter-logging-3.1.1.jar:/home/joao/.m2/repository/ch/qos/logback/logback-classic/1.4.8/logback-classic-1.4.8.jar:/home/joao/.m2/repository/ch/qos/logback/logback-core/1.4.8/logback-core-1.4.8.jar:/home/joao/.m2/repository/org/apache/logging/log4j/log4j-to-slf4j/2.20.0/log4j-to-slf4j-2.20.0.jar:/home/joao/.m2/repository/org/apache/logging/log4j/log4j-api/2.20.0/log4j-api-2.20.0.jar:/home/joao/.m2/repository/org/slf4j/jul-to-slf4j/2.0.7/jul-to-slf4j-2.0.7.jar:/home/joao/.m2/repository/jakarta/annotation/jakarta.annotation-api/2.1.1/jakarta.annotation-api-2.1.1.jar:/home/joao/.m2/repository/org/yaml/snakeyaml/1.33/snakeyaml-1.33.jar:/home/joao/.m2/repository/org/springframework/boot/spring-boot-starter-test/3.1.1/spring-boot-starter-test-3.1.1.jar:/home/joao/.m2/repository/org/springframework/boot/spring-boot-test/3.1.1/spring-boot-test-3.1.1.jar:/home/joao/.m2/repository/org/springframework/boot/spring-boot-test-autoconfigure/3.1.1/spring-boot-test-autoconfigure-3.1.1.jar:/home/joao/.m2/repository/com/jayway/jsonpath/json-path/2.8.0/json-path-2.8.0.jar:/home/joao/.m2/repository/jakarta/xml/bind/jakarta.xml.bind-api/4.0.0/jakarta.xml.bind-api-4.0.0.jar:/home/joao/.m2/repository/jakarta/activation/jakarta.activation-api/2.1.2/jakarta.activation-api-2.1.2.jar:/home/joao/.m2/repository/net/minidev/json-smart/2.4.11/json-smart-2.4.11.jar:/home/joao/.m2/repository/net/minidev/accessors-smart/2.4.11/accessors-smart-2.4.11.jar:/home/joao/.m2/repository/org/ow2/asm/asm/9.3/asm-9.3.jar:/home/joao/.m2/repository/org/assertj/assertj-core/3.24.2/assertj-core-3.24.2.jar:/home/joao/.m2/repository/org/hamcrest/hamcrest/2.2/hamcrest-2.2.jar:/home/joao/.m2/repository/org/mockito/mockito-core/5.3.1/mockito-core-5.3.1.jar:/home/joao/.m2/repository/net/bytebuddy/byte-buddy-agent/1.14.5/byte-buddy-agent-1.14.5.jar:/home/joao/.m2/repository/org/objenesis/objenesis/3.3/objenesis-3.3.jar:/home/joao/.m2/repository/org/mockito/mockito-junit-jupiter/5.3.1/mockito-junit-jupiter-5.3.1.jar:/home/joao/.m2/repository/org/skyscreamer/jsonassert/1.5.1/jsonassert-1.5.1.jar:/home/joao/.m2/repository/com/vaadin/external/google/android-json/0.0.20131108.vaadin1/android-json-0.0.20131108.vaadin1.jar:/home/joao/.m2/repository/org/xmlunit/xmlunit-core/2.9.1/xmlunit-core-2.9.1.jar:/home/joao/.m2/repository/com/h2database/h2/2.1.214/h2-2.1.214.jar:/home/joao/.m2/repository/org/junit/jupiter/junit-jupiter/5.4.2/junit-jupiter-5.4.2.jar:/home/joao/.m2/repository/org/junit/jupiter/junit-jupiter-params/5.9.3/junit-jupiter-params-5.9.3.jar:/home/joao/.m2/repository/org/junit/jupiter/junit-jupiter-api/5.4.2/junit-jupiter-api-5.4.2.jar:/home/joao/.m2/repository/org/apiguardian/apiguardian-api/1.0.0/apiguardian-api-1.0.0.jar:/home/joao/.m2/repository/org/opentest4j/opentest4j/1.1.1/opentest4j-1.1.1.jar:/home/joao/.m2/repository/org/junit/platform/junit-platform-commons/1.9.3/junit-platform-commons-1.9.3.jar:/home/joao/.m2/repository/org/junit/jupiter/junit-jupiter-engine/5.4.2/junit-jupiter-engine-5.4.2.jar:/home/joao/.m2/repository/org/junit/platform/junit-platform-engine/1.9.3/junit-platform-engine-1.9.3.jar:"/>
    <property name="java.vm.vendor" value="Private Build"/>
    <property name="sun.arch.data.model" value="64"/>
    <property name="java.vendor.url" value="Unknown"/>
    <property name="user.timezone" value="America/Sao_Paulo"/>
    <property name="org.jboss.logging.provider" value="slf4j"/>
    <property name="user.country.format" value="BR"/>
    <property name="os.name" value="Linux"/>
    <property name="java.vm.specification.version" value="17"/>
    <property name="sun.java.launcher" value="SUN_STANDARD"/>
    <property name="user.country" value="US"/>
    <property name="sun.boot.library.path" value="/usr/lib/jvm/java-17-openjdk-amd64/lib"/>
    <property name="sun.java.command" value="/home/joao/Documents/trybe/java/java-001-projeto-final-agrix-fase-a/target/surefire/surefirebooter6294042441131279023.jar /home/joao/Documents/trybe/java/java-001-projeto-final-agrix-fase-a/target/surefire 2024-03-30T21-58-02_692-jvmRun1 surefire4494249260196350083tmp surefire_0723606617627911423tmp"/>
    <property name="jdk.debug" value="release"/>
    <property name="surefire.test.class.path" value="/home/joao/Documents/trybe/java/java-001-projeto-final-agrix-fase-a/target/test-classes:/home/joao/Documents/trybe/java/java-001-projeto-final-agrix-fase-a/target/classes:/home/joao/.m2/repository/org/springframework/security/spring-security-web/6.1.1/spring-security-web-6.1.1.jar:/home/joao/.m2/repository/org/springframework/spring-core/6.0.10/spring-core-6.0.10.jar:/home/joao/.m2/repository/org/springframework/spring-jcl/6.0.10/spring-jcl-6.0.10.jar:/home/joao/.m2/repository/org/springframework/spring-aop/6.0.10/spring-aop-6.0.10.jar:/home/joao/.m2/repository/org/springframework/spring-beans/6.0.10/spring-beans-6.0.10.jar:/home/joao/.m2/repository/org/springframework/spring-context/6.0.10/spring-context-6.0.10.jar:/home/joao/.m2/repository/org/springframework/spring-expression/6.0.10/spring-expression-6.0.10.jar:/home/joao/.m2/repository/org/springframework/spring-web/6.0.10/spring-web-6.0.10.jar:/home/joao/.m2/repository/org/springframework/security/spring-security-core/6.1.1/spring-security-core-6.1.1.jar:/home/joao/.m2/repository/org/springframework/security/spring-security-crypto/6.1.1/spring-security-crypto-6.1.1.jar:/home/joao/.m2/repository/io/micrometer/micrometer-observation/1.11.1/micrometer-observation-1.11.1.jar:/home/joao/.m2/repository/io/micrometer/micrometer-commons/1.11.1/micrometer-commons-1.11.1.jar:/home/joao/.m2/repository/org/springframework/boot/spring-boot-starter-security/3.1.1/spring-boot-starter-security-3.1.1.jar:/home/joao/.m2/repository/org/springframework/security/spring-security-config/6.1.1/spring-security-config-6.1.1.jar:/home/joao/.m2/repository/com/auth0/java-jwt/4.4.0/java-jwt-4.4.0.jar:/home/joao/.m2/repository/com/fasterxml/jackson/core/jackson-databind/2.15.2/jackson-databind-2.15.2.jar:/home/joao/.m2/repository/com/fasterxml/jackson/core/jackson-annotations/2.15.2/jackson-annotations-2.15.2.jar:/home/joao/.m2/repository/com/fasterxml/jackson/core/jackson-core/2.15.2/jackson-core-2.15.2.jar:/home/joao/.m2/repository/org/springframework/security/spring-security-test/6.1.1/spring-security-test-6.1.1.jar:/home/joao/.m2/repository/org/springframework/spring-test/6.0.10/spring-test-6.0.10.jar:/home/joao/.m2/repository/org/springframework/boot/spring-boot-starter-data-jpa/3.1.1/spring-boot-starter-data-jpa-3.1.1.jar:/home/joao/.m2/repository/org/springframework/boot/spring-boot-starter-aop/3.1.1/spring-boot-starter-aop-3.1.1.jar:/home/joao/.m2/repository/org/aspectj/aspectjweaver/1.9.19/aspectjweaver-1.9.19.jar:/home/joao/.m2/repository/org/springframework/boot/spring-boot-starter-jdbc/3.1.1/spring-boot-starter-jdbc-3.1.1.jar:/home/joao/.m2/repository/com/zaxxer/HikariCP/5.0.1/HikariCP-5.0.1.jar:/home/joao/.m2/repository/org/springframework/spring-jdbc/6.0.10/spring-jdbc-6.0.10.jar:/home/joao/.m2/repository/org/hibernate/orm/hibernate-core/6.2.5.Final/hibernate-core-6.2.5.Final.jar:/home/joao/.m2/repository/jakarta/persistence/jakarta.persistence-api/3.1.0/jakarta.persistence-api-3.1.0.jar:/home/joao/.m2/repository/jakarta/transaction/jakarta.transaction-api/2.0.1/jakarta.transaction-api-2.0.1.jar:/home/joao/.m2/repository/org/jboss/logging/jboss-logging/3.5.1.Final/jboss-logging-3.5.1.Final.jar:/home/joao/.m2/repository/org/hibernate/common/hibernate-commons-annotations/6.0.6.Final/hibernate-commons-annotations-6.0.6.Final.jar:/home/joao/.m2/repository/io/smallrye/jandex/3.0.5/jandex-3.0.5.jar:/home/joao/.m2/repository/com/fasterxml/classmate/1.5.1/classmate-1.5.1.jar:/home/joao/.m2/repository/net/bytebuddy/byte-buddy/1.14.5/byte-buddy-1.14.5.jar:/home/joao/.m2/repository/org/glassfish/jaxb/jaxb-runtime/4.0.3/jaxb-runtime-4.0.3.jar:/home/joao/.m2/repository/org/glassfish/jaxb/jaxb-core/4.0.3/jaxb-core-4.0.3.jar:/home/joao/.m2/repository/org/eclipse/angus/angus-activation/2.0.1/angus-activation-2.0.1.jar:/home/joao/.m2/repository/org/glassfish/jaxb/txw2/4.0.3/txw2-4.0.3.jar:/home/joao/.m2/repository/com/sun/istack/istack-commons-runtime/4.1.2/istack-commons-runtime-4.1.2.jar:/home/joao/.m2/repository/jakarta/inject/jakarta.inject-api/2.0.1/jakarta.inject-api-2.0.1.jar:/home/joao/.m2/repository/org/antlr/antlr4-runtime/4.10.1/antlr4-runtime-4.10.1.jar:/home/joao/.m2/repository/org/springframework/data/spring-data-jpa/3.1.1/spring-data-jpa-3.1.1.jar:/home/joao/.m2/repository/org/springframework/data/spring-data-commons/3.1.1/spring-data-commons-3.1.1.jar:/home/joao/.m2/repository/org/springframework/spring-orm/6.0.10/spring-orm-6.0.10.jar:/home/joao/.m2/repository/org/springframework/spring-tx/6.0.10/spring-tx-6.0.10.jar:/home/joao/.m2/repository/org/slf4j/slf4j-api/2.0.7/slf4j-api-2.0.7.jar:/home/joao/.m2/repository/org/springframework/spring-aspects/6.0.10/spring-aspects-6.0.10.jar:/home/joao/.m2/repository/org/springframework/boot/spring-boot-starter-web/3.1.1/spring-boot-starter-web-3.1.1.jar:/home/joao/.m2/repository/org/springframework/boot/spring-boot-starter-json/3.1.1/spring-boot-starter-json-3.1.1.jar:/home/joao/.m2/repository/com/fasterxml/jackson/datatype/jackson-datatype-jdk8/2.15.2/jackson-datatype-jdk8-2.15.2.jar:/home/joao/.m2/repository/com/fasterxml/jackson/datatype/jackson-datatype-jsr310/2.15.2/jackson-datatype-jsr310-2.15.2.jar:/home/joao/.m2/repository/com/fasterxml/jackson/module/jackson-module-parameter-names/2.15.2/jackson-module-parameter-names-2.15.2.jar:/home/joao/.m2/repository/org/springframework/boot/spring-boot-starter-tomcat/3.1.1/spring-boot-starter-tomcat-3.1.1.jar:/home/joao/.m2/repository/org/apache/tomcat/embed/tomcat-embed-core/10.1.10/tomcat-embed-core-10.1.10.jar:/home/joao/.m2/repository/org/apache/tomcat/embed/tomcat-embed-el/10.1.10/tomcat-embed-el-10.1.10.jar:/home/joao/.m2/repository/org/apache/tomcat/embed/tomcat-embed-websocket/10.1.10/tomcat-embed-websocket-10.1.10.jar:/home/joao/.m2/repository/org/springframework/spring-webmvc/6.0.10/spring-webmvc-6.0.10.jar:/home/joao/.m2/repository/org/springframework/boot/spring-boot-starter/3.1.1/spring-boot-starter-3.1.1.jar:/home/joao/.m2/repository/org/springframework/boot/spring-boot/3.1.1/spring-boot-3.1.1.jar:/home/joao/.m2/repository/org/springframework/boot/spring-boot-autoconfigure/3.1.1/spring-boot-autoconfigure-3.1.1.jar:/home/joao/.m2/repository/org/springframework/boot/spring-boot-starter-logging/3.1.1/spring-boot-starter-logging-3.1.1.jar:/home/joao/.m2/repository/ch/qos/logback/logback-classic/1.4.8/logback-classic-1.4.8.jar:/home/joao/.m2/repository/ch/qos/logback/logback-core/1.4.8/logback-core-1.4.8.jar:/home/joao/.m2/repository/org/apache/logging/log4j/log4j-to-slf4j/2.20.0/log4j-to-slf4j-2.20.0.jar:/home/joao/.m2/repository/org/apache/logging/log4j/log4j-api/2.20.0/log4j-api-2.20.0.jar:/home/joao/.m2/repository/org/slf4j/jul-to-slf4j/2.0.7/jul-to-slf4j-2.0.7.jar:/home/joao/.m2/repository/jakarta/annotation/jakarta.annotation-api/2.1.1/jakarta.annotation-api-2.1.1.jar:/home/joao/.m2/repository/org/yaml/snakeyaml/1.33/snakeyaml-1.33.jar:/home/joao/.m2/repository/org/springframework/boot/spring-boot-starter-test/3.1.1/spring-boot-starter-test-3.1.1.jar:/home/joao/.m2/repository/org/springframework/boot/spring-boot-test/3.1.1/spring-boot-test-3.1.1.jar:/home/joao/.m2/repository/org/springframework/boot/spring-boot-test-autoconfigure/3.1.1/spring-boot-test-autoconfigure-3.1.1.jar:/home/joao/.m2/repository/com/jayway/jsonpath/json-path/2.8.0/json-path-2.8.0.jar:/home/joao/.m2/repository/jakarta/xml/bind/jakarta.xml.bind-api/4.0.0/jakarta.xml.bind-api-4.0.0.jar:/home/joao/.m2/repository/jakarta/activation/jakarta.activation-api/2.1.2/jakarta.activation-api-2.1.2.jar:/home/joao/.m2/repository/net/minidev/json-smart/2.4.11/json-smart-2.4.11.jar:/home/joao/.m2/repository/net/minidev/accessors-smart/2.4.11/accessors-smart-2.4.11.jar:/home/joao/.m2/repository/org/ow2/asm/asm/9.3/asm-9.3.jar:/home/joao/.m2/repository/org/assertj/assertj-core/3.24.2/assertj-core-3.24.2.jar:/home/joao/.m2/repository/org/hamcrest/hamcrest/2.2/hamcrest-2.2.jar:/home/joao/.m2/repository/org/mockito/mockito-core/5.3.1/mockito-core-5.3.1.jar:/home/joao/.m2/repository/net/bytebuddy/byte-buddy-agent/1.14.5/byte-buddy-agent-1.14.5.jar:/home/joao/.m2/repository/org/objenesis/objenesis/3.3/objenesis-3.3.jar:/home/joao/.m2/repository/org/mockito/mockito-junit-jupiter/5.3.1/mockito-junit-jupiter-5.3.1.jar:/home/joao/.m2/repository/org/skyscreamer/jsonassert/1.5.1/jsonassert-1.5.1.jar:/home/joao/.m2/repository/com/vaadin/external/google/android-json/0.0.20131108.vaadin1/android-json-0.0.20131108.vaadin1.jar:/home/joao/.m2/repository/org/xmlunit/xmlunit-core/2.9.1/xmlunit-core-2.9.1.jar:/home/joao/.m2/repository/com/h2database/h2/2.1.214/h2-2.1.214.jar:/home/joao/.m2/repository/org/junit/jupiter/junit-jupiter/5.4.2/junit-jupiter-5.4.2.jar:/home/joao/.m2/repository/org/junit/jupiter/junit-jupiter-params/5.9.3/junit-jupiter-params-5.9.3.jar:/home/joao/.m2/repository/org/junit/jupiter/junit-jupiter-api/5.4.2/junit-jupiter-api-5.4.2.jar:/home/joao/.m2/repository/org/apiguardian/apiguardian-api/1.0.0/apiguardian-api-1.0.0.jar:/home/joao/.m2/repository/org/opentest4j/opentest4j/1.1.1/opentest4j-1.1.1.jar:/home/joao/.m2/repository/org/junit/platform/junit-platform-commons/1.9.3/junit-platform-commons-1.9.3.jar:/home/joao/.m2/repository/org/junit/jupiter/junit-jupiter-engine/5.4.2/junit-jupiter-engine-5.4.2.jar:/home/joao/.m2/repository/org/junit/platform/junit-platform-engine/1.9.3/junit-platform-engine-1.9.3.jar:"/>
    <property name="sun.cpu.endian" value="little"/>
    <property name="user.home" value="/home/joao"/>
    <property name="user.language" value="en"/>
    <property name="java.specification.vendor" value="Oracle Corporation"/>
    <property name="java.version.date" value="2024-01-16"/>
    <property name="java.home" value="/usr/lib/jvm/java-17-openjdk-amd64"/>
    <property name="file.separator" value="/"/>
    <property name="basedir" value="/home/joao/Documents/trybe/java/java-001-projeto-final-agrix-fase-a"/>
    <property name="java.vm.compressedOopsMode" value="Zero based"/>
    <property name="line.separator" value="&#10;"/>
    <property name="java.specification.name" value="Java Platform API Specification"/>
    <property name="java.vm.specification.vendor" value="Oracle Corporation"/>
    <property name="FILE_LOG_CHARSET" value="UTF-8"/>
    <property name="java.awt.headless" value="true"/>
    <property name="surefire.real.class.path" value="/home/joao/Documents/trybe/java/java-001-projeto-final-agrix-fase-a/target/surefire/surefirebooter6294042441131279023.jar"/>
    <property name="sun.management.compiler" value="HotSpot 64-Bit Tiered Compilers"/>
    <property name="java.runtime.version" value="17.0.10+7-Ubuntu-122.04.1"/>
    <property name="user.name" value="joao"/>
    <property name="path.separator" value=":"/>
    <property name="os.version" value="6.5.0-26-generic"/>
    <property name="java.runtime.name" value="OpenJDK Runtime Environment"/>
    <property name="file.encoding" value="UTF-8"/>
    <property name="java.vm.name" value="OpenJDK 64-Bit Server VM"/>
    <property name="localRepository" value="/home/joao/.m2/repository"/>
    <property name="java.vendor.url.bug" value="Unknown"/>
    <property name="java.io.tmpdir" value="/tmp"/>
    <property name="com.zaxxer.hikari.pool_number" value="1"/>
    <property name="java.version" value="17.0.10"/>
    <property name="user.dir" value="/home/joao/Documents/trybe/java/java-001-projeto-final-agrix-fase-a"/>
    <property name="os.arch" value="amd64"/>
    <property name="java.vm.specification.name" value="Java Virtual Machine Specification"/>
    <property name="PID" value="41612"/>
    <property name="user.language.format" value="pt"/>
    <property name="CONSOLE_LOG_CHARSET" value="UTF-8"/>
    <property name="native.encoding" value="UTF-8"/>
    <property name="java.library.path" value="/usr/java/packages/lib:/usr/lib/x86_64-linux-gnu/jni:/lib/x86_64-linux-gnu:/usr/lib/x86_64-linux-gnu:/usr/lib/jni:/lib:/usr/lib"/>
    <property name="java.vm.info" value="mixed mode, sharing"/>
    <property name="java.vendor" value="Private Build"/>
    <property name="java.vm.version" value="17.0.10+7-Ubuntu-122.04.1"/>
    <property name="sun.io.unicode.encoding" value="UnicodeLittle"/>
    <property name="java.class.version" value="61.0"/>
  </properties>
  <testcase name="6- Crie a rota GET /crops" classname="Req 04-07" time="0.599">
    <error type="jakarta.servlet.ServletException"><![CDATA[jakarta.servlet.ServletException: Request processing failed: org.springframework.http.converter.HttpMessageNotWritableException: Could not write JSON: Infinite recursion (StackOverflowError)
	at com.betrybe.agrix.evaluation.CropManagementTest.performCropCreation(CropManagementTest.java:257)
	at com.betrybe.agrix.evaluation.CropManagementTest.testGetAllCrops(CropManagementTest.java:180)
Caused by: org.springframework.http.converter.HttpMessageNotWritableException: Could not write JSON: Infinite recursion (StackOverflowError)
	at com.betrybe.agrix.evaluation.CropManagementTest.performCropCreation(CropManagementTest.java:257)
	at com.betrybe.agrix.evaluation.CropManagementTest.testGetAllCrops(CropManagementTest.java:180)
Caused by: com.fasterxml.jackson.databind.JsonMappingException: Infinite recursion (StackOverflowError) (through reference chain: com.betrybe.agrix.model.entity.Farm["crops"]->org.hibernate.collection.spi.PersistentBag[0]->com.betrybe.agrix.model.entity.Crop["farm"]->com.betrybe.agrix.model.entity.Farm["crops"]->org.hibernate.collection.spi.PersistentBag[0]->com.betrybe.agrix.model.entity.Crop["farm"]->com.betrybe.agrix.model.entity.Farm["crops"]->org.hibernate.collection.spi.PersistentBag[0]->com.betrybe.agrix.model.entity.Crop["farm"]->com.betrybe.agrix.model.entity.Farm["crops"]->org.hibernate.collection.spi.PersistentBag[0]->com.betrybe.agrix.model.entity.Crop["farm"]->com.betrybe.agrix.model.entity.Farm["crops"]->org.hibernate.collection.spi.PersistentBag[0]->com.betrybe.agrix.model.entity.Crop["farm"]->com.betrybe.agrix.model.entity.Farm["crops"]->org.hibernate.collection.spi.PersistentBag[0]->com.betrybe.agrix.model.entity.Crop["farm"]->com.betrybe.agrix.model.entity.Farm["crops"]->org.hibernate.collection.spi.PersistentBag[0]->com.betrybe.agrix.model.entity.Crop["farm"]->com.betrybe.agrix.model.entity.Farm["crops"]->org.hibernate.collection.spi.PersistentBag[0]->com.betrybe.agrix.model.entity.Crop["farm"]->com.betrybe.agrix.model.entity.Farm["crops"]->org.hibernate.collection.spi.PersistentBag[0]->com.betrybe.agrix.model.entity.Crop["farm"]->com.betrybe.agrix.model.entity.Farm["crops"]->org.hibernate.collection.spi.PersistentBag[0]->com.betrybe.agrix.model.entity.Crop["farm"]->com.betrybe.agrix.model.entity.Farm["crops"]->org.hibernate.collection.spi.PersistentBag[0]->com.betrybe.agrix.model.entity.Crop["farm"]->com.betrybe.agrix.model.entity.Farm["crops"]->org.hibernate.collection.spi.PersistentBag[0]->com.betrybe.agrix.model.entity.Crop["farm"]->com.betrybe.agrix.model.entity.Farm["crops"]->org.hibernate.collection.spi.PersistentBag[0]->com.betrybe.agrix.model.entity.Crop["farm"]->com.betrybe.agrix.model.entity.Farm["crops"]->org.hibernate.collection.spi.PersistentBag[0]->com.betrybe.agrix.model.entity.Crop["farm"]->com.betrybe.agrix.model.entity.Farm["crops"]->org.hibernate.collection.spi.PersistentBag[0]->com.betrybe.agrix.model.entity.Crop["farm"]->com.betrybe.agrix.model.entity.Farm["crops"]->org.hibernate.collection.spi.PersistentBag[0]->com.betrybe.agrix.model.entity.Crop["farm"]->com.betrybe.agrix.model.entity.Farm["crops"]->org.hibernate.collection.spi.PersistentBag[0]->com.betrybe.agrix.model.entity.Crop["farm"]->com.betrybe.agrix.model.entity.Farm["crops"]->org.hibernate.collection.spi.PersistentBag[0]->com.betrybe.agrix.model.entity.Crop["farm"]->com.betrybe.agrix.model.entity.Farm["crops"]->org.hibernate.collection.spi.PersistentBag[0]->com.betrybe.agrix.model.entity.Crop["farm"]->com.betrybe.agrix.model.entity.Farm["crops"]->org.hibernate.collection.spi.PersistentBag[0]->com.betrybe.agrix.model.entity.Crop["farm"]->com.betrybe.agrix.model.entity.Farm["crops"]->org.hibernate.collection.spi.PersistentBag[0]->com.betrybe.agrix.model.entity.Crop["farm"]->com.betrybe.agrix.model.entity.Farm["crops"]->org.hibernate.collection.spi.PersistentBag[0]->com.betrybe.agrix.model.entity.Crop["farm"]->com.betrybe.agrix.model.entity.Farm["crops"]->org.hibernate.collection.spi.PersistentBag[0]->com.betrybe.agrix.model.entity.Crop["farm"]->com.betrybe.agrix.model.entity.Farm["crops"]->org.hibernate.collection.spi.PersistentBag[0]->com.betrybe.agrix.model.entity.Crop["farm"]->com.betrybe.agrix.model.entity.Farm["crops"]->org.hibernate.collection.spi.PersistentBag[0]->com.betrybe.agrix.model.entity.Crop["farm"]->com.betrybe.agrix.model.entity.Farm["crops"]->org.hibernate.collection.spi.PersistentBag[0]->com.betrybe.agrix.model.entity.Crop["farm"]->com.betrybe.agrix.model.entity.Farm["crops"]->org.hibernate.collection.spi.PersistentBag[0]->com.betrybe.agrix.model.entity.Crop["farm"]->com.betrybe.agrix.model.entity.Farm["crops"]->org.hibernate.collection.spi.PersistentBag[0]->com.betrybe.agrix.model.entity.Crop["farm"]->com.betrybe.agrix.model.entity.Farm["crops"]->org.hibernate.collection.spi.PersistentBag[0]->com.betrybe.agrix.model.entity.Crop["farm"]->com.betrybe.agrix.model.entity.Farm["crops"]->org.hibernate.collection.spi.PersistentBag[0]->com.betrybe.agrix.model.entity.Crop["farm"]->com.betrybe.agrix.model.entity.Farm["crops"]->org.hibernate.collection.spi.PersistentBag[0]->com.betrybe.agrix.model.entity.Crop["farm"]->com.betrybe.agrix.model.entity.Farm["crops"]->org.hibernate.collection.spi.PersistentBag[0]->com.betrybe.agrix.model.entity.Crop["farm"]->com.betrybe.agrix.model.entity.Farm["crops"]->org.hibernate.collection.spi.PersistentBag[0]->com.betrybe.agrix.model.entity.Crop["farm"]->com.betrybe.agrix.model.entity.Farm["crops"]->org.hibernate.collection.spi.PersistentBag[0]->com.betrybe.agrix.model.entity.Crop["farm"]->com.betrybe.agrix.model.entity.Farm["crops"]->org.hibernate.collection.spi.PersistentBag[0]->com.betrybe.agrix.model.entity.Crop["farm"]->com.betrybe.agrix.model.entity.Farm["crops"]->org.hibernate.collection.spi.PersistentBag[0]->com.betrybe.agrix.model.entity.Crop["farm"]->com.betrybe.agrix.model.entity.Farm["crops"]->org.hibernate.collection.spi.PersistentBag[0]->com.betrybe.agrix.model.entity.Crop["farm"]->com.betrybe.agrix.model.entity.Farm["crops"]->org.hibernate.collection.spi.PersistentBag[0]->com.betrybe.agrix.model.entity.Crop["farm"]->com.betrybe.agrix.model.entity.Farm["crops"]->org.hibernate.collection.spi.PersistentBag[0]->com.betrybe.agrix.model.entity.Crop["farm"]->com.betrybe.agrix.model.entity.Farm["crops"]->org.hibernate.collection.spi.PersistentBag[0]->com.betrybe.agrix.model.entity.Crop["farm"]->com.betrybe.agrix.model.entity.Farm["crops"]->org.hibernate.collection.spi.PersistentBag[0]->com.betrybe.agrix.model.entity.Crop["farm"]->com.betrybe.agrix.model.entity.Farm["crops"]->org.hibernate.collection.spi.PersistentBag[0]->com.betrybe.agrix.model.entity.Crop["farm"]->com.betrybe.agrix.model.entity.Farm["crops"]->org.hibernate.collection.spi.PersistentBag[0]->com.betrybe.agrix.model.entity.Crop["farm"]->com.betrybe.agrix.model.entity.Farm["crops"]->org.hibernate.collection.spi.PersistentBag[0]->com.betrybe.agrix.model.entity.Crop["farm"]->com.betrybe.agrix.model.entity.Farm["crops"]->org.hibernate.collection.spi.PersistentBag[0]->com.betrybe.agrix.model.entity.Crop["farm"]->com.betrybe.agrix.model.entity.Farm["crops"]->org.hibernate.collection.spi.PersistentBag[0]->com.betrybe.agrix.model.entity.Crop["farm"]->com.betrybe.agrix.model.entity.Farm["crops"]->org.hibernate.collection.spi.PersistentBag[0]->com.betrybe.agrix.model.entity.Crop["farm"]->com.betrybe.agrix.model.entity.Farm["crops"]->org.hibernate.collection.spi.PersistentBag[0]->com.betrybe.agrix.model.entity.Crop["farm"]->com.betrybe.agrix.model.entity.Farm["crops"]->org.hibernate.collection.spi.PersistentBag[0]->com.betrybe.agrix.model.entity.Crop["farm"]->com.betrybe.agrix.model.entity.Farm["crops"]->org.hibernate.collection.spi.PersistentBag[0]->com.betrybe.agrix.model.entity.Crop["farm"]->com.betrybe.agrix.model.entity.Farm["crops"]->org.hibernate.collection.spi.PersistentBag[0]->com.betrybe.agrix.model.entity.Crop["farm"]->com.betrybe.agrix.model.entity.Farm["crops"]->org.hibernate.collection.spi.PersistentBag[0]->com.betrybe.agrix.model.entity.Crop["farm"]->com.betrybe.agrix.model.entity.Farm["crops"]->org.hibernate.collection.spi.PersistentBag[0]->com.betrybe.agrix.model.entity.Crop["farm"]->com.betrybe.agrix.model.entity.Farm["crops"]->org.hibernate.collection.spi.PersistentBag[0]->com.betrybe.agrix.model.entity.Crop["farm"]->com.betrybe.agrix.model.entity.Farm["crops"]->org.hibernate.collection.spi.PersistentBag[0]->com.betrybe.agrix.model.entity.Crop["farm"]->com.betrybe.agrix.model.entity.Farm["crops"]->org.hibernate.collection.spi.PersistentBag[0]->com.betrybe.agrix.model.entity.Crop["farm"]->com.betrybe.agrix.model.entity.Farm["crops"]->org.hibernate.collection.spi.PersistentBag[0]->com.betrybe.agrix.model.entity.Crop["farm"]->com.betrybe.agrix.model.entity.Farm["crops"]->org.hibernate.collection.spi.PersistentBag[0]->com.betrybe.agrix.model.entity.Crop["farm"]->com.betrybe.agrix.model.entity.Farm["crops"]->org.hibernate.collection.spi.PersistentBag[0]->com.betrybe.agrix.model.entity.Crop["farm"]->com.betrybe.agrix.model.entity.Farm["crops"]->org.hibernate.collection.spi.PersistentBag[0]->com.betrybe.agrix.model.entity.Crop["farm"]->com.betrybe.agrix.model.entity.Farm["crops"]->org.hibernate.collection.spi.PersistentBag[0]->com.betrybe.agrix.model.entity.Crop["farm"]->com.betrybe.agrix.model.entity.Farm["crops"]->org.hibernate.collection.spi.PersistentBag[0]->com.betrybe.agrix.model.entity.Crop["farm"]->com.betrybe.agrix.model.entity.Farm["crops"]->org.hibernate.collection.spi.PersistentBag[0]->com.betrybe.agrix.model.entity.Crop["farm"]->com.betrybe.agrix.model.entity.Farm["crops"]->org.hibernate.collection.spi.PersistentBag[0]->com.betrybe.agrix.model.entity.Crop["farm"]->com.betrybe.agrix.model.entity.Farm["crops"]->org.hibernate.collection.spi.PersistentBag[0]->com.betrybe.agrix.model.entity.Crop["farm"]->com.betrybe.agrix.model.entity.Farm["crops"]->org.hibernate.collection.spi.PersistentBag[0]->com.betrybe.agrix.model.entity.Crop["farm"]->com.betrybe.agrix.model.entity.Farm["crops"]->org.hibernate.collection.spi.PersistentBag[0]->com.betrybe.agrix.model.entity.Crop["farm"]->com.betrybe.agrix.model.entity.Farm["crops"]->org.hibernate.collection.spi.PersistentBag[0]->com.betrybe.agrix.model.entity.Crop["farm"]->com.betrybe.agrix.model.entity.Farm["crops"]->org.hibernate.collection.spi.PersistentBag[0]->com.betrybe.agrix.model.entity.Crop["farm"]->com.betrybe.agrix.model.entity.Farm["crops"]->org.hibernate.collection.spi.PersistentBag[0]->com.betrybe.agrix.model.entity.Crop["farm"]->com.betrybe.agrix.model.entity.Farm["crops"]->org.hibernate.collection.spi.PersistentBag[0]->com.betrybe.agrix.model.entity.Crop["farm"]->com.betrybe.agrix.model.entity.Farm["crops"]->org.hibernate.collection.spi.PersistentBag[0]->com.betrybe.agrix.model.entity.Crop["farm"]->com.betrybe.agrix.model.entity.Farm["crops"]->org.hibernate.collection.spi.PersistentBag[0]->com.betrybe.agrix.model.entity.Crop["farm"]->com.betrybe.agrix.model.entity.Farm["crops"]->org.hibernate.collection.spi.PersistentBag[0]->com.betrybe.agrix.model.entity.Crop["farm"]->com.betrybe.agrix.model.entity.Farm["crops"]->org.hibernate.collection.spi.PersistentBag[0]->com.betrybe.agrix.model.entity.Crop["farm"]->com.betrybe.agrix.model.entity.Farm["crops"]->org.hibernate.collection.spi.PersistentBag[0]->com.betrybe.agrix.model.entity.Crop["farm"]->com.betrybe.agrix.model.entity.Farm["crops"]->org.hibernate.collection.spi.PersistentBag[0]->com.betrybe.agrix.model.entity.Crop["farm"]->com.betrybe.agrix.model.entity.Farm["crops"]->org.hibernate.collection.spi.PersistentBag[0]->com.betrybe.agrix.model.entity.Crop["farm"]->com.betrybe.agrix.model.entity.Farm["crops"]->org.hibernate.collection.spi.PersistentBag[0]->com.betrybe.agrix.model.entity.Crop["farm"]->com.betrybe.agrix.model.entity.Farm["crops"]->org.hibernate.collection.spi.PersistentBag[0]->com.betrybe.agrix.model.entity.Crop["farm"]->com.betrybe.agrix.model.entity.Farm["crops"]->org.hibernate.collection.spi.PersistentBag[0]->com.betrybe.agrix.model.entity.Crop["farm"]->com.betrybe.agrix.model.entity.Farm["crops"]->org.hibernate.collection.spi.PersistentBag[0]->com.betrybe.agrix.model.entity.Crop["farm"]->com.betrybe.agrix.model.entity.Farm["crops"]->org.hibernate.collection.spi.PersistentBag[0]->com.betrybe.agrix.model.entity.Crop["farm"]->com.betrybe.agrix.model.entity.Farm["crops"]->org.hibernate.collection.spi.PersistentBag[0]->com.betrybe.agrix.model.entity.Crop["farm"]->com.betrybe.agrix.model.entity.Farm["crops"]->org.hibernate.collection.spi.PersistentBag[0]->com.betrybe.agrix.model.entity.Crop["farm"]->com.betrybe.agrix.model.entity.Farm["crops"]->org.hibernate.collection.spi.PersistentBag[0]->com.betrybe.agrix.model.entity.Crop["farm"]->com.betrybe.agrix.model.entity.Farm["crops"]->org.hibernate.collection.spi.PersistentBag[0]->com.betrybe.agrix.model.entity.Crop["farm"]->com.betrybe.agrix.model.entity.Farm["crops"]->org.hibernate.collection.spi.PersistentBag[0]->com.betrybe.agrix.model.entity.Crop["farm"]->com.betrybe.agrix.model.entity.Farm["crops"]->org.hibernate.collection.spi.PersistentBag[0]->com.betrybe.agrix.model.entity.Crop["farm"]->com.betrybe.agrix.model.entity.Farm["crops"]->org.hibernate.collection.spi.PersistentBag[0]->com.betrybe.agrix.model.entity.Crop["farm"]->com.betrybe.agrix.model.entity.Farm["crops"]->org.hibernate.collection.spi.PersistentBag[0]->com.betrybe.agrix.model.entity.Crop["farm"]->com.betrybe.agrix.model.entity.Farm["crops"]->org.hibernate.collection.spi.PersistentBag[0]->com.betrybe.agrix.model.entity.Crop["farm"]->com.betrybe.agrix.model.entity.Farm["crops"]->org.hibernate.collection.spi.PersistentBag[0]->com.betrybe.agrix.model.entity.Crop["farm"]->com.betrybe.agrix.model.entity.Farm["crops"]->org.hibernate.collection.spi.PersistentBag[0]->com.betrybe.agrix.model.entity.Crop["farm"]->com.betrybe.agrix.model.entity.Farm["crops"]->org.hibernate.collection.spi.PersistentBag[0]->com.betrybe.agrix.model.entity.Crop["farm"]->com.betrybe.agrix.model.entity.Farm["crops"]->org.hibernate.collection.spi.PersistentBag[0]->com.betrybe.agrix.model.entity.Crop["farm"]->com.betrybe.agrix.model.entity.Farm["crops"]->org.hibernate.collection.spi.PersistentBag[0]->com.betrybe.agrix.model.entity.Crop["farm"]->com.betrybe.agrix.model.entity.Farm["crops"]->org.hibernate.collection.spi.PersistentBag[0]->com.betrybe.agrix.model.entity.Crop["farm"]->com.betrybe.agrix.model.entity.Farm["crops"]->org.hibernate.collection.spi.PersistentBag[0]->com.betrybe.agrix.model.entity.Crop["farm"]->com.betrybe.agrix.model.entity.Farm["crops"]->org.hibernate.collection.spi.PersistentBag[0]->com.betrybe.agrix.model.entity.Crop["farm"]->com.betrybe.agrix.model.entity.Farm["crops"]->org.hibernate.collection.spi.PersistentBag[0]->com.betrybe.agrix.model.entity.Crop["farm"]->com.betrybe.agrix.model.entity.Farm["crops"]->org.hibernate.collection.spi.PersistentBag[0]->com.betrybe.agrix.model.entity.Crop["farm"]->com.betrybe.agrix.model.entity.Farm["crops"]->org.hibernate.collection.spi.PersistentBag[0]->com.betrybe.agrix.model.entity.Crop["farm"]->com.betrybe.agrix.model.entity.Farm["crops"]->org.hibernate.collection.spi.PersistentBag[0]->com.betrybe.agrix.model.entity.Crop["farm"]->com.betrybe.agrix.model.entity.Farm["crops"]->org.hibernate.collection.spi.PersistentBag[0]->com.betrybe.agrix.model.entity.Crop["farm"]->com.betrybe.agrix.model.entity.Farm["crops"]->org.hibernate.collection.spi.PersistentBag[0]->com.betrybe.agrix.model.entity.Crop["farm"]->com.betrybe.agrix.model.entity.Farm["crops"]->org.hibernate.collection.spi.PersistentBag[0]->com.betrybe.agrix.model.entity.Crop["farm"]->com.betrybe.agrix.model.entity.Farm["crops"]->org.hibernate.collection.spi.PersistentBag[0]->com.betrybe.agrix.model.entity.Crop["farm"]->com.betrybe.agrix.model.entity.Farm["crops"]->org.hibernate.collection.spi.PersistentBag[0]->com.betrybe.agrix.model.entity.Crop["farm"]->com.betrybe.agrix.model.entity.Farm["crops"]->org.hibernate.collection.spi.PersistentBag[0]->com.betrybe.agrix.model.entity.Crop["farm"]->com.betrybe.agrix.model.entity.Farm["crops"]->org.hibernate.collection.spi.PersistentBag[0]->com.betrybe.agrix.model.entity.Crop["farm"]->com.betrybe.agrix.model.entity.Farm["crops"]->org.hibernate.collection.spi.PersistentBag[0]->com.betrybe.agrix.model.entity.Crop["farm"]->com.betrybe.agrix.model.entity.Farm["crops"]->org.hibernate.collection.spi.PersistentBag[0]->com.betrybe.agrix.model.entity.Crop["farm"]->com.betrybe.agrix.model.entity.Farm["crops"]->org.hibernate.collection.spi.PersistentBag[0]->com.betrybe.agrix.model.entity.Crop["farm"]->com.betrybe.agrix.model.entity.Farm["crops"]->org.hibernate.collection.spi.PersistentBag[0]->com.betrybe.agrix.model.entity.Crop["farm"]->com.betrybe.agrix.model.entity.Farm["crops"]->org.hibernate.collection.spi.PersistentBag[0]->com.betrybe.agrix.model.entity.Crop["farm"]->com.betrybe.agrix.model.entity.Farm["crops"]->org.hibernate.collection.spi.PersistentBag[0]->com.betrybe.agrix.model.entity.Crop["farm"]->com.betrybe.agrix.model.entity.Farm["crops"]->org.hibernate.collection.spi.PersistentBag[0]->com.betrybe.agrix.model.entity.Crop["farm"]->com.betrybe.agrix.model.entity.Farm["crops"]->org.hibernate.collection.spi.PersistentBag[0]->com.betrybe.agrix.model.entity.Crop["farm"]->com.betrybe.agrix.model.entity.Farm["crops"]->org.hibernate.collection.spi.PersistentBag[0]->com.betrybe.agrix.model.entity.Crop["farm"]->com.betrybe.agrix.model.entity.Farm["crops"]->org.hibernate.collection.spi.PersistentBag[0]->com.betrybe.agrix.model.entity.Crop["farm"]->com.betrybe.agrix.model.entity.Farm["crops"]->org.hibernate.collection.spi.PersistentBag[0]->com.betrybe.agrix.model.entity.Crop["farm"]->com.betrybe.agrix.model.entity.Farm["crops"]->org.hibernate.collection.spi.PersistentBag[0]->com.betrybe.agrix.model.entity.Crop["farm"]->com.betrybe.agrix.model.entity.Farm["crops"]->org.hibernate.collection.spi.PersistentBag[0]->com.betrybe.agrix.model.entity.Crop["farm"]->com.betrybe.agrix.model.entity.Farm["crops"]->org.hibernate.collection.spi.PersistentBag[0]->com.betrybe.agrix.model.entity.Crop["farm"]->com.betrybe.agrix.model.entity.Farm["crops"]->org.hibernate.collection.spi.PersistentBag[0]->com.betrybe.agrix.model.entity.Crop["farm"]->com.betrybe.agrix.model.entity.Farm["crops"]->org.hibernate.collection.spi.PersistentBag[0]->com.betrybe.agrix.model.entity.Crop["farm"]->com.betrybe.agrix.model.entity.Farm["crops"]->org.hibernate.collection.spi.PersistentBag[0]->com.betrybe.agrix.model.entity.Crop["farm"]->com.betrybe.agrix.model.entity.Farm["crops"]->org.hibernate.collection.spi.PersistentBag[0]->com.betrybe.agrix.model.entity.Crop["farm"]->com.betrybe.agrix.model.entity.Farm["crops"]->org.hibernate.collection.spi.PersistentBag[0]->com.betrybe.agrix.model.entity.Crop["farm"]->com.betrybe.agrix.model.entity.Farm["crops"]->org.hibernate.collection.spi.PersistentBag[0]->com.betrybe.agrix.model.entity.Crop["farm"]->com.betrybe.agrix.model.entity.Farm["crops"]->org.hibernate.collection.spi.PersistentBag[0]->com.betrybe.agrix.model.entity.Crop["farm"]->com.betrybe.agrix.model.entity.Farm["crops"]->org.hibernate.collection.spi.PersistentBag[0]->com.betrybe.agrix.model.entity.Crop["farm"]->com.betrybe.agrix.model.entity.Farm["crops"]->org.hibernate.collection.spi.PersistentBag[0]->com.betrybe.agrix.model.entity.Crop["farm"]->com.betrybe.agrix.model.entity.Farm["crops"]->org.hibernate.collection.spi.PersistentBag[0]->com.betrybe.agrix.model.entity.Crop["farm"]->com.betrybe.agrix.model.entity.Farm["crops"]->org.hibernate.collection.spi.PersistentBag[0]->com.betrybe.agrix.model.entity.Crop["farm"]->com.betrybe.agrix.model.entity.Farm["crops"]->org.hibernate.collection.spi.PersistentBag[0]->com.betrybe.agrix.model.entity.Crop["farm"]->com.betrybe.agrix.model.entity.Farm["crops"]->org.hibernate.collection.spi.PersistentBag[0]->com.betrybe.agrix.model.entity.Crop["farm"]->com.betrybe.agrix.model.entity.Farm["crops"]->org.hibernate.collection.spi.PersistentBag[0]->com.betrybe.agrix.model.entity.Crop["farm"]->com.betrybe.agrix.model.entity.Farm["crops"]->org.hibernate.collection.spi.PersistentBag[0]->com.betrybe.agrix.model.entity.Crop["farm"]->com.betrybe.agrix.model.entity.Farm["crops"]->org.hibernate.collection.spi.PersistentBag[0]->com.betrybe.agrix.model.entity.Crop["farm"]->com.betrybe.agrix.model.entity.Farm["crops"]->org.hibernate.collection.spi.PersistentBag[0]->com.betrybe.agrix.model.entity.Crop["farm"]->com.betrybe.agrix.model.entity.Farm["crops"]->org.hibernate.collection.spi.PersistentBag[0]->com.betrybe.agrix.model.entity.Crop["farm"]->com.betrybe.agrix.model.entity.Farm["crops"]->org.hibernate.collection.spi.PersistentBag[0]->com.betrybe.agrix.model.entity.Crop["farm"]->com.betrybe.agrix.model.entity.Farm["crops"]->org.hibernate.collection.spi.PersistentBag[0]->com.betrybe.agrix.model.entity.Crop["farm"]->com.betrybe.agrix.model.entity.Farm["crops"]->org.hibernate.collection.spi.PersistentBag[0]->com.betrybe.agrix.model.entity.Crop["farm"]->com.betrybe.agrix.model.entity.Farm["crops"]->org.hibernate.collection.spi.PersistentBag[0]->com.betrybe.agrix.model.entity.Crop["farm"]->com.betrybe.agrix.model.entity.Farm["crops"]->org.hibernate.collection.spi.PersistentBag[0]->com.betrybe.agrix.model.entity.Crop["farm"]->com.betrybe.agrix.model.entity.Farm["crops"]->org.hibernate.collection.spi.PersistentBag[0]->com.betrybe.agrix.model.entity.Crop["farm"]->com.betrybe.agrix.model.entity.Farm["crops"]->org.hibernate.collection.spi.PersistentBag[0]->com.betrybe.agrix.model.entity.Crop["farm"]->com.betrybe.agrix.model.entity.Farm["crops"]->org.hibernate.collection.spi.PersistentBag[0]->com.betrybe.agrix.model.entity.Crop["farm"]->com.betrybe.agrix.model.entity.Farm["crops"]->org.hibernate.collection.spi.PersistentBag[0]->com.betrybe.agrix.model.entity.Crop["farm"]->com.betrybe.agrix.model.entity.Farm["crops"]->org.hibernate.collection.spi.PersistentBag[0]->com.betrybe.agrix.model.entity.Crop["farm"]->com.betrybe.agrix.model.entity.Farm["crops"]->org.hibernate.collection.spi.PersistentBag[0]->com.betrybe.agrix.model.entity.Crop["farm"]->com.betrybe.agrix.model.entity.Farm["crops"]->org.hibernate.collection.spi.PersistentBag[0]->com.betrybe.agrix.model.entity.Crop["farm"]->com.betrybe.agrix.model.entity.Farm["crops"]->org.hibernate.collection.spi.PersistentBag[0]->com.betrybe.agrix.model.entity.Crop["farm"]->com.betrybe.agrix.model.entity.Farm["crops"]->org.hibernate.collection.spi.PersistentBag[0]->com.betrybe.agrix.model.entity.Crop["farm"]->com.betrybe.agrix.model.entity.Farm["crops"]->org.hibernate.collection.spi.PersistentBag[0]->com.betrybe.agrix.model.entity.Crop["farm"]->com.betrybe.agrix.model.entity.Farm["crops"]->org.hibernate.collection.spi.PersistentBag[0]->com.betrybe.agrix.model.entity.Crop["farm"]->com.betrybe.agrix.model.entity.Farm["crops"]->org.hibernate.collection.spi.PersistentBag[0]->com.betrybe.agrix.model.entity.Crop["farm"]->com.betrybe.agrix.model.entity.Farm["crops"]->org.hibernate.collection.spi.PersistentBag[0]->com.betrybe.agrix.model.entity.Crop["farm"]->com.betrybe.agrix.model.entity.Farm["crops"]->org.hibernate.collection.spi.PersistentBag[0]->com.betrybe.agrix.model.entity.Crop["farm"]->com.betrybe.agrix.model.entity.Farm["crops"]->org.hibernate.collection.spi.PersistentBag[0]->com.betrybe.agrix.model.entity.Crop["farm"]->com.betrybe.agrix.model.entity.Farm["crops"]->org.hibernate.collection.spi.PersistentBag[0]->com.betrybe.agrix.model.entity.Crop["farm"]->com.betrybe.agrix.model.entity.Farm["crops"]->org.hibernate.collection.spi.PersistentBag[0]->com.betrybe.agrix.model.entity.Crop["farm"]->com.betrybe.agrix.model.entity.Farm["crops"]->org.hibernate.collection.spi.PersistentBag[0]->com.betrybe.agrix.model.entity.Crop["farm"]->com.betrybe.agrix.model.entity.Farm["crops"]->org.hibernate.collection.spi.PersistentBag[0]->com.betrybe.agrix.model.entity.Crop["farm"]->com.betrybe.agrix.model.entity.Farm["crops"]->org.hibernate.collection.spi.PersistentBag[0]->com.betrybe.agrix.model.entity.Crop["farm"]->com.betrybe.agrix.model.entity.Farm["crops"]->org.hibernate.collection.spi.PersistentBag[0]->com.betrybe.agrix.model.entity.Crop["farm"]->com.betrybe.agrix.model.entity.Farm["crops"]->org.hibernate.collection.spi.PersistentBag[0]->com.betrybe.agrix.model.entity.Crop["farm"]->com.betrybe.agrix.model.entity.Farm["crops"]->org.hibernate.collection.spi.PersistentBag[0]->com.betrybe.agrix.model.entity.Crop["farm"]->com.betrybe.agrix.model.entity.Farm["crops"]->org.hibernate.collection.spi.PersistentBag[0]->com.betrybe.agrix.model.entity.Crop["farm"]->com.betrybe.agrix.model.entity.Farm["crops"]->org.hibernate.collection.spi.PersistentBag[0]->com.betrybe.agrix.model.entity.Crop["farm"]->com.betrybe.agrix.model.entity.Farm["crops"]->org.hibernate.collection.spi.PersistentBag[0]->com.betrybe.agrix.model.entity.Crop["farm"]->com.betrybe.agrix.model.entity.Farm["crops"]->org.hibernate.collection.spi.PersistentBag[0]->com.betrybe.agrix.model.entity.Crop["farm"]->com.betrybe.agrix.model.entity.Farm["crops"]->org.hibernate.collection.spi.PersistentBag[0]->com.betrybe.agrix.model.entity.Crop["farm"]->com.betrybe.agrix.model.entity.Farm["crops"]->org.hibernate.collection.spi.PersistentBag[0]->com.betrybe.agrix.model.entity.Crop["farm"]->com.betrybe.agrix.model.entity.Farm["crops"]->org.hibernate.collection.spi.PersistentBag[0]->com.betrybe.agrix.model.entity.Crop["farm"]->com.betrybe.agrix.model.entity.Farm["crops"]->org.hibernate.collection.spi.PersistentBag[0]->com.betrybe.agrix.model.entity.Crop["farm"]->com.betrybe.agrix.model.entity.Farm["crops"]->org.hibernate.collection.spi.PersistentBag[0]->com.betrybe.agrix.model.entity.Crop["farm"]->com.betrybe.agrix.model.entity.Farm["crops"]->org.hibernate.collection.spi.PersistentBag[0]->com.betrybe.agrix.model.entity.Crop["farm"]->com.betrybe.agrix.model.entity.Farm["crops"]->org.hibernate.collection.spi.PersistentBag[0]->com.betrybe.agrix.model.entity.Crop["farm"]->com.betrybe.agrix.model.entity.Farm["crops"]->org.hibernate.collection.spi.PersistentBag[0]->com.betrybe.agrix.model.entity.Crop["farm"]->com.betrybe.agrix.model.entity.Farm["crops"]->org.hibernate.collection.spi.PersistentBag[0]->com.betrybe.agrix.model.entity.Crop["farm"]->com.betrybe.agrix.model.entity.Farm["crops"]->org.hibernate.collection.spi.PersistentBag[0]->com.betrybe.agrix.model.entity.Crop["farm"]->com.betrybe.agrix.model.entity.Farm["crops"]->org.hibernate.collection.spi.PersistentBag[0]->com.betrybe.agrix.model.entity.Crop["farm"]->com.betrybe.agrix.model.entity.Farm["crops"]->org.hibernate.collection.spi.PersistentBag[0]->com.betrybe.agrix.model.entity.Crop["farm"]->com.betrybe.agrix.model.entity.Farm["crops"]->org.hibernate.collection.spi.PersistentBag[0]->com.betrybe.agrix.model.entity.Crop["farm"]->com.betrybe.agrix.model.entity.Farm["crops"]->org.hibernate.collection.spi.PersistentBag[0]->com.betrybe.agrix.model.entity.Crop["farm"]->com.betrybe.agrix.model.entity.Farm["crops"]->org.hibernate.collection.spi.PersistentBag[0]->com.betrybe.agrix.model.entity.Crop["farm"]->com.betrybe.agrix.model.entity.Farm["crops"]->org.hibernate.collection.spi.PersistentBag[0]->com.betrybe.agrix.model.entity.Crop["farm"]->com.betrybe.agrix.model.entity.Farm["crops"]->org.hibernate.collection.spi.PersistentBag[0]->com.betrybe.agrix.model.entity.Crop["farm"]->com.betrybe.agrix.model.entity.Farm["crops"]->org.hibernate.collection.spi.PersistentBag[0]->com.betrybe.agrix.model.entity.Crop["farm"]->com.betrybe.agrix.model.entity.Farm["crops"]->org.hibernate.collection.spi.PersistentBag[0]->com.betrybe.agrix.model.entity.Crop["farm"]->com.betrybe.agrix.model.entity.Farm["crops"]->org.hibernate.collection.spi.PersistentBag[0]->com.betrybe.agrix.model.entity.Crop["farm"]->com.betrybe.agrix.model.entity.Farm["crops"]->org.hibernate.collection.spi.PersistentBag[0]->com.betrybe.agrix.model.entity.Crop["farm"]->com.betrybe.agrix.model.entity.Farm["crops"]->org.hibernate.collection.spi.PersistentBag[0]->com.betrybe.agrix.model.entity.Crop["farm"]->com.betrybe.agrix.model.entity.Farm["crops"]->org.hibernate.collection.spi.PersistentBag[0]->com.betrybe.agrix.model.entity.Crop["farm"]->com.betrybe.agrix.model.entity.Farm["crops"]->org.hibernate.collection.spi.PersistentBag[0]->com.betrybe.agrix.model.entity.Crop["farm"]->com.betrybe.agrix.model.entity.Farm["crops"]->org.hibernate.collection.spi.PersistentBag[0]->com.betrybe.agrix.model.entity.Crop["farm"]->com.betrybe.agrix.model.entity.Farm["crops"]->org.hibernate.collection.spi.PersistentBag[0]->com.betrybe.agrix.model.entity.Crop["farm"]->com.betrybe.agrix.model.entity.Farm["crops"]->org.hibernate.collection.spi.PersistentBag[0]->com.betrybe.agrix.model.entity.Crop["farm"]->com.betrybe.agrix.model.entity.Farm["crops"]->org.hibernate.collection.spi.PersistentBag[0]->com.betrybe.agrix.model.entity.Crop["farm"]->com.betrybe.agrix.model.entity.Farm["crops"]->org.hibernate.collection.spi.PersistentBag[0]->com.betrybe.agrix.model.entity.Crop["farm"]->com.betrybe.agrix.model.entity.Farm["crops"]->org.hibernate.collection.spi.PersistentBag[0]->com.betrybe.agrix.model.entity.Crop["farm"]->com.betrybe.agrix.model.entity.Farm["crops"]->org.hibernate.collection.spi.PersistentBag[0]->com.betrybe.agrix.model.entity.Crop["farm"]->com.betrybe.agrix.model.entity.Farm["crops"]->org.hibernate.collection.spi.PersistentBag[0]->com.betrybe.agrix.model.entity.Crop["farm"]->com.betrybe.agrix.model.entity.Farm["crops"]->org.hibernate.collection.spi.PersistentBag[0]->com.betrybe.agrix.model.entity.Crop["farm"]->com.betrybe.agrix.model.entity.Farm["crops"]->org.hibernate.collection.spi.PersistentBag[0]->com.betrybe.agrix.model.entity.Crop["farm"]->com.betrybe.agrix.model.entity.Farm["crops"]->org.hibernate.collection.spi.PersistentBag[0]->com.betrybe.agrix.model.entity.Crop["farm"]->com.betrybe.agrix.model.entity.Farm["crops"]->org.hibernate.collection.spi.PersistentBag[0]->com.betrybe.agrix.model.entity.Crop["farm"]->com.betrybe.agrix.model.entity.Farm["crops"]->org.hibernate.collection.spi.PersistentBag[0]->com.betrybe.agrix.model.entity.Crop["farm"]->com.betrybe.agrix.model.entity.Farm["crops"]->org.hibernate.collection.spi.PersistentBag[0]->com.betrybe.agrix.model.entity.Crop["farm"]->com.betrybe.agrix.model.entity.Farm["crops"]->org.hibernate.collection.spi.PersistentBag[0]->com.betrybe.agrix.model.entity.Crop["farm"]->com.betrybe.agrix.model.entity.Farm["crops"]->org.hibernate.collection.spi.PersistentBag[0]->com.betrybe.agrix.model.entity.Crop["farm"]->com.betrybe.agrix.model.entity.Farm["crops"]->org.hibernate.collection.spi.PersistentBag[0]->com.betrybe.agrix.model.entity.Crop["farm"]->com.betrybe.agrix.model.entity.Farm["crops"]->org.hibernate.collection.spi.PersistentBag[0]->com.betrybe.agrix.model.entity.Crop["farm"]->com.betrybe.agrix.model.entity.Farm["crops"]->org.hibernate.collection.spi.PersistentBag[0]->com.betrybe.agrix.model.entity.Crop["farm"]->com.betrybe.agrix.model.entity.Farm["crops"]->org.hibernate.collection.spi.PersistentBag[0]->com.betrybe.agrix.model.entity.Crop["farm"]->com.betrybe.agrix.model.entity.Farm["crops"]->org.hibernate.collection.spi.PersistentBag[0]->com.betrybe.agrix.model.entity.Crop["farm"]->com.betrybe.agrix.model.entity.Farm["crops"]->org.hibernate.collection.spi.PersistentBag[0]->com.betrybe.agrix.model.entity.Crop["farm"]->com.betrybe.agrix.model.entity.Farm["crops"]->org.hibernate.collection.spi.PersistentBag[0]->com.betrybe.agrix.model.entity.Crop["farm"]->com.betrybe.agrix.model.entity.Farm["crops"]->org.hibernate.collection.spi.PersistentBag[0]->com.betrybe.agrix.model.entity.Crop["farm"]->com.betrybe.agrix.model.entity.Farm["crops"]->org.hibernate.collection.spi.PersistentBag[0]->com.betrybe.agrix.model.entity.Crop["farm"]->com.betrybe.agrix.model.entity.Farm["crops"]->org.hibernate.collection.spi.PersistentBag[0]->com.betrybe.agrix.model.entity.Crop["farm"]->com.betrybe.agrix.model.entity.Farm["crops"]->org.hibernate.collection.spi.PersistentBag[0]->com.betrybe.agrix.model.entity.Crop["farm"]->com.betrybe.agrix.model.entity.Farm["crops"]->org.hibernate.collection.spi.PersistentBag[0]->com.betrybe.agrix.model.entity.Crop["farm"]->com.betrybe.agrix.model.entity.Farm["crops"]->org.hibernate.collection.spi.PersistentBag[0]->com.betrybe.agrix.model.entity.Crop["farm"]->com.betrybe.agrix.model.entity.Farm["crops"]->org.hibernate.collection.spi.PersistentBag[0]->com.betrybe.agrix.model.entity.Crop["farm"]->com.betrybe.agrix.model.entity.Farm["crops"]->org.hibernate.collection.spi.PersistentBag[0]->com.betrybe.agrix.model.entity.Crop["farm"]->com.betrybe.agrix.model.entity.Farm["crops"]->org.hibernate.collection.spi.PersistentBag[0]->com.betrybe.agrix.model.entity.Crop["farm"]->com.betrybe.agrix.model.entity.Farm["crops"]->org.hibernate.collection.spi.PersistentBag[0]->com.betrybe.agrix.model.entity.Crop["farm"]->com.betrybe.agrix.model.entity.Farm["crops"]->org.hibernate.collection.spi.PersistentBag[0]->com.betrybe.agrix.model.entity.Crop["farm"]->com.betrybe.agrix.model.entity.Farm["crops"]->org.hibernate.collection.spi.PersistentBag[0]->com.betrybe.agrix.model.entity.Crop["farm"]->com.betrybe.agrix.model.entity.Farm["crops"]->org.hibernate.collection.spi.PersistentBag[0]->com.betrybe.agrix.model.entity.Crop["farm"]->com.betrybe.agrix.model.entity.Farm["crops"]->org.hibernate.collection.spi.PersistentBag[0]->com.betrybe.agrix.model.entity.Crop["farm"]->com.betrybe.agrix.model.entity.Farm["crops"]->org.hibernate.collection.spi.PersistentBag[0]->com.betrybe.agrix.model.entity.Crop["farm"]->com.betrybe.agrix.model.entity.Farm["crops"]->org.hibernate.collection.spi.PersistentBag[0]->com.betrybe.agrix.model.entity.Crop["farm"]->com.betrybe.agrix.model.entity.Farm["crops"]->org.hibernate.collection.spi.PersistentBag[0]->com.betrybe.agrix.model.entity.Crop["farm"]->com.betrybe.agrix.model.entity.Farm["crops"]->org.hibernate.collection.spi.PersistentBag[0]->com.betrybe.agrix.model.entity.Crop["farm"]->com.betrybe.agrix.model.entity.Farm["crops"]->org.hibernate.collection.spi.PersistentBag[0]->com.betrybe.agrix.model.entity.Crop["farm"]->com.betrybe.agrix.model.entity.Farm["crops"]->org.hibernate.collection.spi.PersistentBag[0]->com.betrybe.agrix.model.entity.Crop["farm"]->com.betrybe.agrix.model.entity.Farm["crops"]->org.hibernate.collection.spi.PersistentBag[0]->com.betrybe.agrix.model.entity.Crop["farm"]->com.betrybe.agrix.model.entity.Farm["crops"]->org.hibernate.collection.spi.PersistentBag[0]->com.betrybe.agrix.model.entity.Crop["farm"]->com.betrybe.agrix.model.entity.Farm["crops"]->org.hibernate.collection.spi.PersistentBag[0]->com.betrybe.agrix.model.entity.Crop["farm"]->com.betrybe.agrix.model.entity.Farm["crops"]->org.hibernate.collection.spi.PersistentBag[0]->com.betrybe.agrix.model.entity.Crop["farm"]->com.betrybe.agrix.model.entity.Farm["crops"]->org.hibernate.collection.spi.PersistentBag[0]->com.betrybe.agrix.model.entity.Crop["farm"]->com.betrybe.agrix.model.entity.Farm["crops"]->org.hibernate.collection.spi.PersistentBag[0]->com.betrybe.agrix.model.entity.Crop["farm"]->com.betrybe.agrix.model.entity.Farm["crops"]->org.hibernate.collection.spi.PersistentBag[0]->com.betrybe.agrix.model.entity.Crop["farm"]->com.betrybe.agrix.model.entity.Farm["crops"]->org.hibernate.collection.spi.PersistentBag[0]->com.betrybe.agrix.model.entity.Crop["farm"]->com.betrybe.agrix.model.entity.Farm["crops"]->org.hibernate.collection.spi.PersistentBag[0]->com.betrybe.agrix.model.entity.Crop["farm"]->com.betrybe.agrix.model.entity.Farm["crops"]->org.hibernate.collection.spi.PersistentBag[0]->com.betrybe.agrix.model.entity.Crop["farm"]->com.betrybe.agrix.model.entity.Farm["crops"]->org.hibernate.collection.spi.PersistentBag[0]->com.betrybe.agrix.model.entity.Crop["farm"]->com.betrybe.agrix.model.entity.Farm["crops"]->org.hibernate.collection.spi.PersistentBag[0]->com.betrybe.agrix.model.entity.Crop["farm"]->com.betrybe.agrix.model.entity.Farm["crops"]->org.hibernate.collection.spi.PersistentBag[0]->com.betrybe.agrix.model.entity.Crop["farm"]->com.betrybe.agrix.model.entity.Farm["crops"]->org.hibernate.collection.spi.PersistentBag[0]->com.betrybe.agrix.model.entity.Crop["farm"]->com.betrybe.agrix.model.entity.Farm["crops"]->org.hibernate.collection.spi.PersistentBag[0]->com.betrybe.agrix.model.entity.Crop["farm"]->com.betrybe.agrix.model.entity.Farm["crops"]->org.hibernate.collection.spi.PersistentBag[0]->com.betrybe.agrix.model.entity.Crop["farm"]->com.betrybe.agrix.model.entity.Farm["crops"]->org.hibernate.collection.spi.PersistentBag[0]->com.betrybe.agrix.model.entity.Crop["farm"]->com.betrybe.agrix.model.entity.Farm["crops"]->org.hibernate.collection.spi.PersistentBag[0]->com.betrybe.agrix.model.entity.Crop["farm"]->com.betrybe.agrix.model.entity.Farm["crops"]->org.hibernate.collection.spi.PersistentBag[0]->com.betrybe.agrix.model.entity.Crop["farm"]->com.betrybe.agrix.model.entity.Farm["crops"]->org.hibernate.collection.spi.PersistentBag[0]->com.betrybe.agrix.model.entity.Crop["farm"]->com.betrybe.agrix.model.entity.Farm["crops"]->org.hibernate.collection.spi.PersistentBag[0]->com.betrybe.agrix.model.entity.Crop["farm"]->com.betrybe.agrix.model.entity.Farm["crops"]->org.hibernate.collection.spi.PersistentBag[0]->com.betrybe.agrix.model.entity.Crop["farm"]->com.betrybe.agrix.model.entity.Farm["crops"]->org.hibernate.collection.spi.PersistentBag[0]->com.betrybe.agrix.model.entity.Crop["farm"]->com.betrybe.agrix.model.entity.Farm["crops"]->org.hibernate.collection.spi.PersistentBag[0]->com.betrybe.agrix.model.entity.Crop["farm"]->com.betrybe.agrix.model.entity.Farm["crops"]->org.hibernate.collection.spi.PersistentBag[0]->com.betrybe.agrix.model.entity.Crop["farm"]->com.betrybe.agrix.model.entity.Farm["crops"]->org.hibernate.collection.spi.PersistentBag[0]->com.betrybe.agrix.model.entity.Crop["farm"]->com.betrybe.agrix.model.entity.Farm["crops"]->org.hibernate.collection.spi.PersistentBag[0]->com.betrybe.agrix.model.entity.Crop["farm"]->com.betrybe.agrix.model.entity.Farm["crops"]->org.hibernate.collection.spi.PersistentBag[0]->com.betrybe.agrix.model.entity.Crop["farm"]->com.betrybe.agrix.model.entity.Farm["crops"]->org.hibernate.collection.spi.PersistentBag[0]->com.betrybe.agrix.model.entity.Crop["farm"]->com.betrybe.agrix.model.entity.Farm["crops"]->org.hibernate.collection.spi.PersistentBag[0]->com.betrybe.agrix.model.entity.Crop["farm"]->com.betrybe.agrix.model.entity.Farm["crops"]->org.hibernate.collection.spi.PersistentBag[0]->com.betrybe.agrix.model.entity.Crop["farm"]->com.betrybe.agrix.model.entity.Farm["crops"]->org.hibernate.collection.spi.PersistentBag[0]->com.betrybe.agrix.model.entity.Crop["farm"]->com.betrybe.agrix.model.entity.Farm["crops"]->org.hibernate.collection.spi.PersistentBag[0]->com.betrybe.agrix.model.entity.Crop["farm"]->com.betrybe.agrix.model.entity.Farm["crops"]->org.hibernate.collection.spi.PersistentBag[0]->com.betrybe.agrix.model.entity.Crop["farm"]->com.betrybe.agrix.model.entity.Farm["crops"]->org.hibernate.collection.spi.PersistentBag[0]->com.betrybe.agrix.model.entity.Crop["farm"]->com.betrybe.agrix.model.entity.Farm["crops"]->org.hibernate.collection.spi.PersistentBag[0]->com.betrybe.agrix.model.entity.Crop["farm"]->com.betrybe.agrix.model.entity.Farm["crops"]->org.hibernate.collection.spi.PersistentBag[0]->com.betrybe.agrix.model.entity.Crop["farm"]->com.betrybe.agrix.model.entity.Farm["crops"]->org.hibernate.collection.spi.PersistentBag[0]->com.betrybe.agrix.model.entity.Crop["farm"]->com.betrybe.agrix.model.entity.Farm["crops"]->org.hibernate.collection.spi.PersistentBag[0]->com.betrybe.agrix.model.entity.Crop["farm"]->com.betrybe.agrix.model.entity.Farm["crops"]->org.hibernate.collection.spi.PersistentBag[0]->com.betrybe.agrix.model.entity.Crop["farm"]->com.betrybe.agrix.model.entity.Farm["crops"]->org.hibernate.collection.spi.PersistentBag[0]->com.betrybe.agrix.model.entity.Crop["farm"]->com.betrybe.agrix.model.entity.Farm["crops"]->org.hibernate.collection.spi.PersistentBag[0]->com.betrybe.agrix.model.entity.Crop["farm"]->com.betrybe.agrix.model.entity.Farm["crops"]->org.hibernate.collection.spi.PersistentBag[0]->com.betrybe.agrix.model.entity.Crop["farm"]->com.betrybe.agrix.model.entity.Farm["crops"]->org.hibernate.collection.spi.PersistentBag[0]->com.betrybe.agrix.model.entity.Crop["farm"]->com.betrybe.agrix.model.entity.Farm["crops"]->org.hibernate.collection.spi.PersistentBag[0]->com.betrybe.agrix.model.entity.Crop["farm"]->com.betrybe.agrix.model.entity.Farm["crops"]->org.hibernate.collection.spi.PersistentBag[0]->com.betrybe.agrix.model.entity.Crop["farm"]->com.betrybe.agrix.model.entity.Farm["crops"]->org.hibernate.collection.spi.PersistentBag[0]->com.betrybe.agrix.model.entity.Crop["farm"]->com.betrybe.agrix.model.entity.Farm["crops"]->org.hibernate.collection.spi.PersistentBag[0]->com.betrybe.agrix.model.entity.Crop["farm"]->com.betrybe.agrix.model.entity.Farm["crops"]->org.hibernate.collection.spi.PersistentBag[0]->com.betrybe.agrix.model.entity.Crop["farm"]->com.betrybe.agrix.model.entity.Farm["crops"]->org.hibernate.collection.spi.PersistentBag[0]->com.betrybe.agrix.model.entity.Crop["farm"]->com.betrybe.agrix.model.entity.Farm["crops"]->org.hibernate.collection.spi.PersistentBag[0]->com.betrybe.agrix.model.entity.Crop["farm"]->com.betrybe.agrix.model.entity.Farm["crops"]->org.hibernate.collection.spi.PersistentBag[0]->com.betrybe.agrix.model.entity.Crop["farm"]->com.betrybe.agrix.model.entity.Farm["crops"]->org.hibernate.collection.spi.PersistentBag[0]->com.betrybe.agrix.model.entity.Crop["farm"]->com.betrybe.agrix.model.entity.Farm["crops"]->org.hibernate.collection.spi.PersistentBag[0]->com.betrybe.agrix.model.entity.Crop["farm"]->com.betrybe.agrix.model.entity.Farm["crops"]->org.hibernate.collection.spi.PersistentBag[0]->com.betrybe.agrix.model.entity.Crop["farm"]->com.betrybe.agrix.model.entity.Farm["crops"]->org.hibernate.collection.spi.PersistentBag[0]->com.betrybe.agrix.model.entity.Crop["farm"]->com.betrybe.agrix.model.entity.Farm["crops"]->org.hibernate.collection.spi.PersistentBag[0]->com.betrybe.agrix.model.entity.Crop["farm"]->com.betrybe.agrix.model.entity.Farm["crops"]->org.hibernate.collection.spi.PersistentBag[0]->com.betrybe.agrix.model.entity.Crop["farm"]->com.betrybe.agrix.model.entity.Farm["crops"]->org.hibernate.collection.spi.PersistentBag[0]->com.betrybe.agrix.model.entity.Crop["farm"]->com.betrybe.agrix.model.entity.Farm["crops"]->org.hibernate.collection.spi.PersistentBag[0]->com.betrybe.agrix.model.entity.Crop["farm"]->com.betrybe.agrix.model.entity.Farm["crops"]->org.hibernate.collection.spi.PersistentBag[0]->com.betrybe.agrix.model.entity.Crop["farm"]->com.betrybe.agrix.model.entity.Farm["crops"]->org.hibernate.collection.spi.PersistentBag[0]->com.betrybe.agrix.model.entity.Crop["farm"]->com.betrybe.agrix.model.entity.Farm["crops"]->org.hibernate.collection.spi.PersistentBag[0]->com.betrybe.agrix.model.entity.Crop["farm"]->com.betrybe.agrix.model.entity.Farm["crops"]->org.hibernate.collection.spi.PersistentBag[0]->com.betrybe.agrix.model.entity.Crop["farm"]->com.betrybe.agrix.model.entity.Farm["crops"]->org.hibernate.collection.spi.PersistentBag[0]->com.betrybe.agrix.model.entity.Crop["farm"]->com.betrybe.agrix.model.entity.Farm["crops"]->org.hibernate.collection.spi.PersistentBag[0]->com.betrybe.agrix.model.entity.Crop["farm"]->com.betrybe.agrix.model.entity.Farm["crops"]->org.hibernate.collection.spi.PersistentBag[0]->com.betrybe.agrix.model.entity.Crop["farm"]->com.betrybe.agrix.model.entity.Farm["crops"]->org.hibernate.collection.spi.PersistentBag[0]->com.betrybe.agrix.model.entity.Crop["farm"]->com.betrybe.agrix.model.entity.Farm["crops"]->org.hibernate.collection.spi.PersistentBag[0]->com.betrybe.agrix.model.entity.Crop["farm"]->com.betrybe.agrix.model.entity.Farm["crops"]->org.hibernate.collection.spi.PersistentBag[0]->com.betrybe.agrix.model.entity.Crop["farm"]->com.betrybe.agrix.model.entity.Farm["crops"]->org.hibernate.collection.spi.PersistentBag[0]->com.betrybe.agrix.model.entity.Crop["farm"]->com.betrybe.agrix.model.entity.Farm["crops"]->org.hibernate.collection.spi.PersistentBag[0]->com.betrybe.agrix.model.entity.Crop["farm"]->com.betrybe.agrix.model.entity.Farm["crops"]->org.hibernate.collection.spi.PersistentBag[0]->com.betrybe.agrix.model.entity.Crop["farm"]->com.betrybe.agrix.model.entity.Farm["crops"]->org.hibernate.collection.spi.PersistentBag[0]->com.betrybe.agrix.model.entity.Crop["farm"]->com.betrybe.agrix.model.entity.Farm["crops"]->org.hibernate.collection.spi.PersistentBag[0]->com.betrybe.agrix.model.entity.Crop["farm"]->com.betrybe.agrix.model.entity.Farm["crops"]->org.hibernate.collection.spi.PersistentBag[0]->com.betrybe.agrix.model.entity.Crop["farm"]->com.betrybe.agrix.model.entity.Farm["crops"]->org.hibernate.collection.spi.PersistentBag[0]->com.betrybe.agrix.model.entity.Crop["farm"]->com.betrybe.agrix.model.entity.Farm["crops"]->org.hibernate.collection.spi.PersistentBag[0]->com.betrybe.agrix.model.entity.Crop["farm"]->com.betrybe.agrix.model.entity.Farm["crops"]->org.hibernate.collection.spi.PersistentBag[0]->com.betrybe.agrix.model.entity.Crop["farm"]->com.betrybe.agrix.model.entity.Farm["crops"]->org.hibernate.collection.spi.PersistentBag[0]->com.betrybe.agrix.model.entity.Crop["farm"]->com.betrybe.agrix.model.entity.Farm["crops"]->org.hibernate.collection.spi.PersistentBag[0]->com.betrybe.agrix.model.entity.Crop["farm"]->com.betrybe.agrix.model.entity.Farm["crops"]->org.hibernate.collection.spi.PersistentBag[0]->com.betrybe.agrix.model.entity.Crop["farm"]->com.betrybe.agrix.model.entity.Farm["crops"]->org.hibernate.collection.spi.PersistentBag[0]->com.betrybe.agrix.model.entity.Crop["farm"]->com.betrybe.agrix.model.entity.Farm["crops"]->org.hibernate.collection.spi.PersistentBag[0]->com.betrybe.agrix.model.entity.Crop["farm"]->com.betrybe.agrix.model.entity.Farm["crops"]->org.hibernate.collection.spi.PersistentBag[0]->com.betrybe.agrix.model.entity.Crop["farm"]->com.betrybe.agrix.model.entity.Farm["crops"]->org.hibernate.collection.spi.PersistentBag[0]->com.betrybe.agrix.model.entity.Crop["farm"]->com.betrybe.agrix.model.entity.Farm["crops"]->org.hibernate.collection.spi.PersistentBag[0]->com.betrybe.agrix.model.entity.Crop["farm"]->com.betrybe.agrix.model.entity.Farm["crops"]->org.hibernate.collection.spi.PersistentBag[0]->com.betrybe.agrix.model.entity.Crop["farm"]->com.betrybe.agrix.model.entity.Farm["crops"]->org.hibernate.collection.spi.PersistentBag[0]->com.betrybe.agrix.model.entity.Crop["farm"]->com.betrybe.agrix.model.entity.Farm["crops"]->org.hibernate.collection.spi.PersistentBag[0]->com.betrybe.agrix.model.entity.Crop["farm"]->com.betrybe.agrix.model.entity.Farm["crops"]->org.hibernate.collection.spi.PersistentBag[0]->com.betrybe.agrix.model.entity.Crop["farm"]->com.betrybe.agrix.model.entity.Farm["crops"])
Caused by: java.lang.StackOverflowError
]]></error>
    <system-out><![CDATA[21:58:03.684 [main] INFO org.springframework.test.context.support.AnnotationConfigContextLoaderUtils -- Could not detect default configuration classes for test class [com.betrybe.agrix.evaluation.CropManagementTest]: CropManagementTest does not declare any static, non-private, non-final, nested classes annotated with @Configuration.
21:58:03.812 [main] INFO org.springframework.boot.test.context.SpringBootTestContextBootstrapper -- Found @SpringBootConfiguration com.betrybe.agrix.AgrixApplication for test class com.betrybe.agrix.evaluation.CropManagementTest

  .   ____          _            __ _ _
 /\\ / ___'_ __ _ _(_)_ __  __ _ \ \ \ \
( ( )\___ | '_ | '_| | '_ \/ _` | \ \ \ \
 \\/  ___)| |_)| | | | | || (_| |  ) ) ) )
  '  |____| .__|_| |_|_| |_\__, | / / / /
 =========|_|==============|___/=/_/_/_/
 :: Spring Boot ::                (v3.1.1)

2024-03-30T21:58:04.477-03:00  INFO 41612 --- [           main] c.b.agrix.evaluation.CropManagementTest  : Starting CropManagementTest using Java 17.0.10 with PID 41612 (started by joao in /home/joao/Documents/trybe/java/java-001-projeto-final-agrix-fase-a)
2024-03-30T21:58:04.478-03:00  INFO 41612 --- [           main] c.b.agrix.evaluation.CropManagementTest  : The following 1 profile is active: "test"
2024-03-30T21:58:05.080-03:00  INFO 41612 --- [           main] .s.d.r.c.RepositoryConfigurationDelegate : Bootstrapping Spring Data JPA repositories in DEFAULT mode.
2024-03-30T21:58:05.140-03:00  INFO 41612 --- [           main] .s.d.r.c.RepositoryConfigurationDelegate : Finished Spring Data repository scanning in 51 ms. Found 2 JPA repository interfaces.
2024-03-30T21:58:05.581-03:00  INFO 41612 --- [           main] o.hibernate.jpa.internal.util.LogHelper  : HHH000204: Processing PersistenceUnitInfo [name: default]
2024-03-30T21:58:05.645-03:00  INFO 41612 --- [           main] org.hibernate.Version                    : HHH000412: Hibernate ORM core version 6.2.5.Final
2024-03-30T21:58:05.647-03:00  INFO 41612 --- [           main] org.hibernate.cfg.Environment            : HHH000406: Using bytecode reflection optimizer
2024-03-30T21:58:05.800-03:00  INFO 41612 --- [           main] o.h.b.i.BytecodeProviderInitiator        : HHH000021: Bytecode provider name : bytebuddy
2024-03-30T21:58:05.922-03:00  INFO 41612 --- [           main] o.s.o.j.p.SpringPersistenceUnitInfo      : No LoadTimeWeaver setup: ignoring JPA class transformer
2024-03-30T21:58:05.941-03:00  INFO 41612 --- [           main] com.zaxxer.hikari.HikariDataSource       : HikariPool-1 - Starting...
2024-03-30T21:58:06.219-03:00  INFO 41612 --- [           main] com.zaxxer.hikari.pool.HikariPool        : HikariPool-1 - Added connection conn0: url=jdbc:h2:mem:testdb user=SA
2024-03-30T21:58:06.220-03:00  INFO 41612 --- [           main] com.zaxxer.hikari.HikariDataSource       : HikariPool-1 - Start completed.
2024-03-30T21:58:06.456-03:00  INFO 41612 --- [           main] o.h.b.i.BytecodeProviderInitiator        : HHH000021: Bytecode provider name : bytebuddy
2024-03-30T21:58:07.136-03:00  INFO 41612 --- [           main] o.h.e.t.j.p.i.JtaPlatformInitiator       : HHH000490: Using JtaPlatform implementation: [org.hibernate.engine.transaction.jta.platform.internal.NoJtaPlatform]
Hibernate: 
    create table crops (
        id bigint generated by default as identity,
        name varchar(255),
        planted_area float(53) not null,
        farm_id bigint,
        primary key (id)
    )
Hibernate: 
    create table farms (
        id bigint generated by default as identity,
        name varchar(255),
        size float(53) not null,
        primary key (id)
    )
Hibernate: 
    alter table if exists crops 
       add constraint FKj7bx68kxk16ga976hjxs9xijb 
       foreign key (farm_id) 
       references farms
2024-03-30T21:58:07.215-03:00  INFO 41612 --- [           main] j.LocalContainerEntityManagerFactoryBean : Initialized JPA EntityManagerFactory for persistence unit 'default'
2024-03-30T21:58:07.532-03:00  WARN 41612 --- [           main] JpaBaseConfiguration$JpaWebConfiguration : spring.jpa.open-in-view is enabled by default. Therefore, database queries may be performed during view rendering. Explicitly configure spring.jpa.open-in-view to disable this warning
2024-03-30T21:58:07.835-03:00  WARN 41612 --- [           main] .s.s.UserDetailsServiceAutoConfiguration : 

Using generated security password: 7a3fab5f-58e8-45c7-ab7d-bbff1dfd91b2

This generated password is for development use only. Your security configuration must be updated before running your application in production.

2024-03-30T21:58:07.945-03:00  INFO 41612 --- [           main] o.s.s.web.DefaultSecurityFilterChain     : Will secure any request with [org.springframework.security.web.session.DisableEncodeUrlFilter@23d8de33, org.springframework.security.web.context.request.async.WebAsyncManagerIntegrationFilter@12710921, org.springframework.security.web.context.SecurityContextHolderFilter@6f4dd65d, org.springframework.security.web.header.HeaderWriterFilter@6da08b63, org.springframework.security.web.csrf.CsrfFilter@18d0c042, org.springframework.security.web.authentication.logout.LogoutFilter@78464205, org.springframework.security.web.authentication.UsernamePasswordAuthenticationFilter@70232b31, org.springframework.security.web.authentication.ui.DefaultLoginPageGeneratingFilter@10312f0a, org.springframework.security.web.authentication.ui.DefaultLogoutPageGeneratingFilter@472ceddd, org.springframework.security.web.authentication.www.BasicAuthenticationFilter@1fc5dba2, org.springframework.security.web.savedrequest.RequestCacheAwareFilter@212cecfa, org.springframework.security.web.servletapi.SecurityContextHolderAwareRequestFilter@686b8d33, org.springframework.security.web.authentication.AnonymousAuthenticationFilter@2edac0f7, org.springframework.security.web.access.ExceptionTranslationFilter@3430415c, org.springframework.security.web.access.intercept.AuthorizationFilter@31c2f1e0]
2024-03-30T21:58:07.994-03:00  INFO 41612 --- [           main] o.s.b.t.m.w.SpringBootMockServletContext : Initializing Spring TestDispatcherServlet ''
2024-03-30T21:58:07.994-03:00  INFO 41612 --- [           main] o.s.t.web.servlet.TestDispatcherServlet  : Initializing Servlet ''
2024-03-30T21:58:07.995-03:00  INFO 41612 --- [           main] o.s.t.web.servlet.TestDispatcherServlet  : Completed initialization in 1 ms
2024-03-30T21:58:08.008-03:00  INFO 41612 --- [           main] c.b.agrix.evaluation.CropManagementTest  : Started CropManagementTest in 3.811 seconds (process running for 5.124)
2024-03-30T21:58:08.376-03:00  INFO 41612 --- [           main] o.s.b.t.m.w.SpringBootMockServletContext : Initializing Spring TestDispatcherServlet ''
2024-03-30T21:58:08.376-03:00  INFO 41612 --- [           main] o.s.t.web.servlet.TestDispatcherServlet  : Initializing Servlet ''
2024-03-30T21:58:08.377-03:00  INFO 41612 --- [           main] o.s.t.web.servlet.TestDispatcherServlet  : Completed initialization in 1 ms
Hibernate: 
    insert 
    into
        farms
        (name,size,id) 
    values
        (?,?,default)
Hibernate: 
    select
        f1_0.id,
        f1_0.name,
        f1_0.size 
    from
        farms f1_0 
    where
        f1_0.id=?
Hibernate: 
    insert 
    into
        crops
        (farm_id,name,planted_area,id) 
    values
        (?,?,?,default)
Hibernate: 
    select
        c1_0.farm_id,
        c1_0.id,
        c1_0.name,
        c1_0.planted_area 
    from
        crops c1_0 
    where
        c1_0.farm_id=?
2024-03-30T21:58:08.610-03:00  WARN 41612 --- [           main] .w.s.m.s.DefaultHandlerExceptionResolver : Failure while trying to resolve exception [org.springframework.http.converter.HttpMessageNotWritableException]

java.lang.IllegalStateException: Cannot set error status - response is already committed
	at org.springframework.util.Assert.state(Assert.java:76) ~[spring-core-6.0.10.jar:6.0.10]
	at org.springframework.mock.web.MockHttpServletResponse.sendError(MockHttpServletResponse.java:586) ~[spring-test-6.0.10.jar:6.0.10]
	at org.springframework.web.servlet.mvc.support.DefaultHandlerExceptionResolver.sendServerError(DefaultHandlerExceptionResolver.java:581) ~[spring-webmvc-6.0.10.jar:6.0.10]
	at org.springframework.web.servlet.mvc.support.DefaultHandlerExceptionResolver.handleHttpMessageNotWritable(DefaultHandlerExceptionResolver.java:548) ~[spring-webmvc-6.0.10.jar:6.0.10]
	at org.springframework.web.servlet.mvc.support.DefaultHandlerExceptionResolver.doResolveException(DefaultHandlerExceptionResolver.java:221) ~[spring-webmvc-6.0.10.jar:6.0.10]
	at org.springframework.web.servlet.handler.AbstractHandlerExceptionResolver.resolveException(AbstractHandlerExceptionResolver.java:141) ~[spring-webmvc-6.0.10.jar:6.0.10]
	at org.springframework.web.servlet.handler.HandlerExceptionResolverComposite.resolveException(HandlerExceptionResolverComposite.java:80) ~[spring-webmvc-6.0.10.jar:6.0.10]
	at org.springframework.web.servlet.DispatcherServlet.processHandlerException(DispatcherServlet.java:1341) ~[spring-webmvc-6.0.10.jar:6.0.10]
	at org.springframework.test.web.servlet.TestDispatcherServlet.processHandlerException(TestDispatcherServlet.java:144) ~[spring-test-6.0.10.jar:6.0.10]
	at org.springframework.web.servlet.DispatcherServlet.processDispatchResult(DispatcherServlet.java:1152) ~[spring-webmvc-6.0.10.jar:6.0.10]
	at org.springframework.web.servlet.DispatcherServlet.doDispatch(DispatcherServlet.java:1098) ~[spring-webmvc-6.0.10.jar:6.0.10]
	at org.springframework.web.servlet.DispatcherServlet.doService(DispatcherServlet.java:974) ~[spring-webmvc-6.0.10.jar:6.0.10]
	at org.springframework.web.servlet.FrameworkServlet.processRequest(FrameworkServlet.java:1011) ~[spring-webmvc-6.0.10.jar:6.0.10]
	at org.springframework.web.servlet.FrameworkServlet.doPost(FrameworkServlet.java:914) ~[spring-webmvc-6.0.10.jar:6.0.10]
	at jakarta.servlet.http.HttpServlet.service(HttpServlet.java:590) ~[tomcat-embed-core-10.1.10.jar:6.0]
	at org.springframework.web.servlet.FrameworkServlet.service(FrameworkServlet.java:885) ~[spring-webmvc-6.0.10.jar:6.0.10]
	at org.springframework.test.web.servlet.TestDispatcherServlet.service(TestDispatcherServlet.java:72) ~[spring-test-6.0.10.jar:6.0.10]
	at jakarta.servlet.http.HttpServlet.service(HttpServlet.java:658) ~[tomcat-embed-core-10.1.10.jar:6.0]
	at org.springframework.mock.web.MockFilterChain$ServletFilterProxy.doFilter(MockFilterChain.java:165) ~[spring-test-6.0.10.jar:6.0.10]
	at org.springframework.mock.web.MockFilterChain.doFilter(MockFilterChain.java:132) ~[spring-test-6.0.10.jar:6.0.10]
	at org.springframework.test.web.servlet.MockMvc.perform(MockMvc.java:201) ~[spring-test-6.0.10.jar:6.0.10]
	at com.betrybe.agrix.evaluation.CropManagementTest.performCropCreation(CropManagementTest.java:257) ~[test-classes/:na]
	at com.betrybe.agrix.evaluation.CropManagementTest.testGetAllCrops(CropManagementTest.java:180) ~[test-classes/:na]
	at java.base/jdk.internal.reflect.NativeMethodAccessorImpl.invoke0(Native Method) ~[na:na]
	at java.base/jdk.internal.reflect.NativeMethodAccessorImpl.invoke(NativeMethodAccessorImpl.java:77) ~[na:na]
	at java.base/jdk.internal.reflect.DelegatingMethodAccessorImpl.invoke(DelegatingMethodAccessorImpl.java:43) ~[na:na]
	at java.base/java.lang.reflect.Method.invoke(Method.java:568) ~[na:na]
	at org.junit.platform.commons.util.ReflectionUtils.invokeMethod(ReflectionUtils.java:727) ~[junit-platform-commons-1.9.3.jar:1.9.3]
	at org.junit.jupiter.engine.execution.ExecutableInvoker.invoke(ExecutableInvoker.java:117) ~[junit-jupiter-engine-5.4.2.jar:5.4.2]
	at org.junit.jupiter.engine.descriptor.TestMethodTestDescriptor.lambda$invokeTestMethod$7(TestMethodTestDescriptor.java:184) ~[junit-jupiter-engine-5.4.2.jar:5.4.2]
	at org.junit.platform.engine.support.hierarchical.ThrowableCollector.execute(ThrowableCollector.java:73) ~[junit-platform-engine-1.9.3.jar:1.9.3]
	at org.junit.jupiter.engine.descriptor.TestMethodTestDescriptor.invokeTestMethod(TestMethodTestDescriptor.java:180) ~[junit-jupiter-engine-5.4.2.jar:5.4.2]
	at org.junit.jupiter.engine.descriptor.TestMethodTestDescriptor.execute(TestMethodTestDescriptor.java:127) ~[junit-jupiter-engine-5.4.2.jar:5.4.2]
	at org.junit.jupiter.engine.descriptor.TestMethodTestDescriptor.execute(TestMethodTestDescriptor.java:68) ~[junit-jupiter-engine-5.4.2.jar:5.4.2]
	at org.junit.platform.engine.support.hierarchical.NodeTestTask.lambda$executeRecursively$6(NodeTestTask.java:151) ~[junit-platform-engine-1.9.3.jar:1.9.3]
	at org.junit.platform.engine.support.hierarchical.ThrowableCollector.execute(ThrowableCollector.java:73) ~[junit-platform-engine-1.9.3.jar:1.9.3]
	at org.junit.platform.engine.support.hierarchical.NodeTestTask.lambda$executeRecursively$8(NodeTestTask.java:141) ~[junit-platform-engine-1.9.3.jar:1.9.3]
	at org.junit.platform.engine.support.hierarchical.Node.around(Node.java:137) ~[junit-platform-engine-1.9.3.jar:1.9.3]
	at org.junit.platform.engine.support.hierarchical.NodeTestTask.lambda$executeRecursively$9(NodeTestTask.java:139) ~[junit-platform-engine-1.9.3.jar:1.9.3]
	at org.junit.platform.engine.support.hierarchical.ThrowableCollector.execute(ThrowableCollector.java:73) ~[junit-platform-engine-1.9.3.jar:1.9.3]
	at org.junit.platform.engine.support.hierarchical.NodeTestTask.executeRecursively(NodeTestTask.java:138) ~[junit-platform-engine-1.9.3.jar:1.9.3]
	at org.junit.platform.engine.support.hierarchical.NodeTestTask.execute(NodeTestTask.java:95) ~[junit-platform-engine-1.9.3.jar:1.9.3]
	at java.base/java.util.ArrayList.forEach(ArrayList.java:1511) ~[na:na]
	at org.junit.platform.engine.support.hierarchical.SameThreadHierarchicalTestExecutorService.invokeAll(SameThreadHierarchicalTestExecutorService.java:41) ~[junit-platform-engine-1.9.3.jar:1.9.3]
	at org.junit.platform.engine.support.hierarchical.NodeTestTask.lambda$executeRecursively$6(NodeTestTask.java:155) ~[junit-platform-engine-1.9.3.jar:1.9.3]
	at org.junit.platform.engine.support.hierarchical.ThrowableCollector.execute(ThrowableCollector.java:73) ~[junit-platform-engine-1.9.3.jar:1.9.3]
	at org.junit.platform.engine.support.hierarchical.NodeTestTask.lambda$executeRecursively$8(NodeTestTask.java:141) ~[junit-platform-engine-1.9.3.jar:1.9.3]
	at org.junit.platform.engine.support.hierarchical.Node.around(Node.java:137) ~[junit-platform-engine-1.9.3.jar:1.9.3]
	at org.junit.platform.engine.support.hierarchical.NodeTestTask.lambda$executeRecursively$9(NodeTestTask.java:139) ~[junit-platform-engine-1.9.3.jar:1.9.3]
	at org.junit.platform.engine.support.hierarchical.ThrowableCollector.execute(ThrowableCollector.java:73) ~[junit-platform-engine-1.9.3.jar:1.9.3]
	at org.junit.platform.engine.support.hierarchical.NodeTestTask.executeRecursively(NodeTestTask.java:138) ~[junit-platform-engine-1.9.3.jar:1.9.3]
	at org.junit.platform.engine.support.hierarchical.NodeTestTask.execute(NodeTestTask.java:95) ~[junit-platform-engine-1.9.3.jar:1.9.3]
	at java.base/java.util.ArrayList.forEach(ArrayList.java:1511) ~[na:na]
	at org.junit.platform.engine.support.hierarchical.SameThreadHierarchicalTestExecutorService.invokeAll(SameThreadHierarchicalTestExecutorService.java:41) ~[junit-platform-engine-1.9.3.jar:1.9.3]
	at org.junit.platform.engine.support.hierarchical.NodeTestTask.lambda$executeRecursively$6(NodeTestTask.java:155) ~[junit-platform-engine-1.9.3.jar:1.9.3]
	at org.junit.platform.engine.support.hierarchical.ThrowableCollector.execute(ThrowableCollector.java:73) ~[junit-platform-engine-1.9.3.jar:1.9.3]
	at org.junit.platform.engine.support.hierarchical.NodeTestTask.lambda$executeRecursively$8(NodeTestTask.java:141) ~[junit-platform-engine-1.9.3.jar:1.9.3]
	at org.junit.platform.engine.support.hierarchical.Node.around(Node.java:137) ~[junit-platform-engine-1.9.3.jar:1.9.3]
	at org.junit.platform.engine.support.hierarchical.NodeTestTask.lambda$executeRecursively$9(NodeTestTask.java:139) ~[junit-platform-engine-1.9.3.jar:1.9.3]
	at org.junit.platform.engine.support.hierarchical.ThrowableCollector.execute(ThrowableCollector.java:73) ~[junit-platform-engine-1.9.3.jar:1.9.3]
	at org.junit.platform.engine.support.hierarchical.NodeTestTask.executeRecursively(NodeTestTask.java:138) ~[junit-platform-engine-1.9.3.jar:1.9.3]
	at org.junit.platform.engine.support.hierarchical.NodeTestTask.execute(NodeTestTask.java:95) ~[junit-platform-engine-1.9.3.jar:1.9.3]
	at org.junit.platform.engine.support.hierarchical.SameThreadHierarchicalTestExecutorService.submit(SameThreadHierarchicalTestExecutorService.java:35) ~[junit-platform-engine-1.9.3.jar:1.9.3]
	at org.junit.platform.engine.support.hierarchical.HierarchicalTestExecutor.execute(HierarchicalTestExecutor.java:57) ~[junit-platform-engine-1.9.3.jar:1.9.3]
	at org.junit.platform.engine.support.hierarchical.HierarchicalTestEngine.execute(HierarchicalTestEngine.java:54) ~[junit-platform-engine-1.9.3.jar:1.9.3]
	at org.junit.platform.launcher.core.EngineExecutionOrchestrator.execute(EngineExecutionOrchestrator.java:147) ~[junit-platform-launcher-1.9.3.jar:1.9.3]
	at org.junit.platform.launcher.core.EngineExecutionOrchestrator.execute(EngineExecutionOrchestrator.java:127) ~[junit-platform-launcher-1.9.3.jar:1.9.3]
	at org.junit.platform.launcher.core.EngineExecutionOrchestrator.execute(EngineExecutionOrchestrator.java:90) ~[junit-platform-launcher-1.9.3.jar:1.9.3]
	at org.junit.platform.launcher.core.EngineExecutionOrchestrator.lambda$execute$0(EngineExecutionOrchestrator.java:55) ~[junit-platform-launcher-1.9.3.jar:1.9.3]
	at org.junit.platform.launcher.core.EngineExecutionOrchestrator.withInterceptedStreams(EngineExecutionOrchestrator.java:102) ~[junit-platform-launcher-1.9.3.jar:1.9.3]
	at org.junit.platform.launcher.core.EngineExecutionOrchestrator.execute(EngineExecutionOrchestrator.java:54) ~[junit-platform-launcher-1.9.3.jar:1.9.3]
	at org.junit.platform.launcher.core.DefaultLauncher.execute(DefaultLauncher.java:114) ~[junit-platform-launcher-1.9.3.jar:1.9.3]
	at org.junit.platform.launcher.core.DefaultLauncher.execute(DefaultLauncher.java:86) ~[junit-platform-launcher-1.9.3.jar:1.9.3]
	at org.junit.platform.launcher.core.DefaultLauncherSession$DelegatingLauncher.execute(DefaultLauncherSession.java:86) ~[junit-platform-launcher-1.9.3.jar:1.9.3]
	at org.junit.platform.launcher.core.SessionPerRequestLauncher.execute(SessionPerRequestLauncher.java:53) ~[junit-platform-launcher-1.9.3.jar:1.9.3]
	at org.apache.maven.surefire.junitplatform.JUnitPlatformProvider.execute(JUnitPlatformProvider.java:188) ~[surefire-junit-platform-3.0.0-M5.jar:3.0.0-M5]
	at org.apache.maven.surefire.junitplatform.JUnitPlatformProvider.invokeAllTests(JUnitPlatformProvider.java:154) ~[surefire-junit-platform-3.0.0-M5.jar:3.0.0-M5]
	at org.apache.maven.surefire.junitplatform.JUnitPlatformProvider.invoke(JUnitPlatformProvider.java:128) ~[surefire-junit-platform-3.0.0-M5.jar:3.0.0-M5]
	at org.apache.maven.surefire.booter.ForkedBooter.runSuitesInProcess(ForkedBooter.java:428) ~[surefire-booter-3.0.0-M5.jar:3.0.0-M5]
	at org.apache.maven.surefire.booter.ForkedBooter.execute(ForkedBooter.java:162) ~[surefire-booter-3.0.0-M5.jar:3.0.0-M5]
	at org.apache.maven.surefire.booter.ForkedBooter.run(ForkedBooter.java:562) ~[surefire-booter-3.0.0-M5.jar:3.0.0-M5]
	at org.apache.maven.surefire.booter.ForkedBooter.main(ForkedBooter.java:548) ~[surefire-booter-3.0.0-M5.jar:3.0.0-M5]

]]></system-out>
  </testcase>
  <testcase name="4- Crie a rota POST /farms/{farmId}/crops" classname="Req 04-07" time="0.025">
    <error type="jakarta.servlet.ServletException"><![CDATA[jakarta.servlet.ServletException: Request processing failed: org.springframework.http.converter.HttpMessageNotWritableException: Could not write JSON: Infinite recursion (StackOverflowError)
	at com.betrybe.agrix.evaluation.CropManagementTest.performCropCreation(CropManagementTest.java:257)
	at com.betrybe.agrix.evaluation.CropManagementTest.testCropCreationSuccess(CropManagementTest.java:68)
	at com.betrybe.agrix.evaluation.CropManagementTest.testCropCreation(CropManagementTest.java:60)
Caused by: org.springframework.http.converter.HttpMessageNotWritableException: Could not write JSON: Infinite recursion (StackOverflowError)
	at com.betrybe.agrix.evaluation.CropManagementTest.performCropCreation(CropManagementTest.java:257)
	at com.betrybe.agrix.evaluation.CropManagementTest.testCropCreationSuccess(CropManagementTest.java:68)
	at com.betrybe.agrix.evaluation.CropManagementTest.testCropCreation(CropManagementTest.java:60)
Caused by: com.fasterxml.jackson.databind.JsonMappingException: Infinite recursion (StackOverflowError) (through reference chain: com.betrybe.agrix.model.entity.Crop["farm"]->com.betrybe.agrix.model.entity.Farm["crops"]->org.hibernate.collection.spi.PersistentBag[0]->com.betrybe.agrix.model.entity.Crop["farm"]->com.betrybe.agrix.model.entity.Farm["crops"]->org.hibernate.collection.spi.PersistentBag[0]->com.betrybe.agrix.model.entity.Crop["farm"]->com.betrybe.agrix.model.entity.Farm["crops"]->org.hibernate.collection.spi.PersistentBag[0]->com.betrybe.agrix.model.entity.Crop["farm"]->com.betrybe.agrix.model.entity.Farm["crops"]->org.hibernate.collection.spi.PersistentBag[0]->com.betrybe.agrix.model.entity.Crop["farm"]->com.betrybe.agrix.model.entity.Farm["crops"]->org.hibernate.collection.spi.PersistentBag[0]->com.betrybe.agrix.model.entity.Crop["farm"]->com.betrybe.agrix.model.entity.Farm["crops"]->org.hibernate.collection.spi.PersistentBag[0]->com.betrybe.agrix.model.entity.Crop["farm"]->com.betrybe.agrix.model.entity.Farm["crops"]->org.hibernate.collection.spi.PersistentBag[0]->com.betrybe.agrix.model.entity.Crop["farm"]->com.betrybe.agrix.model.entity.Farm["crops"]->org.hibernate.collection.spi.PersistentBag[0]->com.betrybe.agrix.model.entity.Crop["farm"]->com.betrybe.agrix.model.entity.Farm["crops"]->org.hibernate.collection.spi.PersistentBag[0]->com.betrybe.agrix.model.entity.Crop["farm"]->com.betrybe.agrix.model.entity.Farm["crops"]->org.hibernate.collection.spi.PersistentBag[0]->com.betrybe.agrix.model.entity.Crop["farm"]->com.betrybe.agrix.model.entity.Farm["crops"]->org.hibernate.collection.spi.PersistentBag[0]->com.betrybe.agrix.model.entity.Crop["farm"]->com.betrybe.agrix.model.entity.Farm["crops"]->org.hibernate.collection.spi.PersistentBag[0]->com.betrybe.agrix.model.entity.Crop["farm"]->com.betrybe.agrix.model.entity.Farm["crops"]->org.hibernate.collection.spi.PersistentBag[0]->com.betrybe.agrix.model.entity.Crop["farm"]->com.betrybe.agrix.model.entity.Farm["crops"]->org.hibernate.collection.spi.PersistentBag[0]->com.betrybe.agrix.model.entity.Crop["farm"]->com.betrybe.agrix.model.entity.Farm["crops"]->org.hibernate.collection.spi.PersistentBag[0]->com.betrybe.agrix.model.entity.Crop["farm"]->com.betrybe.agrix.model.entity.Farm["crops"]->org.hibernate.collection.spi.PersistentBag[0]->com.betrybe.agrix.model.entity.Crop["farm"]->com.betrybe.agrix.model.entity.Farm["crops"]->org.hibernate.collection.spi.PersistentBag[0]->com.betrybe.agrix.model.entity.Crop["farm"]->com.betrybe.agrix.model.entity.Farm["crops"]->org.hibernate.collection.spi.PersistentBag[0]->com.betrybe.agrix.model.entity.Crop["farm"]->com.betrybe.agrix.model.entity.Farm["crops"]->org.hibernate.collection.spi.PersistentBag[0]->com.betrybe.agrix.model.entity.Crop["farm"]->com.betrybe.agrix.model.entity.Farm["crops"]->org.hibernate.collection.spi.PersistentBag[0]->com.betrybe.agrix.model.entity.Crop["farm"]->com.betrybe.agrix.model.entity.Farm["crops"]->org.hibernate.collection.spi.PersistentBag[0]->com.betrybe.agrix.model.entity.Crop["farm"]->com.betrybe.agrix.model.entity.Farm["crops"]->org.hibernate.collection.spi.PersistentBag[0]->com.betrybe.agrix.model.entity.Crop["farm"]->com.betrybe.agrix.model.entity.Farm["crops"]->org.hibernate.collection.spi.PersistentBag[0]->com.betrybe.agrix.model.entity.Crop["farm"]->com.betrybe.agrix.model.entity.Farm["crops"]->org.hibernate.collection.spi.PersistentBag[0]->com.betrybe.agrix.model.entity.Crop["farm"]->com.betrybe.agrix.model.entity.Farm["crops"]->org.hibernate.collection.spi.PersistentBag[0]->com.betrybe.agrix.model.entity.Crop["farm"]->com.betrybe.agrix.model.entity.Farm["crops"]->org.hibernate.collection.spi.PersistentBag[0]->com.betrybe.agrix.model.entity.Crop["farm"]->com.betrybe.agrix.model.entity.Farm["crops"]->org.hibernate.collection.spi.PersistentBag[0]->com.betrybe.agrix.model.entity.Crop["farm"]->com.betrybe.agrix.model.entity.Farm["crops"]->org.hibernate.collection.spi.PersistentBag[0]->com.betrybe.agrix.model.entity.Crop["farm"]->com.betrybe.agrix.model.entity.Farm["crops"]->org.hibernate.collection.spi.PersistentBag[0]->com.betrybe.agrix.model.entity.Crop["farm"]->com.betrybe.agrix.model.entity.Farm["crops"]->org.hibernate.collection.spi.PersistentBag[0]->com.betrybe.agrix.model.entity.Crop["farm"]->com.betrybe.agrix.model.entity.Farm["crops"]->org.hibernate.collection.spi.PersistentBag[0]->com.betrybe.agrix.model.entity.Crop["farm"]->com.betrybe.agrix.model.entity.Farm["crops"]->org.hibernate.collection.spi.PersistentBag[0]->com.betrybe.agrix.model.entity.Crop["farm"]->com.betrybe.agrix.model.entity.Farm["crops"]->org.hibernate.collection.spi.PersistentBag[0]->com.betrybe.agrix.model.entity.Crop["farm"]->com.betrybe.agrix.model.entity.Farm["crops"]->org.hibernate.collection.spi.PersistentBag[0]->com.betrybe.agrix.model.entity.Crop["farm"]->com.betrybe.agrix.model.entity.Farm["crops"]->org.hibernate.collection.spi.PersistentBag[0]->com.betrybe.agrix.model.entity.Crop["farm"]->com.betrybe.agrix.model.entity.Farm["crops"]->org.hibernate.collection.spi.PersistentBag[0]->com.betrybe.agrix.model.entity.Crop["farm"]->com.betrybe.agrix.model.entity.Farm["crops"]->org.hibernate.collection.spi.PersistentBag[0]->com.betrybe.agrix.model.entity.Crop["farm"]->com.betrybe.agrix.model.entity.Farm["crops"]->org.hibernate.collection.spi.PersistentBag[0]->com.betrybe.agrix.model.entity.Crop["farm"]->com.betrybe.agrix.model.entity.Farm["crops"]->org.hibernate.collection.spi.PersistentBag[0]->com.betrybe.agrix.model.entity.Crop["farm"]->com.betrybe.agrix.model.entity.Farm["crops"]->org.hibernate.collection.spi.PersistentBag[0]->com.betrybe.agrix.model.entity.Crop["farm"]->com.betrybe.agrix.model.entity.Farm["crops"]->org.hibernate.collection.spi.PersistentBag[0]->com.betrybe.agrix.model.entity.Crop["farm"]->com.betrybe.agrix.model.entity.Farm["crops"]->org.hibernate.collection.spi.PersistentBag[0]->com.betrybe.agrix.model.entity.Crop["farm"]->com.betrybe.agrix.model.entity.Farm["crops"]->org.hibernate.collection.spi.PersistentBag[0]->com.betrybe.agrix.model.entity.Crop["farm"]->com.betrybe.agrix.model.entity.Farm["crops"]->org.hibernate.collection.spi.PersistentBag[0]->com.betrybe.agrix.model.entity.Crop["farm"]->com.betrybe.agrix.model.entity.Farm["crops"]->org.hibernate.collection.spi.PersistentBag[0]->com.betrybe.agrix.model.entity.Crop["farm"]->com.betrybe.agrix.model.entity.Farm["crops"]->org.hibernate.collection.spi.PersistentBag[0]->com.betrybe.agrix.model.entity.Crop["farm"]->com.betrybe.agrix.model.entity.Farm["crops"]->org.hibernate.collection.spi.PersistentBag[0]->com.betrybe.agrix.model.entity.Crop["farm"]->com.betrybe.agrix.model.entity.Farm["crops"]->org.hibernate.collection.spi.PersistentBag[0]->com.betrybe.agrix.model.entity.Crop["farm"]->com.betrybe.agrix.model.entity.Farm["crops"]->org.hibernate.collection.spi.PersistentBag[0]->com.betrybe.agrix.model.entity.Crop["farm"]->com.betrybe.agrix.model.entity.Farm["crops"]->org.hibernate.collection.spi.PersistentBag[0]->com.betrybe.agrix.model.entity.Crop["farm"]->com.betrybe.agrix.model.entity.Farm["crops"]->org.hibernate.collection.spi.PersistentBag[0]->com.betrybe.agrix.model.entity.Crop["farm"]->com.betrybe.agrix.model.entity.Farm["crops"]->org.hibernate.collection.spi.PersistentBag[0]->com.betrybe.agrix.model.entity.Crop["farm"]->com.betrybe.agrix.model.entity.Farm["crops"]->org.hibernate.collection.spi.PersistentBag[0]->com.betrybe.agrix.model.entity.Crop["farm"]->com.betrybe.agrix.model.entity.Farm["crops"]->org.hibernate.collection.spi.PersistentBag[0]->com.betrybe.agrix.model.entity.Crop["farm"]->com.betrybe.agrix.model.entity.Farm["crops"]->org.hibernate.collection.spi.PersistentBag[0]->com.betrybe.agrix.model.entity.Crop["farm"]->com.betrybe.agrix.model.entity.Farm["crops"]->org.hibernate.collection.spi.PersistentBag[0]->com.betrybe.agrix.model.entity.Crop["farm"]->com.betrybe.agrix.model.entity.Farm["crops"]->org.hibernate.collection.spi.PersistentBag[0]->com.betrybe.agrix.model.entity.Crop["farm"]->com.betrybe.agrix.model.entity.Farm["crops"]->org.hibernate.collection.spi.PersistentBag[0]->com.betrybe.agrix.model.entity.Crop["farm"]->com.betrybe.agrix.model.entity.Farm["crops"]->org.hibernate.collection.spi.PersistentBag[0]->com.betrybe.agrix.model.entity.Crop["farm"]->com.betrybe.agrix.model.entity.Farm["crops"]->org.hibernate.collection.spi.PersistentBag[0]->com.betrybe.agrix.model.entity.Crop["farm"]->com.betrybe.agrix.model.entity.Farm["crops"]->org.hibernate.collection.spi.PersistentBag[0]->com.betrybe.agrix.model.entity.Crop["farm"]->com.betrybe.agrix.model.entity.Farm["crops"]->org.hibernate.collection.spi.PersistentBag[0]->com.betrybe.agrix.model.entity.Crop["farm"]->com.betrybe.agrix.model.entity.Farm["crops"]->org.hibernate.collection.spi.PersistentBag[0]->com.betrybe.agrix.model.entity.Crop["farm"]->com.betrybe.agrix.model.entity.Farm["crops"]->org.hibernate.collection.spi.PersistentBag[0]->com.betrybe.agrix.model.entity.Crop["farm"]->com.betrybe.agrix.model.entity.Farm["crops"]->org.hibernate.collection.spi.PersistentBag[0]->com.betrybe.agrix.model.entity.Crop["farm"]->com.betrybe.agrix.model.entity.Farm["crops"]->org.hibernate.collection.spi.PersistentBag[0]->com.betrybe.agrix.model.entity.Crop["farm"]->com.betrybe.agrix.model.entity.Farm["crops"]->org.hibernate.collection.spi.PersistentBag[0]->com.betrybe.agrix.model.entity.Crop["farm"]->com.betrybe.agrix.model.entity.Farm["crops"]->org.hibernate.collection.spi.PersistentBag[0]->com.betrybe.agrix.model.entity.Crop["farm"]->com.betrybe.agrix.model.entity.Farm["crops"]->org.hibernate.collection.spi.PersistentBag[0]->com.betrybe.agrix.model.entity.Crop["farm"]->com.betrybe.agrix.model.entity.Farm["crops"]->org.hibernate.collection.spi.PersistentBag[0]->com.betrybe.agrix.model.entity.Crop["farm"]->com.betrybe.agrix.model.entity.Farm["crops"]->org.hibernate.collection.spi.PersistentBag[0]->com.betrybe.agrix.model.entity.Crop["farm"]->com.betrybe.agrix.model.entity.Farm["crops"]->org.hibernate.collection.spi.PersistentBag[0]->com.betrybe.agrix.model.entity.Crop["farm"]->com.betrybe.agrix.model.entity.Farm["crops"]->org.hibernate.collection.spi.PersistentBag[0]->com.betrybe.agrix.model.entity.Crop["farm"]->com.betrybe.agrix.model.entity.Farm["crops"]->org.hibernate.collection.spi.PersistentBag[0]->com.betrybe.agrix.model.entity.Crop["farm"]->com.betrybe.agrix.model.entity.Farm["crops"]->org.hibernate.collection.spi.PersistentBag[0]->com.betrybe.agrix.model.entity.Crop["farm"]->com.betrybe.agrix.model.entity.Farm["crops"]->org.hibernate.collection.spi.PersistentBag[0]->com.betrybe.agrix.model.entity.Crop["farm"]->com.betrybe.agrix.model.entity.Farm["crops"]->org.hibernate.collection.spi.PersistentBag[0]->com.betrybe.agrix.model.entity.Crop["farm"]->com.betrybe.agrix.model.entity.Farm["crops"]->org.hibernate.collection.spi.PersistentBag[0]->com.betrybe.agrix.model.entity.Crop["farm"]->com.betrybe.agrix.model.entity.Farm["crops"]->org.hibernate.collection.spi.PersistentBag[0]->com.betrybe.agrix.model.entity.Crop["farm"]->com.betrybe.agrix.model.entity.Farm["crops"]->org.hibernate.collection.spi.PersistentBag[0]->com.betrybe.agrix.model.entity.Crop["farm"]->com.betrybe.agrix.model.entity.Farm["crops"]->org.hibernate.collection.spi.PersistentBag[0]->com.betrybe.agrix.model.entity.Crop["farm"]->com.betrybe.agrix.model.entity.Farm["crops"]->org.hibernate.collection.spi.PersistentBag[0]->com.betrybe.agrix.model.entity.Crop["farm"]->com.betrybe.agrix.model.entity.Farm["crops"]->org.hibernate.collection.spi.PersistentBag[0]->com.betrybe.agrix.model.entity.Crop["farm"]->com.betrybe.agrix.model.entity.Farm["crops"]->org.hibernate.collection.spi.PersistentBag[0]->com.betrybe.agrix.model.entity.Crop["farm"]->com.betrybe.agrix.model.entity.Farm["crops"]->org.hibernate.collection.spi.PersistentBag[0]->com.betrybe.agrix.model.entity.Crop["farm"]->com.betrybe.agrix.model.entity.Farm["crops"]->org.hibernate.collection.spi.PersistentBag[0]->com.betrybe.agrix.model.entity.Crop["farm"]->com.betrybe.agrix.model.entity.Farm["crops"]->org.hibernate.collection.spi.PersistentBag[0]->com.betrybe.agrix.model.entity.Crop["farm"]->com.betrybe.agrix.model.entity.Farm["crops"]->org.hibernate.collection.spi.PersistentBag[0]->com.betrybe.agrix.model.entity.Crop["farm"]->com.betrybe.agrix.model.entity.Farm["crops"]->org.hibernate.collection.spi.PersistentBag[0]->com.betrybe.agrix.model.entity.Crop["farm"]->com.betrybe.agrix.model.entity.Farm["crops"]->org.hibernate.collection.spi.PersistentBag[0]->com.betrybe.agrix.model.entity.Crop["farm"]->com.betrybe.agrix.model.entity.Farm["crops"]->org.hibernate.collection.spi.PersistentBag[0]->com.betrybe.agrix.model.entity.Crop["farm"]->com.betrybe.agrix.model.entity.Farm["crops"]->org.hibernate.collection.spi.PersistentBag[0]->com.betrybe.agrix.model.entity.Crop["farm"]->com.betrybe.agrix.model.entity.Farm["crops"]->org.hibernate.collection.spi.PersistentBag[0]->com.betrybe.agrix.model.entity.Crop["farm"]->com.betrybe.agrix.model.entity.Farm["crops"]->org.hibernate.collection.spi.PersistentBag[0]->com.betrybe.agrix.model.entity.Crop["farm"]->com.betrybe.agrix.model.entity.Farm["crops"]->org.hibernate.collection.spi.PersistentBag[0]->com.betrybe.agrix.model.entity.Crop["farm"]->com.betrybe.agrix.model.entity.Farm["crops"]->org.hibernate.collection.spi.PersistentBag[0]->com.betrybe.agrix.model.entity.Crop["farm"]->com.betrybe.agrix.model.entity.Farm["crops"]->org.hibernate.collection.spi.PersistentBag[0]->com.betrybe.agrix.model.entity.Crop["farm"]->com.betrybe.agrix.model.entity.Farm["crops"]->org.hibernate.collection.spi.PersistentBag[0]->com.betrybe.agrix.model.entity.Crop["farm"]->com.betrybe.agrix.model.entity.Farm["crops"]->org.hibernate.collection.spi.PersistentBag[0]->com.betrybe.agrix.model.entity.Crop["farm"]->com.betrybe.agrix.model.entity.Farm["crops"]->org.hibernate.collection.spi.PersistentBag[0]->com.betrybe.agrix.model.entity.Crop["farm"]->com.betrybe.agrix.model.entity.Farm["crops"]->org.hibernate.collection.spi.PersistentBag[0]->com.betrybe.agrix.model.entity.Crop["farm"]->com.betrybe.agrix.model.entity.Farm["crops"]->org.hibernate.collection.spi.PersistentBag[0]->com.betrybe.agrix.model.entity.Crop["farm"]->com.betrybe.agrix.model.entity.Farm["crops"]->org.hibernate.collection.spi.PersistentBag[0]->com.betrybe.agrix.model.entity.Crop["farm"]->com.betrybe.agrix.model.entity.Farm["crops"]->org.hibernate.collection.spi.PersistentBag[0]->com.betrybe.agrix.model.entity.Crop["farm"]->com.betrybe.agrix.model.entity.Farm["crops"]->org.hibernate.collection.spi.PersistentBag[0]->com.betrybe.agrix.model.entity.Crop["farm"]->com.betrybe.agrix.model.entity.Farm["crops"]->org.hibernate.collection.spi.PersistentBag[0]->com.betrybe.agrix.model.entity.Crop["farm"]->com.betrybe.agrix.model.entity.Farm["crops"]->org.hibernate.collection.spi.PersistentBag[0]->com.betrybe.agrix.model.entity.Crop["farm"]->com.betrybe.agrix.model.entity.Farm["crops"]->org.hibernate.collection.spi.PersistentBag[0]->com.betrybe.agrix.model.entity.Crop["farm"]->com.betrybe.agrix.model.entity.Farm["crops"]->org.hibernate.collection.spi.PersistentBag[0]->com.betrybe.agrix.model.entity.Crop["farm"]->com.betrybe.agrix.model.entity.Farm["crops"]->org.hibernate.collection.spi.PersistentBag[0]->com.betrybe.agrix.model.entity.Crop["farm"]->com.betrybe.agrix.model.entity.Farm["crops"]->org.hibernate.collection.spi.PersistentBag[0]->com.betrybe.agrix.model.entity.Crop["farm"]->com.betrybe.agrix.model.entity.Farm["crops"]->org.hibernate.collection.spi.PersistentBag[0]->com.betrybe.agrix.model.entity.Crop["farm"]->com.betrybe.agrix.model.entity.Farm["crops"]->org.hibernate.collection.spi.PersistentBag[0]->com.betrybe.agrix.model.entity.Crop["farm"]->com.betrybe.agrix.model.entity.Farm["crops"]->org.hibernate.collection.spi.PersistentBag[0]->com.betrybe.agrix.model.entity.Crop["farm"]->com.betrybe.agrix.model.entity.Farm["crops"]->org.hibernate.collection.spi.PersistentBag[0]->com.betrybe.agrix.model.entity.Crop["farm"]->com.betrybe.agrix.model.entity.Farm["crops"]->org.hibernate.collection.spi.PersistentBag[0]->com.betrybe.agrix.model.entity.Crop["farm"]->com.betrybe.agrix.model.entity.Farm["crops"]->org.hibernate.collection.spi.PersistentBag[0]->com.betrybe.agrix.model.entity.Crop["farm"]->com.betrybe.agrix.model.entity.Farm["crops"]->org.hibernate.collection.spi.PersistentBag[0]->com.betrybe.agrix.model.entity.Crop["farm"]->com.betrybe.agrix.model.entity.Farm["crops"]->org.hibernate.collection.spi.PersistentBag[0]->com.betrybe.agrix.model.entity.Crop["farm"]->com.betrybe.agrix.model.entity.Farm["crops"]->org.hibernate.collection.spi.PersistentBag[0]->com.betrybe.agrix.model.entity.Crop["farm"]->com.betrybe.agrix.model.entity.Farm["crops"]->org.hibernate.collection.spi.PersistentBag[0]->com.betrybe.agrix.model.entity.Crop["farm"]->com.betrybe.agrix.model.entity.Farm["crops"]->org.hibernate.collection.spi.PersistentBag[0]->com.betrybe.agrix.model.entity.Crop["farm"]->com.betrybe.agrix.model.entity.Farm["crops"]->org.hibernate.collection.spi.PersistentBag[0]->com.betrybe.agrix.model.entity.Crop["farm"]->com.betrybe.agrix.model.entity.Farm["crops"]->org.hibernate.collection.spi.PersistentBag[0]->com.betrybe.agrix.model.entity.Crop["farm"]->com.betrybe.agrix.model.entity.Farm["crops"]->org.hibernate.collection.spi.PersistentBag[0]->com.betrybe.agrix.model.entity.Crop["farm"]->com.betrybe.agrix.model.entity.Farm["crops"]->org.hibernate.collection.spi.PersistentBag[0]->com.betrybe.agrix.model.entity.Crop["farm"]->com.betrybe.agrix.model.entity.Farm["crops"]->org.hibernate.collection.spi.PersistentBag[0]->com.betrybe.agrix.model.entity.Crop["farm"]->com.betrybe.agrix.model.entity.Farm["crops"]->org.hibernate.collection.spi.PersistentBag[0]->com.betrybe.agrix.model.entity.Crop["farm"]->com.betrybe.agrix.model.entity.Farm["crops"]->org.hibernate.collection.spi.PersistentBag[0]->com.betrybe.agrix.model.entity.Crop["farm"]->com.betrybe.agrix.model.entity.Farm["crops"]->org.hibernate.collection.spi.PersistentBag[0]->com.betrybe.agrix.model.entity.Crop["farm"]->com.betrybe.agrix.model.entity.Farm["crops"]->org.hibernate.collection.spi.PersistentBag[0]->com.betrybe.agrix.model.entity.Crop["farm"]->com.betrybe.agrix.model.entity.Farm["crops"]->org.hibernate.collection.spi.PersistentBag[0]->com.betrybe.agrix.model.entity.Crop["farm"]->com.betrybe.agrix.model.entity.Farm["crops"]->org.hibernate.collection.spi.PersistentBag[0]->com.betrybe.agrix.model.entity.Crop["farm"]->com.betrybe.agrix.model.entity.Farm["crops"]->org.hibernate.collection.spi.PersistentBag[0]->com.betrybe.agrix.model.entity.Crop["farm"]->com.betrybe.agrix.model.entity.Farm["crops"]->org.hibernate.collection.spi.PersistentBag[0]->com.betrybe.agrix.model.entity.Crop["farm"]->com.betrybe.agrix.model.entity.Farm["crops"]->org.hibernate.collection.spi.PersistentBag[0]->com.betrybe.agrix.model.entity.Crop["farm"]->com.betrybe.agrix.model.entity.Farm["crops"]->org.hibernate.collection.spi.PersistentBag[0]->com.betrybe.agrix.model.entity.Crop["farm"]->com.betrybe.agrix.model.entity.Farm["crops"]->org.hibernate.collection.spi.PersistentBag[0]->com.betrybe.agrix.model.entity.Crop["farm"]->com.betrybe.agrix.model.entity.Farm["crops"]->org.hibernate.collection.spi.PersistentBag[0]->com.betrybe.agrix.model.entity.Crop["farm"]->com.betrybe.agrix.model.entity.Farm["crops"]->org.hibernate.collection.spi.PersistentBag[0]->com.betrybe.agrix.model.entity.Crop["farm"]->com.betrybe.agrix.model.entity.Farm["crops"]->org.hibernate.collection.spi.PersistentBag[0]->com.betrybe.agrix.model.entity.Crop["farm"]->com.betrybe.agrix.model.entity.Farm["crops"]->org.hibernate.collection.spi.PersistentBag[0]->com.betrybe.agrix.model.entity.Crop["farm"]->com.betrybe.agrix.model.entity.Farm["crops"]->org.hibernate.collection.spi.PersistentBag[0]->com.betrybe.agrix.model.entity.Crop["farm"]->com.betrybe.agrix.model.entity.Farm["crops"]->org.hibernate.collection.spi.PersistentBag[0]->com.betrybe.agrix.model.entity.Crop["farm"]->com.betrybe.agrix.model.entity.Farm["crops"]->org.hibernate.collection.spi.PersistentBag[0]->com.betrybe.agrix.model.entity.Crop["farm"]->com.betrybe.agrix.model.entity.Farm["crops"]->org.hibernate.collection.spi.PersistentBag[0]->com.betrybe.agrix.model.entity.Crop["farm"]->com.betrybe.agrix.model.entity.Farm["crops"]->org.hibernate.collection.spi.PersistentBag[0]->com.betrybe.agrix.model.entity.Crop["farm"]->com.betrybe.agrix.model.entity.Farm["crops"]->org.hibernate.collection.spi.PersistentBag[0]->com.betrybe.agrix.model.entity.Crop["farm"]->com.betrybe.agrix.model.entity.Farm["crops"]->org.hibernate.collection.spi.PersistentBag[0]->com.betrybe.agrix.model.entity.Crop["farm"]->com.betrybe.agrix.model.entity.Farm["crops"]->org.hibernate.collection.spi.PersistentBag[0]->com.betrybe.agrix.model.entity.Crop["farm"]->com.betrybe.agrix.model.entity.Farm["crops"]->org.hibernate.collection.spi.PersistentBag[0]->com.betrybe.agrix.model.entity.Crop["farm"]->com.betrybe.agrix.model.entity.Farm["crops"]->org.hibernate.collection.spi.PersistentBag[0]->com.betrybe.agrix.model.entity.Crop["farm"]->com.betrybe.agrix.model.entity.Farm["crops"]->org.hibernate.collection.spi.PersistentBag[0]->com.betrybe.agrix.model.entity.Crop["farm"]->com.betrybe.agrix.model.entity.Farm["crops"]->org.hibernate.collection.spi.PersistentBag[0]->com.betrybe.agrix.model.entity.Crop["farm"]->com.betrybe.agrix.model.entity.Farm["crops"]->org.hibernate.collection.spi.PersistentBag[0]->com.betrybe.agrix.model.entity.Crop["farm"]->com.betrybe.agrix.model.entity.Farm["crops"]->org.hibernate.collection.spi.PersistentBag[0]->com.betrybe.agrix.model.entity.Crop["farm"]->com.betrybe.agrix.model.entity.Farm["crops"]->org.hibernate.collection.spi.PersistentBag[0]->com.betrybe.agrix.model.entity.Crop["farm"]->com.betrybe.agrix.model.entity.Farm["crops"]->org.hibernate.collection.spi.PersistentBag[0]->com.betrybe.agrix.model.entity.Crop["farm"]->com.betrybe.agrix.model.entity.Farm["crops"]->org.hibernate.collection.spi.PersistentBag[0]->com.betrybe.agrix.model.entity.Crop["farm"]->com.betrybe.agrix.model.entity.Farm["crops"]->org.hibernate.collection.spi.PersistentBag[0]->com.betrybe.agrix.model.entity.Crop["farm"]->com.betrybe.agrix.model.entity.Farm["crops"]->org.hibernate.collection.spi.PersistentBag[0]->com.betrybe.agrix.model.entity.Crop["farm"]->com.betrybe.agrix.model.entity.Farm["crops"]->org.hibernate.collection.spi.PersistentBag[0]->com.betrybe.agrix.model.entity.Crop["farm"]->com.betrybe.agrix.model.entity.Farm["crops"]->org.hibernate.collection.spi.PersistentBag[0]->com.betrybe.agrix.model.entity.Crop["farm"]->com.betrybe.agrix.model.entity.Farm["crops"]->org.hibernate.collection.spi.PersistentBag[0]->com.betrybe.agrix.model.entity.Crop["farm"]->com.betrybe.agrix.model.entity.Farm["crops"]->org.hibernate.collection.spi.PersistentBag[0]->com.betrybe.agrix.model.entity.Crop["farm"]->com.betrybe.agrix.model.entity.Farm["crops"]->org.hibernate.collection.spi.PersistentBag[0]->com.betrybe.agrix.model.entity.Crop["farm"]->com.betrybe.agrix.model.entity.Farm["crops"]->org.hibernate.collection.spi.PersistentBag[0]->com.betrybe.agrix.model.entity.Crop["farm"]->com.betrybe.agrix.model.entity.Farm["crops"]->org.hibernate.collection.spi.PersistentBag[0]->com.betrybe.agrix.model.entity.Crop["farm"]->com.betrybe.agrix.model.entity.Farm["crops"]->org.hibernate.collection.spi.PersistentBag[0]->com.betrybe.agrix.model.entity.Crop["farm"]->com.betrybe.agrix.model.entity.Farm["crops"]->org.hibernate.collection.spi.PersistentBag[0]->com.betrybe.agrix.model.entity.Crop["farm"]->com.betrybe.agrix.model.entity.Farm["crops"]->org.hibernate.collection.spi.PersistentBag[0]->com.betrybe.agrix.model.entity.Crop["farm"]->com.betrybe.agrix.model.entity.Farm["crops"]->org.hibernate.collection.spi.PersistentBag[0]->com.betrybe.agrix.model.entity.Crop["farm"]->com.betrybe.agrix.model.entity.Farm["crops"]->org.hibernate.collection.spi.PersistentBag[0]->com.betrybe.agrix.model.entity.Crop["farm"]->com.betrybe.agrix.model.entity.Farm["crops"]->org.hibernate.collection.spi.PersistentBag[0]->com.betrybe.agrix.model.entity.Crop["farm"]->com.betrybe.agrix.model.entity.Farm["crops"]->org.hibernate.collection.spi.PersistentBag[0]->com.betrybe.agrix.model.entity.Crop["farm"]->com.betrybe.agrix.model.entity.Farm["crops"]->org.hibernate.collection.spi.PersistentBag[0]->com.betrybe.agrix.model.entity.Crop["farm"]->com.betrybe.agrix.model.entity.Farm["crops"]->org.hibernate.collection.spi.PersistentBag[0]->com.betrybe.agrix.model.entity.Crop["farm"]->com.betrybe.agrix.model.entity.Farm["crops"]->org.hibernate.collection.spi.PersistentBag[0]->com.betrybe.agrix.model.entity.Crop["farm"]->com.betrybe.agrix.model.entity.Farm["crops"]->org.hibernate.collection.spi.PersistentBag[0]->com.betrybe.agrix.model.entity.Crop["farm"]->com.betrybe.agrix.model.entity.Farm["crops"]->org.hibernate.collection.spi.PersistentBag[0]->com.betrybe.agrix.model.entity.Crop["farm"]->com.betrybe.agrix.model.entity.Farm["crops"]->org.hibernate.collection.spi.PersistentBag[0]->com.betrybe.agrix.model.entity.Crop["farm"]->com.betrybe.agrix.model.entity.Farm["crops"]->org.hibernate.collection.spi.PersistentBag[0]->com.betrybe.agrix.model.entity.Crop["farm"]->com.betrybe.agrix.model.entity.Farm["crops"]->org.hibernate.collection.spi.PersistentBag[0]->com.betrybe.agrix.model.entity.Crop["farm"]->com.betrybe.agrix.model.entity.Farm["crops"]->org.hibernate.collection.spi.PersistentBag[0]->com.betrybe.agrix.model.entity.Crop["farm"]->com.betrybe.agrix.model.entity.Farm["crops"]->org.hibernate.collection.spi.PersistentBag[0]->com.betrybe.agrix.model.entity.Crop["farm"]->com.betrybe.agrix.model.entity.Farm["crops"]->org.hibernate.collection.spi.PersistentBag[0]->com.betrybe.agrix.model.entity.Crop["farm"]->com.betrybe.agrix.model.entity.Farm["crops"]->org.hibernate.collection.spi.PersistentBag[0]->com.betrybe.agrix.model.entity.Crop["farm"]->com.betrybe.agrix.model.entity.Farm["crops"]->org.hibernate.collection.spi.PersistentBag[0]->com.betrybe.agrix.model.entity.Crop["farm"]->com.betrybe.agrix.model.entity.Farm["crops"]->org.hibernate.collection.spi.PersistentBag[0]->com.betrybe.agrix.model.entity.Crop["farm"]->com.betrybe.agrix.model.entity.Farm["crops"]->org.hibernate.collection.spi.PersistentBag[0]->com.betrybe.agrix.model.entity.Crop["farm"]->com.betrybe.agrix.model.entity.Farm["crops"]->org.hibernate.collection.spi.PersistentBag[0]->com.betrybe.agrix.model.entity.Crop["farm"]->com.betrybe.agrix.model.entity.Farm["crops"]->org.hibernate.collection.spi.PersistentBag[0]->com.betrybe.agrix.model.entity.Crop["farm"]->com.betrybe.agrix.model.entity.Farm["crops"]->org.hibernate.collection.spi.PersistentBag[0]->com.betrybe.agrix.model.entity.Crop["farm"]->com.betrybe.agrix.model.entity.Farm["crops"]->org.hibernate.collection.spi.PersistentBag[0]->com.betrybe.agrix.model.entity.Crop["farm"]->com.betrybe.agrix.model.entity.Farm["crops"]->org.hibernate.collection.spi.PersistentBag[0]->com.betrybe.agrix.model.entity.Crop["farm"]->com.betrybe.agrix.model.entity.Farm["crops"]->org.hibernate.collection.spi.PersistentBag[0]->com.betrybe.agrix.model.entity.Crop["farm"]->com.betrybe.agrix.model.entity.Farm["crops"]->org.hibernate.collection.spi.PersistentBag[0]->com.betrybe.agrix.model.entity.Crop["farm"]->com.betrybe.agrix.model.entity.Farm["crops"]->org.hibernate.collection.spi.PersistentBag[0]->com.betrybe.agrix.model.entity.Crop["farm"]->com.betrybe.agrix.model.entity.Farm["crops"]->org.hibernate.collection.spi.PersistentBag[0]->com.betrybe.agrix.model.entity.Crop["farm"]->com.betrybe.agrix.model.entity.Farm["crops"]->org.hibernate.collection.spi.PersistentBag[0]->com.betrybe.agrix.model.entity.Crop["farm"]->com.betrybe.agrix.model.entity.Farm["crops"]->org.hibernate.collection.spi.PersistentBag[0]->com.betrybe.agrix.model.entity.Crop["farm"]->com.betrybe.agrix.model.entity.Farm["crops"]->org.hibernate.collection.spi.PersistentBag[0]->com.betrybe.agrix.model.entity.Crop["farm"]->com.betrybe.agrix.model.entity.Farm["crops"]->org.hibernate.collection.spi.PersistentBag[0]->com.betrybe.agrix.model.entity.Crop["farm"]->com.betrybe.agrix.model.entity.Farm["crops"]->org.hibernate.collection.spi.PersistentBag[0]->com.betrybe.agrix.model.entity.Crop["farm"]->com.betrybe.agrix.model.entity.Farm["crops"]->org.hibernate.collection.spi.PersistentBag[0]->com.betrybe.agrix.model.entity.Crop["farm"]->com.betrybe.agrix.model.entity.Farm["crops"]->org.hibernate.collection.spi.PersistentBag[0]->com.betrybe.agrix.model.entity.Crop["farm"]->com.betrybe.agrix.model.entity.Farm["crops"]->org.hibernate.collection.spi.PersistentBag[0]->com.betrybe.agrix.model.entity.Crop["farm"]->com.betrybe.agrix.model.entity.Farm["crops"]->org.hibernate.collection.spi.PersistentBag[0]->com.betrybe.agrix.model.entity.Crop["farm"]->com.betrybe.agrix.model.entity.Farm["crops"]->org.hibernate.collection.spi.PersistentBag[0]->com.betrybe.agrix.model.entity.Crop["farm"]->com.betrybe.agrix.model.entity.Farm["crops"]->org.hibernate.collection.spi.PersistentBag[0]->com.betrybe.agrix.model.entity.Crop["farm"]->com.betrybe.agrix.model.entity.Farm["crops"]->org.hibernate.collection.spi.PersistentBag[0]->com.betrybe.agrix.model.entity.Crop["farm"]->com.betrybe.agrix.model.entity.Farm["crops"]->org.hibernate.collection.spi.PersistentBag[0]->com.betrybe.agrix.model.entity.Crop["farm"]->com.betrybe.agrix.model.entity.Farm["crops"]->org.hibernate.collection.spi.PersistentBag[0]->com.betrybe.agrix.model.entity.Crop["farm"]->com.betrybe.agrix.model.entity.Farm["crops"]->org.hibernate.collection.spi.PersistentBag[0]->com.betrybe.agrix.model.entity.Crop["farm"]->com.betrybe.agrix.model.entity.Farm["crops"]->org.hibernate.collection.spi.PersistentBag[0]->com.betrybe.agrix.model.entity.Crop["farm"]->com.betrybe.agrix.model.entity.Farm["crops"]->org.hibernate.collection.spi.PersistentBag[0]->com.betrybe.agrix.model.entity.Crop["farm"]->com.betrybe.agrix.model.entity.Farm["crops"]->org.hibernate.collection.spi.PersistentBag[0]->com.betrybe.agrix.model.entity.Crop["farm"]->com.betrybe.agrix.model.entity.Farm["crops"]->org.hibernate.collection.spi.PersistentBag[0]->com.betrybe.agrix.model.entity.Crop["farm"]->com.betrybe.agrix.model.entity.Farm["crops"]->org.hibernate.collection.spi.PersistentBag[0]->com.betrybe.agrix.model.entity.Crop["farm"]->com.betrybe.agrix.model.entity.Farm["crops"]->org.hibernate.collection.spi.PersistentBag[0]->com.betrybe.agrix.model.entity.Crop["farm"]->com.betrybe.agrix.model.entity.Farm["crops"]->org.hibernate.collection.spi.PersistentBag[0]->com.betrybe.agrix.model.entity.Crop["farm"]->com.betrybe.agrix.model.entity.Farm["crops"]->org.hibernate.collection.spi.PersistentBag[0]->com.betrybe.agrix.model.entity.Crop["farm"]->com.betrybe.agrix.model.entity.Farm["crops"]->org.hibernate.collection.spi.PersistentBag[0]->com.betrybe.agrix.model.entity.Crop["farm"]->com.betrybe.agrix.model.entity.Farm["crops"]->org.hibernate.collection.spi.PersistentBag[0]->com.betrybe.agrix.model.entity.Crop["farm"]->com.betrybe.agrix.model.entity.Farm["crops"]->org.hibernate.collection.spi.PersistentBag[0]->com.betrybe.agrix.model.entity.Crop["farm"]->com.betrybe.agrix.model.entity.Farm["crops"]->org.hibernate.collection.spi.PersistentBag[0]->com.betrybe.agrix.model.entity.Crop["farm"]->com.betrybe.agrix.model.entity.Farm["crops"]->org.hibernate.collection.spi.PersistentBag[0]->com.betrybe.agrix.model.entity.Crop["farm"]->com.betrybe.agrix.model.entity.Farm["crops"]->org.hibernate.collection.spi.PersistentBag[0]->com.betrybe.agrix.model.entity.Crop["farm"]->com.betrybe.agrix.model.entity.Farm["crops"]->org.hibernate.collection.spi.PersistentBag[0]->com.betrybe.agrix.model.entity.Crop["farm"]->com.betrybe.agrix.model.entity.Farm["crops"]->org.hibernate.collection.spi.PersistentBag[0]->com.betrybe.agrix.model.entity.Crop["farm"]->com.betrybe.agrix.model.entity.Farm["crops"]->org.hibernate.collection.spi.PersistentBag[0]->com.betrybe.agrix.model.entity.Crop["farm"]->com.betrybe.agrix.model.entity.Farm["crops"]->org.hibernate.collection.spi.PersistentBag[0]->com.betrybe.agrix.model.entity.Crop["farm"]->com.betrybe.agrix.model.entity.Farm["crops"]->org.hibernate.collection.spi.PersistentBag[0]->com.betrybe.agrix.model.entity.Crop["farm"]->com.betrybe.agrix.model.entity.Farm["crops"]->org.hibernate.collection.spi.PersistentBag[0]->com.betrybe.agrix.model.entity.Crop["farm"]->com.betrybe.agrix.model.entity.Farm["crops"]->org.hibernate.collection.spi.PersistentBag[0]->com.betrybe.agrix.model.entity.Crop["farm"]->com.betrybe.agrix.model.entity.Farm["crops"]->org.hibernate.collection.spi.PersistentBag[0]->com.betrybe.agrix.model.entity.Crop["farm"]->com.betrybe.agrix.model.entity.Farm["crops"]->org.hibernate.collection.spi.PersistentBag[0]->com.betrybe.agrix.model.entity.Crop["farm"]->com.betrybe.agrix.model.entity.Farm["crops"]->org.hibernate.collection.spi.PersistentBag[0]->com.betrybe.agrix.model.entity.Crop["farm"]->com.betrybe.agrix.model.entity.Farm["crops"]->org.hibernate.collection.spi.PersistentBag[0]->com.betrybe.agrix.model.entity.Crop["farm"]->com.betrybe.agrix.model.entity.Farm["crops"]->org.hibernate.collection.spi.PersistentBag[0]->com.betrybe.agrix.model.entity.Crop["farm"]->com.betrybe.agrix.model.entity.Farm["crops"]->org.hibernate.collection.spi.PersistentBag[0]->com.betrybe.agrix.model.entity.Crop["farm"]->com.betrybe.agrix.model.entity.Farm["crops"]->org.hibernate.collection.spi.PersistentBag[0]->com.betrybe.agrix.model.entity.Crop["farm"]->com.betrybe.agrix.model.entity.Farm["crops"]->org.hibernate.collection.spi.PersistentBag[0]->com.betrybe.agrix.model.entity.Crop["farm"]->com.betrybe.agrix.model.entity.Farm["crops"]->org.hibernate.collection.spi.PersistentBag[0]->com.betrybe.agrix.model.entity.Crop["farm"]->com.betrybe.agrix.model.entity.Farm["crops"]->org.hibernate.collection.spi.PersistentBag[0]->com.betrybe.agrix.model.entity.Crop["farm"]->com.betrybe.agrix.model.entity.Farm["crops"]->org.hibernate.collection.spi.PersistentBag[0]->com.betrybe.agrix.model.entity.Crop["farm"]->com.betrybe.agrix.model.entity.Farm["crops"]->org.hibernate.collection.spi.PersistentBag[0]->com.betrybe.agrix.model.entity.Crop["farm"]->com.betrybe.agrix.model.entity.Farm["crops"]->org.hibernate.collection.spi.PersistentBag[0]->com.betrybe.agrix.model.entity.Crop["farm"]->com.betrybe.agrix.model.entity.Farm["crops"]->org.hibernate.collection.spi.PersistentBag[0]->com.betrybe.agrix.model.entity.Crop["farm"]->com.betrybe.agrix.model.entity.Farm["crops"]->org.hibernate.collection.spi.PersistentBag[0]->com.betrybe.agrix.model.entity.Crop["farm"]->com.betrybe.agrix.model.entity.Farm["crops"]->org.hibernate.collection.spi.PersistentBag[0]->com.betrybe.agrix.model.entity.Crop["farm"]->com.betrybe.agrix.model.entity.Farm["crops"]->org.hibernate.collection.spi.PersistentBag[0]->com.betrybe.agrix.model.entity.Crop["farm"]->com.betrybe.agrix.model.entity.Farm["crops"]->org.hibernate.collection.spi.PersistentBag[0]->com.betrybe.agrix.model.entity.Crop["farm"]->com.betrybe.agrix.model.entity.Farm["crops"]->org.hibernate.collection.spi.PersistentBag[0]->com.betrybe.agrix.model.entity.Crop["farm"]->com.betrybe.agrix.model.entity.Farm["crops"]->org.hibernate.collection.spi.PersistentBag[0]->com.betrybe.agrix.model.entity.Crop["farm"]->com.betrybe.agrix.model.entity.Farm["crops"]->org.hibernate.collection.spi.PersistentBag[0]->com.betrybe.agrix.model.entity.Crop["farm"]->com.betrybe.agrix.model.entity.Farm["crops"]->org.hibernate.collection.spi.PersistentBag[0]->com.betrybe.agrix.model.entity.Crop["farm"]->com.betrybe.agrix.model.entity.Farm["crops"]->org.hibernate.collection.spi.PersistentBag[0]->com.betrybe.agrix.model.entity.Crop["farm"]->com.betrybe.agrix.model.entity.Farm["crops"]->org.hibernate.collection.spi.PersistentBag[0]->com.betrybe.agrix.model.entity.Crop["farm"]->com.betrybe.agrix.model.entity.Farm["crops"]->org.hibernate.collection.spi.PersistentBag[0]->com.betrybe.agrix.model.entity.Crop["farm"]->com.betrybe.agrix.model.entity.Farm["crops"]->org.hibernate.collection.spi.PersistentBag[0]->com.betrybe.agrix.model.entity.Crop["farm"]->com.betrybe.agrix.model.entity.Farm["crops"]->org.hibernate.collection.spi.PersistentBag[0]->com.betrybe.agrix.model.entity.Crop["farm"]->com.betrybe.agrix.model.entity.Farm["crops"]->org.hibernate.collection.spi.PersistentBag[0]->com.betrybe.agrix.model.entity.Crop["farm"]->com.betrybe.agrix.model.entity.Farm["crops"]->org.hibernate.collection.spi.PersistentBag[0]->com.betrybe.agrix.model.entity.Crop["farm"]->com.betrybe.agrix.model.entity.Farm["crops"]->org.hibernate.collection.spi.PersistentBag[0]->com.betrybe.agrix.model.entity.Crop["farm"]->com.betrybe.agrix.model.entity.Farm["crops"]->org.hibernate.collection.spi.PersistentBag[0]->com.betrybe.agrix.model.entity.Crop["farm"]->com.betrybe.agrix.model.entity.Farm["crops"]->org.hibernate.collection.spi.PersistentBag[0]->com.betrybe.agrix.model.entity.Crop["farm"]->com.betrybe.agrix.model.entity.Farm["crops"]->org.hibernate.collection.spi.PersistentBag[0]->com.betrybe.agrix.model.entity.Crop["farm"]->com.betrybe.agrix.model.entity.Farm["crops"]->org.hibernate.collection.spi.PersistentBag[0]->com.betrybe.agrix.model.entity.Crop["farm"]->com.betrybe.agrix.model.entity.Farm["crops"]->org.hibernate.collection.spi.PersistentBag[0]->com.betrybe.agrix.model.entity.Crop["farm"]->com.betrybe.agrix.model.entity.Farm["crops"]->org.hibernate.collection.spi.PersistentBag[0]->com.betrybe.agrix.model.entity.Crop["farm"]->com.betrybe.agrix.model.entity.Farm["crops"]->org.hibernate.collection.spi.PersistentBag[0]->com.betrybe.agrix.model.entity.Crop["farm"]->com.betrybe.agrix.model.entity.Farm["crops"]->org.hibernate.collection.spi.PersistentBag[0]->com.betrybe.agrix.model.entity.Crop["farm"]->com.betrybe.agrix.model.entity.Farm["crops"]->org.hibernate.collection.spi.PersistentBag[0]->com.betrybe.agrix.model.entity.Crop["farm"]->com.betrybe.agrix.model.entity.Farm["crops"]->org.hibernate.collection.spi.PersistentBag[0]->com.betrybe.agrix.model.entity.Crop["farm"]->com.betrybe.agrix.model.entity.Farm["crops"]->org.hibernate.collection.spi.PersistentBag[0]->com.betrybe.agrix.model.entity.Crop["farm"]->com.betrybe.agrix.model.entity.Farm["crops"]->org.hibernate.collection.spi.PersistentBag[0]->com.betrybe.agrix.model.entity.Crop["farm"]->com.betrybe.agrix.model.entity.Farm["crops"]->org.hibernate.collection.spi.PersistentBag[0]->com.betrybe.agrix.model.entity.Crop["farm"]->com.betrybe.agrix.model.entity.Farm["crops"]->org.hibernate.collection.spi.PersistentBag[0]->com.betrybe.agrix.model.entity.Crop["farm"]->com.betrybe.agrix.model.entity.Farm["crops"]->org.hibernate.collection.spi.PersistentBag[0]->com.betrybe.agrix.model.entity.Crop["farm"]->com.betrybe.agrix.model.entity.Farm["crops"]->org.hibernate.collection.spi.PersistentBag[0]->com.betrybe.agrix.model.entity.Crop["farm"]->com.betrybe.agrix.model.entity.Farm["crops"]->org.hibernate.collection.spi.PersistentBag[0]->com.betrybe.agrix.model.entity.Crop["farm"]->com.betrybe.agrix.model.entity.Farm["crops"]->org.hibernate.collection.spi.PersistentBag[0]->com.betrybe.agrix.model.entity.Crop["farm"]->com.betrybe.agrix.model.entity.Farm["crops"]->org.hibernate.collection.spi.PersistentBag[0]->com.betrybe.agrix.model.entity.Crop["farm"]->com.betrybe.agrix.model.entity.Farm["crops"]->org.hibernate.collection.spi.PersistentBag[0]->com.betrybe.agrix.model.entity.Crop["farm"]->com.betrybe.agrix.model.entity.Farm["crops"]->org.hibernate.collection.spi.PersistentBag[0]->com.betrybe.agrix.model.entity.Crop["farm"]->com.betrybe.agrix.model.entity.Farm["crops"]->org.hibernate.collection.spi.PersistentBag[0]->com.betrybe.agrix.model.entity.Crop["farm"]->com.betrybe.agrix.model.entity.Farm["crops"]->org.hibernate.collection.spi.PersistentBag[0]->com.betrybe.agrix.model.entity.Crop["farm"]->com.betrybe.agrix.model.entity.Farm["crops"]->org.hibernate.collection.spi.PersistentBag[0]->com.betrybe.agrix.model.entity.Crop["farm"]->com.betrybe.agrix.model.entity.Farm["crops"]->org.hibernate.collection.spi.PersistentBag[0]->com.betrybe.agrix.model.entity.Crop["farm"]->com.betrybe.agrix.model.entity.Farm["crops"]->org.hibernate.collection.spi.PersistentBag[0]->com.betrybe.agrix.model.entity.Crop["farm"]->com.betrybe.agrix.model.entity.Farm["crops"]->org.hibernate.collection.spi.PersistentBag[0]->com.betrybe.agrix.model.entity.Crop["farm"]->com.betrybe.agrix.model.entity.Farm["crops"]->org.hibernate.collection.spi.PersistentBag[0]->com.betrybe.agrix.model.entity.Crop["farm"]->com.betrybe.agrix.model.entity.Farm["crops"]->org.hibernate.collection.spi.PersistentBag[0]->com.betrybe.agrix.model.entity.Crop["farm"]->com.betrybe.agrix.model.entity.Farm["crops"]->org.hibernate.collection.spi.PersistentBag[0]->com.betrybe.agrix.model.entity.Crop["farm"]->com.betrybe.agrix.model.entity.Farm["crops"]->org.hibernate.collection.spi.PersistentBag[0]->com.betrybe.agrix.model.entity.Crop["farm"]->com.betrybe.agrix.model.entity.Farm["crops"]->org.hibernate.collection.spi.PersistentBag[0]->com.betrybe.agrix.model.entity.Crop["farm"]->com.betrybe.agrix.model.entity.Farm["crops"]->org.hibernate.collection.spi.PersistentBag[0]->com.betrybe.agrix.model.entity.Crop["farm"]->com.betrybe.agrix.model.entity.Farm["crops"]->org.hibernate.collection.spi.PersistentBag[0]->com.betrybe.agrix.model.entity.Crop["farm"]->com.betrybe.agrix.model.entity.Farm["crops"]->org.hibernate.collection.spi.PersistentBag[0]->com.betrybe.agrix.model.entity.Crop["farm"]->com.betrybe.agrix.model.entity.Farm["crops"]->org.hibernate.collection.spi.PersistentBag[0]->com.betrybe.agrix.model.entity.Crop["farm"]->com.betrybe.agrix.model.entity.Farm["crops"]->org.hibernate.collection.spi.PersistentBag[0]->com.betrybe.agrix.model.entity.Crop["farm"]->com.betrybe.agrix.model.entity.Farm["crops"]->org.hibernate.collection.spi.PersistentBag[0]->com.betrybe.agrix.model.entity.Crop["farm"]->com.betrybe.agrix.model.entity.Farm["crops"]->org.hibernate.collection.spi.PersistentBag[0]->com.betrybe.agrix.model.entity.Crop["farm"]->com.betrybe.agrix.model.entity.Farm["crops"]->org.hibernate.collection.spi.PersistentBag[0]->com.betrybe.agrix.model.entity.Crop["farm"]->com.betrybe.agrix.model.entity.Farm["crops"]->org.hibernate.collection.spi.PersistentBag[0]->com.betrybe.agrix.model.entity.Crop["farm"]->com.betrybe.agrix.model.entity.Farm["crops"]->org.hibernate.collection.spi.PersistentBag[0]->com.betrybe.agrix.model.entity.Crop["farm"]->com.betrybe.agrix.model.entity.Farm["crops"]->org.hibernate.collection.spi.PersistentBag[0]->com.betrybe.agrix.model.entity.Crop["farm"]->com.betrybe.agrix.model.entity.Farm["crops"]->org.hibernate.collection.spi.PersistentBag[0]->com.betrybe.agrix.model.entity.Crop["farm"]->com.betrybe.agrix.model.entity.Farm["crops"]->org.hibernate.collection.spi.PersistentBag[0]->com.betrybe.agrix.model.entity.Crop["farm"]->com.betrybe.agrix.model.entity.Farm["crops"]->org.hibernate.collection.spi.PersistentBag[0]->com.betrybe.agrix.model.entity.Crop["farm"]->com.betrybe.agrix.model.entity.Farm["crops"]->org.hibernate.collection.spi.PersistentBag[0]->com.betrybe.agrix.model.entity.Crop["farm"]->com.betrybe.agrix.model.entity.Farm["crops"]->org.hibernate.collection.spi.PersistentBag[0]->com.betrybe.agrix.model.entity.Crop["farm"]->com.betrybe.agrix.model.entity.Farm["crops"]->org.hibernate.collection.spi.PersistentBag[0]->com.betrybe.agrix.model.entity.Crop["farm"]->com.betrybe.agrix.model.entity.Farm["crops"]->org.hibernate.collection.spi.PersistentBag[0]->com.betrybe.agrix.model.entity.Crop["farm"]->com.betrybe.agrix.model.entity.Farm["crops"]->org.hibernate.collection.spi.PersistentBag[0]->com.betrybe.agrix.model.entity.Crop["farm"]->com.betrybe.agrix.model.entity.Farm["crops"]->org.hibernate.collection.spi.PersistentBag[0]->com.betrybe.agrix.model.entity.Crop["farm"]->com.betrybe.agrix.model.entity.Farm["crops"]->org.hibernate.collection.spi.PersistentBag[0]->com.betrybe.agrix.model.entity.Crop["farm"]->com.betrybe.agrix.model.entity.Farm["crops"]->org.hibernate.collection.spi.PersistentBag[0]->com.betrybe.agrix.model.entity.Crop["farm"]->com.betrybe.agrix.model.entity.Farm["crops"]->org.hibernate.collection.spi.PersistentBag[0]->com.betrybe.agrix.model.entity.Crop["farm"]->com.betrybe.agrix.model.entity.Farm["crops"]->org.hibernate.collection.spi.PersistentBag[0]->com.betrybe.agrix.model.entity.Crop["farm"]->com.betrybe.agrix.model.entity.Farm["crops"]->org.hibernate.collection.spi.PersistentBag[0]->com.betrybe.agrix.model.entity.Crop["farm"]->com.betrybe.agrix.model.entity.Farm["crops"]->org.hibernate.collection.spi.PersistentBag[0]->com.betrybe.agrix.model.entity.Crop["farm"]->com.betrybe.agrix.model.entity.Farm["crops"]->org.hibernate.collection.spi.PersistentBag[0]->com.betrybe.agrix.model.entity.Crop["farm"]->com.betrybe.agrix.model.entity.Farm["crops"]->org.hibernate.collection.spi.PersistentBag[0]->com.betrybe.agrix.model.entity.Crop["farm"]->com.betrybe.agrix.model.entity.Farm["crops"]->org.hibernate.collection.spi.PersistentBag[0]->com.betrybe.agrix.model.entity.Crop["farm"]->com.betrybe.agrix.model.entity.Farm["crops"]->org.hibernate.collection.spi.PersistentBag[0]->com.betrybe.agrix.model.entity.Crop["farm"]->com.betrybe.agrix.model.entity.Farm["crops"]->org.hibernate.collection.spi.PersistentBag[0]->com.betrybe.agrix.model.entity.Crop["farm"]->com.betrybe.agrix.model.entity.Farm["crops"]->org.hibernate.collection.spi.PersistentBag[0]->com.betrybe.agrix.model.entity.Crop["farm"]->com.betrybe.agrix.model.entity.Farm["crops"]->org.hibernate.collection.spi.PersistentBag[0]->com.betrybe.agrix.model.entity.Crop["farm"]->com.betrybe.agrix.model.entity.Farm["crops"]->org.hibernate.collection.spi.PersistentBag[0]->com.betrybe.agrix.model.entity.Crop["farm"]->com.betrybe.agrix.model.entity.Farm["crops"]->org.hibernate.collection.spi.PersistentBag[0]->com.betrybe.agrix.model.entity.Crop["farm"]->com.betrybe.agrix.model.entity.Farm["crops"]->org.hibernate.collection.spi.PersistentBag[0]->com.betrybe.agrix.model.entity.Crop["plantedArea"])
Caused by: java.lang.StackOverflowError
]]></error>
    <system-out><![CDATA[2024-03-30T21:58:08.626-03:00  INFO 41612 --- [           main] o.s.b.t.m.w.SpringBootMockServletContext : Initializing Spring TestDispatcherServlet ''
2024-03-30T21:58:08.626-03:00  INFO 41612 --- [           main] o.s.t.web.servlet.TestDispatcherServlet  : Initializing Servlet ''
2024-03-30T21:58:08.627-03:00  INFO 41612 --- [           main] o.s.t.web.servlet.TestDispatcherServlet  : Completed initialization in 1 ms
Hibernate: 
    insert 
    into
        farms
        (name,size,id) 
    values
        (?,?,default)
Hibernate: 
    select
        f1_0.id,
        f1_0.name,
        f1_0.size 
    from
        farms f1_0 
    where
        f1_0.id=?
Hibernate: 
    insert 
    into
        crops
        (farm_id,name,planted_area,id) 
    values
        (?,?,?,default)
Hibernate: 
    select
        c1_0.farm_id,
        c1_0.id,
        c1_0.name,
        c1_0.planted_area 
    from
        crops c1_0 
    where
        c1_0.farm_id=?
2024-03-30T21:58:08.647-03:00  WARN 41612 --- [           main] .w.s.m.s.DefaultHandlerExceptionResolver : Failure while trying to resolve exception [org.springframework.http.converter.HttpMessageNotWritableException]

java.lang.IllegalStateException: Cannot set error status - response is already committed
	at org.springframework.util.Assert.state(Assert.java:76) ~[spring-core-6.0.10.jar:6.0.10]
	at org.springframework.mock.web.MockHttpServletResponse.sendError(MockHttpServletResponse.java:586) ~[spring-test-6.0.10.jar:6.0.10]
	at org.springframework.web.servlet.mvc.support.DefaultHandlerExceptionResolver.sendServerError(DefaultHandlerExceptionResolver.java:581) ~[spring-webmvc-6.0.10.jar:6.0.10]
	at org.springframework.web.servlet.mvc.support.DefaultHandlerExceptionResolver.handleHttpMessageNotWritable(DefaultHandlerExceptionResolver.java:548) ~[spring-webmvc-6.0.10.jar:6.0.10]
	at org.springframework.web.servlet.mvc.support.DefaultHandlerExceptionResolver.doResolveException(DefaultHandlerExceptionResolver.java:221) ~[spring-webmvc-6.0.10.jar:6.0.10]
	at org.springframework.web.servlet.handler.AbstractHandlerExceptionResolver.resolveException(AbstractHandlerExceptionResolver.java:141) ~[spring-webmvc-6.0.10.jar:6.0.10]
	at org.springframework.web.servlet.handler.HandlerExceptionResolverComposite.resolveException(HandlerExceptionResolverComposite.java:80) ~[spring-webmvc-6.0.10.jar:6.0.10]
	at org.springframework.web.servlet.DispatcherServlet.processHandlerException(DispatcherServlet.java:1341) ~[spring-webmvc-6.0.10.jar:6.0.10]
	at org.springframework.test.web.servlet.TestDispatcherServlet.processHandlerException(TestDispatcherServlet.java:144) ~[spring-test-6.0.10.jar:6.0.10]
	at org.springframework.web.servlet.DispatcherServlet.processDispatchResult(DispatcherServlet.java:1152) ~[spring-webmvc-6.0.10.jar:6.0.10]
	at org.springframework.web.servlet.DispatcherServlet.doDispatch(DispatcherServlet.java:1098) ~[spring-webmvc-6.0.10.jar:6.0.10]
	at org.springframework.web.servlet.DispatcherServlet.doService(DispatcherServlet.java:974) ~[spring-webmvc-6.0.10.jar:6.0.10]
	at org.springframework.web.servlet.FrameworkServlet.processRequest(FrameworkServlet.java:1011) ~[spring-webmvc-6.0.10.jar:6.0.10]
	at org.springframework.web.servlet.FrameworkServlet.doPost(FrameworkServlet.java:914) ~[spring-webmvc-6.0.10.jar:6.0.10]
	at jakarta.servlet.http.HttpServlet.service(HttpServlet.java:590) ~[tomcat-embed-core-10.1.10.jar:6.0]
	at org.springframework.web.servlet.FrameworkServlet.service(FrameworkServlet.java:885) ~[spring-webmvc-6.0.10.jar:6.0.10]
	at org.springframework.test.web.servlet.TestDispatcherServlet.service(TestDispatcherServlet.java:72) ~[spring-test-6.0.10.jar:6.0.10]
	at jakarta.servlet.http.HttpServlet.service(HttpServlet.java:658) ~[tomcat-embed-core-10.1.10.jar:6.0]
	at org.springframework.mock.web.MockFilterChain$ServletFilterProxy.doFilter(MockFilterChain.java:165) ~[spring-test-6.0.10.jar:6.0.10]
	at org.springframework.mock.web.MockFilterChain.doFilter(MockFilterChain.java:132) ~[spring-test-6.0.10.jar:6.0.10]
	at org.springframework.test.web.servlet.MockMvc.perform(MockMvc.java:201) ~[spring-test-6.0.10.jar:6.0.10]
	at com.betrybe.agrix.evaluation.CropManagementTest.performCropCreation(CropManagementTest.java:257) ~[test-classes/:na]
	at com.betrybe.agrix.evaluation.CropManagementTest.testCropCreationSuccess(CropManagementTest.java:68) ~[test-classes/:na]
	at com.betrybe.agrix.evaluation.CropManagementTest.testCropCreation(CropManagementTest.java:60) ~[test-classes/:na]
	at java.base/jdk.internal.reflect.NativeMethodAccessorImpl.invoke0(Native Method) ~[na:na]
	at java.base/jdk.internal.reflect.NativeMethodAccessorImpl.invoke(NativeMethodAccessorImpl.java:77) ~[na:na]
	at java.base/jdk.internal.reflect.DelegatingMethodAccessorImpl.invoke(DelegatingMethodAccessorImpl.java:43) ~[na:na]
	at java.base/java.lang.reflect.Method.invoke(Method.java:568) ~[na:na]
	at org.junit.platform.commons.util.ReflectionUtils.invokeMethod(ReflectionUtils.java:727) ~[junit-platform-commons-1.9.3.jar:1.9.3]
	at org.junit.jupiter.engine.execution.ExecutableInvoker.invoke(ExecutableInvoker.java:117) ~[junit-jupiter-engine-5.4.2.jar:5.4.2]
	at org.junit.jupiter.engine.descriptor.TestMethodTestDescriptor.lambda$invokeTestMethod$7(TestMethodTestDescriptor.java:184) ~[junit-jupiter-engine-5.4.2.jar:5.4.2]
	at org.junit.platform.engine.support.hierarchical.ThrowableCollector.execute(ThrowableCollector.java:73) ~[junit-platform-engine-1.9.3.jar:1.9.3]
	at org.junit.jupiter.engine.descriptor.TestMethodTestDescriptor.invokeTestMethod(TestMethodTestDescriptor.java:180) ~[junit-jupiter-engine-5.4.2.jar:5.4.2]
	at org.junit.jupiter.engine.descriptor.TestMethodTestDescriptor.execute(TestMethodTestDescriptor.java:127) ~[junit-jupiter-engine-5.4.2.jar:5.4.2]
	at org.junit.jupiter.engine.descriptor.TestMethodTestDescriptor.execute(TestMethodTestDescriptor.java:68) ~[junit-jupiter-engine-5.4.2.jar:5.4.2]
	at org.junit.platform.engine.support.hierarchical.NodeTestTask.lambda$executeRecursively$6(NodeTestTask.java:151) ~[junit-platform-engine-1.9.3.jar:1.9.3]
	at org.junit.platform.engine.support.hierarchical.ThrowableCollector.execute(ThrowableCollector.java:73) ~[junit-platform-engine-1.9.3.jar:1.9.3]
	at org.junit.platform.engine.support.hierarchical.NodeTestTask.lambda$executeRecursively$8(NodeTestTask.java:141) ~[junit-platform-engine-1.9.3.jar:1.9.3]
	at org.junit.platform.engine.support.hierarchical.Node.around(Node.java:137) ~[junit-platform-engine-1.9.3.jar:1.9.3]
	at org.junit.platform.engine.support.hierarchical.NodeTestTask.lambda$executeRecursively$9(NodeTestTask.java:139) ~[junit-platform-engine-1.9.3.jar:1.9.3]
	at org.junit.platform.engine.support.hierarchical.ThrowableCollector.execute(ThrowableCollector.java:73) ~[junit-platform-engine-1.9.3.jar:1.9.3]
	at org.junit.platform.engine.support.hierarchical.NodeTestTask.executeRecursively(NodeTestTask.java:138) ~[junit-platform-engine-1.9.3.jar:1.9.3]
	at org.junit.platform.engine.support.hierarchical.NodeTestTask.execute(NodeTestTask.java:95) ~[junit-platform-engine-1.9.3.jar:1.9.3]
	at java.base/java.util.ArrayList.forEach(ArrayList.java:1511) ~[na:na]
	at org.junit.platform.engine.support.hierarchical.SameThreadHierarchicalTestExecutorService.invokeAll(SameThreadHierarchicalTestExecutorService.java:41) ~[junit-platform-engine-1.9.3.jar:1.9.3]
	at org.junit.platform.engine.support.hierarchical.NodeTestTask.lambda$executeRecursively$6(NodeTestTask.java:155) ~[junit-platform-engine-1.9.3.jar:1.9.3]
	at org.junit.platform.engine.support.hierarchical.ThrowableCollector.execute(ThrowableCollector.java:73) ~[junit-platform-engine-1.9.3.jar:1.9.3]
	at org.junit.platform.engine.support.hierarchical.NodeTestTask.lambda$executeRecursively$8(NodeTestTask.java:141) ~[junit-platform-engine-1.9.3.jar:1.9.3]
	at org.junit.platform.engine.support.hierarchical.Node.around(Node.java:137) ~[junit-platform-engine-1.9.3.jar:1.9.3]
	at org.junit.platform.engine.support.hierarchical.NodeTestTask.lambda$executeRecursively$9(NodeTestTask.java:139) ~[junit-platform-engine-1.9.3.jar:1.9.3]
	at org.junit.platform.engine.support.hierarchical.ThrowableCollector.execute(ThrowableCollector.java:73) ~[junit-platform-engine-1.9.3.jar:1.9.3]
	at org.junit.platform.engine.support.hierarchical.NodeTestTask.executeRecursively(NodeTestTask.java:138) ~[junit-platform-engine-1.9.3.jar:1.9.3]
	at org.junit.platform.engine.support.hierarchical.NodeTestTask.execute(NodeTestTask.java:95) ~[junit-platform-engine-1.9.3.jar:1.9.3]
	at java.base/java.util.ArrayList.forEach(ArrayList.java:1511) ~[na:na]
	at org.junit.platform.engine.support.hierarchical.SameThreadHierarchicalTestExecutorService.invokeAll(SameThreadHierarchicalTestExecutorService.java:41) ~[junit-platform-engine-1.9.3.jar:1.9.3]
	at org.junit.platform.engine.support.hierarchical.NodeTestTask.lambda$executeRecursively$6(NodeTestTask.java:155) ~[junit-platform-engine-1.9.3.jar:1.9.3]
	at org.junit.platform.engine.support.hierarchical.ThrowableCollector.execute(ThrowableCollector.java:73) ~[junit-platform-engine-1.9.3.jar:1.9.3]
	at org.junit.platform.engine.support.hierarchical.NodeTestTask.lambda$executeRecursively$8(NodeTestTask.java:141) ~[junit-platform-engine-1.9.3.jar:1.9.3]
	at org.junit.platform.engine.support.hierarchical.Node.around(Node.java:137) ~[junit-platform-engine-1.9.3.jar:1.9.3]
	at org.junit.platform.engine.support.hierarchical.NodeTestTask.lambda$executeRecursively$9(NodeTestTask.java:139) ~[junit-platform-engine-1.9.3.jar:1.9.3]
	at org.junit.platform.engine.support.hierarchical.ThrowableCollector.execute(ThrowableCollector.java:73) ~[junit-platform-engine-1.9.3.jar:1.9.3]
	at org.junit.platform.engine.support.hierarchical.NodeTestTask.executeRecursively(NodeTestTask.java:138) ~[junit-platform-engine-1.9.3.jar:1.9.3]
	at org.junit.platform.engine.support.hierarchical.NodeTestTask.execute(NodeTestTask.java:95) ~[junit-platform-engine-1.9.3.jar:1.9.3]
	at org.junit.platform.engine.support.hierarchical.SameThreadHierarchicalTestExecutorService.submit(SameThreadHierarchicalTestExecutorService.java:35) ~[junit-platform-engine-1.9.3.jar:1.9.3]
	at org.junit.platform.engine.support.hierarchical.HierarchicalTestExecutor.execute(HierarchicalTestExecutor.java:57) ~[junit-platform-engine-1.9.3.jar:1.9.3]
	at org.junit.platform.engine.support.hierarchical.HierarchicalTestEngine.execute(HierarchicalTestEngine.java:54) ~[junit-platform-engine-1.9.3.jar:1.9.3]
	at org.junit.platform.launcher.core.EngineExecutionOrchestrator.execute(EngineExecutionOrchestrator.java:147) ~[junit-platform-launcher-1.9.3.jar:1.9.3]
	at org.junit.platform.launcher.core.EngineExecutionOrchestrator.execute(EngineExecutionOrchestrator.java:127) ~[junit-platform-launcher-1.9.3.jar:1.9.3]
	at org.junit.platform.launcher.core.EngineExecutionOrchestrator.execute(EngineExecutionOrchestrator.java:90) ~[junit-platform-launcher-1.9.3.jar:1.9.3]
	at org.junit.platform.launcher.core.EngineExecutionOrchestrator.lambda$execute$0(EngineExecutionOrchestrator.java:55) ~[junit-platform-launcher-1.9.3.jar:1.9.3]
	at org.junit.platform.launcher.core.EngineExecutionOrchestrator.withInterceptedStreams(EngineExecutionOrchestrator.java:102) ~[junit-platform-launcher-1.9.3.jar:1.9.3]
	at org.junit.platform.launcher.core.EngineExecutionOrchestrator.execute(EngineExecutionOrchestrator.java:54) ~[junit-platform-launcher-1.9.3.jar:1.9.3]
	at org.junit.platform.launcher.core.DefaultLauncher.execute(DefaultLauncher.java:114) ~[junit-platform-launcher-1.9.3.jar:1.9.3]
	at org.junit.platform.launcher.core.DefaultLauncher.execute(DefaultLauncher.java:86) ~[junit-platform-launcher-1.9.3.jar:1.9.3]
	at org.junit.platform.launcher.core.DefaultLauncherSession$DelegatingLauncher.execute(DefaultLauncherSession.java:86) ~[junit-platform-launcher-1.9.3.jar:1.9.3]
	at org.junit.platform.launcher.core.SessionPerRequestLauncher.execute(SessionPerRequestLauncher.java:53) ~[junit-platform-launcher-1.9.3.jar:1.9.3]
	at org.apache.maven.surefire.junitplatform.JUnitPlatformProvider.execute(JUnitPlatformProvider.java:188) ~[surefire-junit-platform-3.0.0-M5.jar:3.0.0-M5]
	at org.apache.maven.surefire.junitplatform.JUnitPlatformProvider.invokeAllTests(JUnitPlatformProvider.java:154) ~[surefire-junit-platform-3.0.0-M5.jar:3.0.0-M5]
	at org.apache.maven.surefire.junitplatform.JUnitPlatformProvider.invoke(JUnitPlatformProvider.java:128) ~[surefire-junit-platform-3.0.0-M5.jar:3.0.0-M5]
	at org.apache.maven.surefire.booter.ForkedBooter.runSuitesInProcess(ForkedBooter.java:428) ~[surefire-booter-3.0.0-M5.jar:3.0.0-M5]
	at org.apache.maven.surefire.booter.ForkedBooter.execute(ForkedBooter.java:162) ~[surefire-booter-3.0.0-M5.jar:3.0.0-M5]
	at org.apache.maven.surefire.booter.ForkedBooter.run(ForkedBooter.java:562) ~[surefire-booter-3.0.0-M5.jar:3.0.0-M5]
	at org.apache.maven.surefire.booter.ForkedBooter.main(ForkedBooter.java:548) ~[surefire-booter-3.0.0-M5.jar:3.0.0-M5]

]]></system-out>
  </testcase>
  <testcase name="7- Crie a rota GET /crops/{id}" classname="Req 04-07" time="0.024">
    <error type="jakarta.servlet.ServletException"><![CDATA[jakarta.servlet.ServletException: Request processing failed: org.springframework.http.converter.HttpMessageNotWritableException: Could not write JSON: Infinite recursion (StackOverflowError)
	at com.betrybe.agrix.evaluation.CropManagementTest.performCropCreation(CropManagementTest.java:257)
	at com.betrybe.agrix.evaluation.CropManagementTest.testGetCropSuccess(CropManagementTest.java:211)
	at com.betrybe.agrix.evaluation.CropManagementTest.testGetCrop(CropManagementTest.java:205)
Caused by: org.springframework.http.converter.HttpMessageNotWritableException: Could not write JSON: Infinite recursion (StackOverflowError)
	at com.betrybe.agrix.evaluation.CropManagementTest.performCropCreation(CropManagementTest.java:257)
	at com.betrybe.agrix.evaluation.CropManagementTest.testGetCropSuccess(CropManagementTest.java:211)
	at com.betrybe.agrix.evaluation.CropManagementTest.testGetCrop(CropManagementTest.java:205)
Caused by: com.fasterxml.jackson.databind.JsonMappingException: Infinite recursion (StackOverflowError) (through reference chain: com.betrybe.agrix.model.entity.Farm["crops"]->org.hibernate.collection.spi.PersistentBag[0]->com.betrybe.agrix.model.entity.Crop["farm"]->com.betrybe.agrix.model.entity.Farm["crops"]->org.hibernate.collection.spi.PersistentBag[0]->com.betrybe.agrix.model.entity.Crop["farm"]->com.betrybe.agrix.model.entity.Farm["crops"]->org.hibernate.collection.spi.PersistentBag[0]->com.betrybe.agrix.model.entity.Crop["farm"]->com.betrybe.agrix.model.entity.Farm["crops"]->org.hibernate.collection.spi.PersistentBag[0]->com.betrybe.agrix.model.entity.Crop["farm"]->com.betrybe.agrix.model.entity.Farm["crops"]->org.hibernate.collection.spi.PersistentBag[0]->com.betrybe.agrix.model.entity.Crop["farm"]->com.betrybe.agrix.model.entity.Farm["crops"]->org.hibernate.collection.spi.PersistentBag[0]->com.betrybe.agrix.model.entity.Crop["farm"]->com.betrybe.agrix.model.entity.Farm["crops"]->org.hibernate.collection.spi.PersistentBag[0]->com.betrybe.agrix.model.entity.Crop["farm"]->com.betrybe.agrix.model.entity.Farm["crops"]->org.hibernate.collection.spi.PersistentBag[0]->com.betrybe.agrix.model.entity.Crop["farm"]->com.betrybe.agrix.model.entity.Farm["crops"]->org.hibernate.collection.spi.PersistentBag[0]->com.betrybe.agrix.model.entity.Crop["farm"]->com.betrybe.agrix.model.entity.Farm["crops"]->org.hibernate.collection.spi.PersistentBag[0]->com.betrybe.agrix.model.entity.Crop["farm"]->com.betrybe.agrix.model.entity.Farm["crops"]->org.hibernate.collection.spi.PersistentBag[0]->com.betrybe.agrix.model.entity.Crop["farm"]->com.betrybe.agrix.model.entity.Farm["crops"]->org.hibernate.collection.spi.PersistentBag[0]->com.betrybe.agrix.model.entity.Crop["farm"]->com.betrybe.agrix.model.entity.Farm["crops"]->org.hibernate.collection.spi.PersistentBag[0]->com.betrybe.agrix.model.entity.Crop["farm"]->com.betrybe.agrix.model.entity.Farm["crops"]->org.hibernate.collection.spi.PersistentBag[0]->com.betrybe.agrix.model.entity.Crop["farm"]->com.betrybe.agrix.model.entity.Farm["crops"]->org.hibernate.collection.spi.PersistentBag[0]->com.betrybe.agrix.model.entity.Crop["farm"]->com.betrybe.agrix.model.entity.Farm["crops"]->org.hibernate.collection.spi.PersistentBag[0]->com.betrybe.agrix.model.entity.Crop["farm"]->com.betrybe.agrix.model.entity.Farm["crops"]->org.hibernate.collection.spi.PersistentBag[0]->com.betrybe.agrix.model.entity.Crop["farm"]->com.betrybe.agrix.model.entity.Farm["crops"]->org.hibernate.collection.spi.PersistentBag[0]->com.betrybe.agrix.model.entity.Crop["farm"]->com.betrybe.agrix.model.entity.Farm["crops"]->org.hibernate.collection.spi.PersistentBag[0]->com.betrybe.agrix.model.entity.Crop["farm"]->com.betrybe.agrix.model.entity.Farm["crops"]->org.hibernate.collection.spi.PersistentBag[0]->com.betrybe.agrix.model.entity.Crop["farm"]->com.betrybe.agrix.model.entity.Farm["crops"]->org.hibernate.collection.spi.PersistentBag[0]->com.betrybe.agrix.model.entity.Crop["farm"]->com.betrybe.agrix.model.entity.Farm["crops"]->org.hibernate.collection.spi.PersistentBag[0]->com.betrybe.agrix.model.entity.Crop["farm"]->com.betrybe.agrix.model.entity.Farm["crops"]->org.hibernate.collection.spi.PersistentBag[0]->com.betrybe.agrix.model.entity.Crop["farm"]->com.betrybe.agrix.model.entity.Farm["crops"]->org.hibernate.collection.spi.PersistentBag[0]->com.betrybe.agrix.model.entity.Crop["farm"]->com.betrybe.agrix.model.entity.Farm["crops"]->org.hibernate.collection.spi.PersistentBag[0]->com.betrybe.agrix.model.entity.Crop["farm"]->com.betrybe.agrix.model.entity.Farm["crops"]->org.hibernate.collection.spi.PersistentBag[0]->com.betrybe.agrix.model.entity.Crop["farm"]->com.betrybe.agrix.model.entity.Farm["crops"]->org.hibernate.collection.spi.PersistentBag[0]->com.betrybe.agrix.model.entity.Crop["farm"]->com.betrybe.agrix.model.entity.Farm["crops"]->org.hibernate.collection.spi.PersistentBag[0]->com.betrybe.agrix.model.entity.Crop["farm"]->com.betrybe.agrix.model.entity.Farm["crops"]->org.hibernate.collection.spi.PersistentBag[0]->com.betrybe.agrix.model.entity.Crop["farm"]->com.betrybe.agrix.model.entity.Farm["crops"]->org.hibernate.collection.spi.PersistentBag[0]->com.betrybe.agrix.model.entity.Crop["farm"]->com.betrybe.agrix.model.entity.Farm["crops"]->org.hibernate.collection.spi.PersistentBag[0]->com.betrybe.agrix.model.entity.Crop["farm"]->com.betrybe.agrix.model.entity.Farm["crops"]->org.hibernate.collection.spi.PersistentBag[0]->com.betrybe.agrix.model.entity.Crop["farm"]->com.betrybe.agrix.model.entity.Farm["crops"]->org.hibernate.collection.spi.PersistentBag[0]->com.betrybe.agrix.model.entity.Crop["farm"]->com.betrybe.agrix.model.entity.Farm["crops"]->org.hibernate.collection.spi.PersistentBag[0]->com.betrybe.agrix.model.entity.Crop["farm"]->com.betrybe.agrix.model.entity.Farm["crops"]->org.hibernate.collection.spi.PersistentBag[0]->com.betrybe.agrix.model.entity.Crop["farm"]->com.betrybe.agrix.model.entity.Farm["crops"]->org.hibernate.collection.spi.PersistentBag[0]->com.betrybe.agrix.model.entity.Crop["farm"]->com.betrybe.agrix.model.entity.Farm["crops"]->org.hibernate.collection.spi.PersistentBag[0]->com.betrybe.agrix.model.entity.Crop["farm"]->com.betrybe.agrix.model.entity.Farm["crops"]->org.hibernate.collection.spi.PersistentBag[0]->com.betrybe.agrix.model.entity.Crop["farm"]->com.betrybe.agrix.model.entity.Farm["crops"]->org.hibernate.collection.spi.PersistentBag[0]->com.betrybe.agrix.model.entity.Crop["farm"]->com.betrybe.agrix.model.entity.Farm["crops"]->org.hibernate.collection.spi.PersistentBag[0]->com.betrybe.agrix.model.entity.Crop["farm"]->com.betrybe.agrix.model.entity.Farm["crops"]->org.hibernate.collection.spi.PersistentBag[0]->com.betrybe.agrix.model.entity.Crop["farm"]->com.betrybe.agrix.model.entity.Farm["crops"]->org.hibernate.collection.spi.PersistentBag[0]->com.betrybe.agrix.model.entity.Crop["farm"]->com.betrybe.agrix.model.entity.Farm["crops"]->org.hibernate.collection.spi.PersistentBag[0]->com.betrybe.agrix.model.entity.Crop["farm"]->com.betrybe.agrix.model.entity.Farm["crops"]->org.hibernate.collection.spi.PersistentBag[0]->com.betrybe.agrix.model.entity.Crop["farm"]->com.betrybe.agrix.model.entity.Farm["crops"]->org.hibernate.collection.spi.PersistentBag[0]->com.betrybe.agrix.model.entity.Crop["farm"]->com.betrybe.agrix.model.entity.Farm["crops"]->org.hibernate.collection.spi.PersistentBag[0]->com.betrybe.agrix.model.entity.Crop["farm"]->com.betrybe.agrix.model.entity.Farm["crops"]->org.hibernate.collection.spi.PersistentBag[0]->com.betrybe.agrix.model.entity.Crop["farm"]->com.betrybe.agrix.model.entity.Farm["crops"]->org.hibernate.collection.spi.PersistentBag[0]->com.betrybe.agrix.model.entity.Crop["farm"]->com.betrybe.agrix.model.entity.Farm["crops"]->org.hibernate.collection.spi.PersistentBag[0]->com.betrybe.agrix.model.entity.Crop["farm"]->com.betrybe.agrix.model.entity.Farm["crops"]->org.hibernate.collection.spi.PersistentBag[0]->com.betrybe.agrix.model.entity.Crop["farm"]->com.betrybe.agrix.model.entity.Farm["crops"]->org.hibernate.collection.spi.PersistentBag[0]->com.betrybe.agrix.model.entity.Crop["farm"]->com.betrybe.agrix.model.entity.Farm["crops"]->org.hibernate.collection.spi.PersistentBag[0]->com.betrybe.agrix.model.entity.Crop["farm"]->com.betrybe.agrix.model.entity.Farm["crops"]->org.hibernate.collection.spi.PersistentBag[0]->com.betrybe.agrix.model.entity.Crop["farm"]->com.betrybe.agrix.model.entity.Farm["crops"]->org.hibernate.collection.spi.PersistentBag[0]->com.betrybe.agrix.model.entity.Crop["farm"]->com.betrybe.agrix.model.entity.Farm["crops"]->org.hibernate.collection.spi.PersistentBag[0]->com.betrybe.agrix.model.entity.Crop["farm"]->com.betrybe.agrix.model.entity.Farm["crops"]->org.hibernate.collection.spi.PersistentBag[0]->com.betrybe.agrix.model.entity.Crop["farm"]->com.betrybe.agrix.model.entity.Farm["crops"]->org.hibernate.collection.spi.PersistentBag[0]->com.betrybe.agrix.model.entity.Crop["farm"]->com.betrybe.agrix.model.entity.Farm["crops"]->org.hibernate.collection.spi.PersistentBag[0]->com.betrybe.agrix.model.entity.Crop["farm"]->com.betrybe.agrix.model.entity.Farm["crops"]->org.hibernate.collection.spi.PersistentBag[0]->com.betrybe.agrix.model.entity.Crop["farm"]->com.betrybe.agrix.model.entity.Farm["crops"]->org.hibernate.collection.spi.PersistentBag[0]->com.betrybe.agrix.model.entity.Crop["farm"]->com.betrybe.agrix.model.entity.Farm["crops"]->org.hibernate.collection.spi.PersistentBag[0]->com.betrybe.agrix.model.entity.Crop["farm"]->com.betrybe.agrix.model.entity.Farm["crops"]->org.hibernate.collection.spi.PersistentBag[0]->com.betrybe.agrix.model.entity.Crop["farm"]->com.betrybe.agrix.model.entity.Farm["crops"]->org.hibernate.collection.spi.PersistentBag[0]->com.betrybe.agrix.model.entity.Crop["farm"]->com.betrybe.agrix.model.entity.Farm["crops"]->org.hibernate.collection.spi.PersistentBag[0]->com.betrybe.agrix.model.entity.Crop["farm"]->com.betrybe.agrix.model.entity.Farm["crops"]->org.hibernate.collection.spi.PersistentBag[0]->com.betrybe.agrix.model.entity.Crop["farm"]->com.betrybe.agrix.model.entity.Farm["crops"]->org.hibernate.collection.spi.PersistentBag[0]->com.betrybe.agrix.model.entity.Crop["farm"]->com.betrybe.agrix.model.entity.Farm["crops"]->org.hibernate.collection.spi.PersistentBag[0]->com.betrybe.agrix.model.entity.Crop["farm"]->com.betrybe.agrix.model.entity.Farm["crops"]->org.hibernate.collection.spi.PersistentBag[0]->com.betrybe.agrix.model.entity.Crop["farm"]->com.betrybe.agrix.model.entity.Farm["crops"]->org.hibernate.collection.spi.PersistentBag[0]->com.betrybe.agrix.model.entity.Crop["farm"]->com.betrybe.agrix.model.entity.Farm["crops"]->org.hibernate.collection.spi.PersistentBag[0]->com.betrybe.agrix.model.entity.Crop["farm"]->com.betrybe.agrix.model.entity.Farm["crops"]->org.hibernate.collection.spi.PersistentBag[0]->com.betrybe.agrix.model.entity.Crop["farm"]->com.betrybe.agrix.model.entity.Farm["crops"]->org.hibernate.collection.spi.PersistentBag[0]->com.betrybe.agrix.model.entity.Crop["farm"]->com.betrybe.agrix.model.entity.Farm["crops"]->org.hibernate.collection.spi.PersistentBag[0]->com.betrybe.agrix.model.entity.Crop["farm"]->com.betrybe.agrix.model.entity.Farm["crops"]->org.hibernate.collection.spi.PersistentBag[0]->com.betrybe.agrix.model.entity.Crop["farm"]->com.betrybe.agrix.model.entity.Farm["crops"]->org.hibernate.collection.spi.PersistentBag[0]->com.betrybe.agrix.model.entity.Crop["farm"]->com.betrybe.agrix.model.entity.Farm["crops"]->org.hibernate.collection.spi.PersistentBag[0]->com.betrybe.agrix.model.entity.Crop["farm"]->com.betrybe.agrix.model.entity.Farm["crops"]->org.hibernate.collection.spi.PersistentBag[0]->com.betrybe.agrix.model.entity.Crop["farm"]->com.betrybe.agrix.model.entity.Farm["crops"]->org.hibernate.collection.spi.PersistentBag[0]->com.betrybe.agrix.model.entity.Crop["farm"]->com.betrybe.agrix.model.entity.Farm["crops"]->org.hibernate.collection.spi.PersistentBag[0]->com.betrybe.agrix.model.entity.Crop["farm"]->com.betrybe.agrix.model.entity.Farm["crops"]->org.hibernate.collection.spi.PersistentBag[0]->com.betrybe.agrix.model.entity.Crop["farm"]->com.betrybe.agrix.model.entity.Farm["crops"]->org.hibernate.collection.spi.PersistentBag[0]->com.betrybe.agrix.model.entity.Crop["farm"]->com.betrybe.agrix.model.entity.Farm["crops"]->org.hibernate.collection.spi.PersistentBag[0]->com.betrybe.agrix.model.entity.Crop["farm"]->com.betrybe.agrix.model.entity.Farm["crops"]->org.hibernate.collection.spi.PersistentBag[0]->com.betrybe.agrix.model.entity.Crop["farm"]->com.betrybe.agrix.model.entity.Farm["crops"]->org.hibernate.collection.spi.PersistentBag[0]->com.betrybe.agrix.model.entity.Crop["farm"]->com.betrybe.agrix.model.entity.Farm["crops"]->org.hibernate.collection.spi.PersistentBag[0]->com.betrybe.agrix.model.entity.Crop["farm"]->com.betrybe.agrix.model.entity.Farm["crops"]->org.hibernate.collection.spi.PersistentBag[0]->com.betrybe.agrix.model.entity.Crop["farm"]->com.betrybe.agrix.model.entity.Farm["crops"]->org.hibernate.collection.spi.PersistentBag[0]->com.betrybe.agrix.model.entity.Crop["farm"]->com.betrybe.agrix.model.entity.Farm["crops"]->org.hibernate.collection.spi.PersistentBag[0]->com.betrybe.agrix.model.entity.Crop["farm"]->com.betrybe.agrix.model.entity.Farm["crops"]->org.hibernate.collection.spi.PersistentBag[0]->com.betrybe.agrix.model.entity.Crop["farm"]->com.betrybe.agrix.model.entity.Farm["crops"]->org.hibernate.collection.spi.PersistentBag[0]->com.betrybe.agrix.model.entity.Crop["farm"]->com.betrybe.agrix.model.entity.Farm["crops"]->org.hibernate.collection.spi.PersistentBag[0]->com.betrybe.agrix.model.entity.Crop["farm"]->com.betrybe.agrix.model.entity.Farm["crops"]->org.hibernate.collection.spi.PersistentBag[0]->com.betrybe.agrix.model.entity.Crop["farm"]->com.betrybe.agrix.model.entity.Farm["crops"]->org.hibernate.collection.spi.PersistentBag[0]->com.betrybe.agrix.model.entity.Crop["farm"]->com.betrybe.agrix.model.entity.Farm["crops"]->org.hibernate.collection.spi.PersistentBag[0]->com.betrybe.agrix.model.entity.Crop["farm"]->com.betrybe.agrix.model.entity.Farm["crops"]->org.hibernate.collection.spi.PersistentBag[0]->com.betrybe.agrix.model.entity.Crop["farm"]->com.betrybe.agrix.model.entity.Farm["crops"]->org.hibernate.collection.spi.PersistentBag[0]->com.betrybe.agrix.model.entity.Crop["farm"]->com.betrybe.agrix.model.entity.Farm["crops"]->org.hibernate.collection.spi.PersistentBag[0]->com.betrybe.agrix.model.entity.Crop["farm"]->com.betrybe.agrix.model.entity.Farm["crops"]->org.hibernate.collection.spi.PersistentBag[0]->com.betrybe.agrix.model.entity.Crop["farm"]->com.betrybe.agrix.model.entity.Farm["crops"]->org.hibernate.collection.spi.PersistentBag[0]->com.betrybe.agrix.model.entity.Crop["farm"]->com.betrybe.agrix.model.entity.Farm["crops"]->org.hibernate.collection.spi.PersistentBag[0]->com.betrybe.agrix.model.entity.Crop["farm"]->com.betrybe.agrix.model.entity.Farm["crops"]->org.hibernate.collection.spi.PersistentBag[0]->com.betrybe.agrix.model.entity.Crop["farm"]->com.betrybe.agrix.model.entity.Farm["crops"]->org.hibernate.collection.spi.PersistentBag[0]->com.betrybe.agrix.model.entity.Crop["farm"]->com.betrybe.agrix.model.entity.Farm["crops"]->org.hibernate.collection.spi.PersistentBag[0]->com.betrybe.agrix.model.entity.Crop["farm"]->com.betrybe.agrix.model.entity.Farm["crops"]->org.hibernate.collection.spi.PersistentBag[0]->com.betrybe.agrix.model.entity.Crop["farm"]->com.betrybe.agrix.model.entity.Farm["crops"]->org.hibernate.collection.spi.PersistentBag[0]->com.betrybe.agrix.model.entity.Crop["farm"]->com.betrybe.agrix.model.entity.Farm["crops"]->org.hibernate.collection.spi.PersistentBag[0]->com.betrybe.agrix.model.entity.Crop["farm"]->com.betrybe.agrix.model.entity.Farm["crops"]->org.hibernate.collection.spi.PersistentBag[0]->com.betrybe.agrix.model.entity.Crop["farm"]->com.betrybe.agrix.model.entity.Farm["crops"]->org.hibernate.collection.spi.PersistentBag[0]->com.betrybe.agrix.model.entity.Crop["farm"]->com.betrybe.agrix.model.entity.Farm["crops"]->org.hibernate.collection.spi.PersistentBag[0]->com.betrybe.agrix.model.entity.Crop["farm"]->com.betrybe.agrix.model.entity.Farm["crops"]->org.hibernate.collection.spi.PersistentBag[0]->com.betrybe.agrix.model.entity.Crop["farm"]->com.betrybe.agrix.model.entity.Farm["crops"]->org.hibernate.collection.spi.PersistentBag[0]->com.betrybe.agrix.model.entity.Crop["farm"]->com.betrybe.agrix.model.entity.Farm["crops"]->org.hibernate.collection.spi.PersistentBag[0]->com.betrybe.agrix.model.entity.Crop["farm"]->com.betrybe.agrix.model.entity.Farm["crops"]->org.hibernate.collection.spi.PersistentBag[0]->com.betrybe.agrix.model.entity.Crop["farm"]->com.betrybe.agrix.model.entity.Farm["crops"]->org.hibernate.collection.spi.PersistentBag[0]->com.betrybe.agrix.model.entity.Crop["farm"]->com.betrybe.agrix.model.entity.Farm["crops"]->org.hibernate.collection.spi.PersistentBag[0]->com.betrybe.agrix.model.entity.Crop["farm"]->com.betrybe.agrix.model.entity.Farm["crops"]->org.hibernate.collection.spi.PersistentBag[0]->com.betrybe.agrix.model.entity.Crop["farm"]->com.betrybe.agrix.model.entity.Farm["crops"]->org.hibernate.collection.spi.PersistentBag[0]->com.betrybe.agrix.model.entity.Crop["farm"]->com.betrybe.agrix.model.entity.Farm["crops"]->org.hibernate.collection.spi.PersistentBag[0]->com.betrybe.agrix.model.entity.Crop["farm"]->com.betrybe.agrix.model.entity.Farm["crops"]->org.hibernate.collection.spi.PersistentBag[0]->com.betrybe.agrix.model.entity.Crop["farm"]->com.betrybe.agrix.model.entity.Farm["crops"]->org.hibernate.collection.spi.PersistentBag[0]->com.betrybe.agrix.model.entity.Crop["farm"]->com.betrybe.agrix.model.entity.Farm["crops"]->org.hibernate.collection.spi.PersistentBag[0]->com.betrybe.agrix.model.entity.Crop["farm"]->com.betrybe.agrix.model.entity.Farm["crops"]->org.hibernate.collection.spi.PersistentBag[0]->com.betrybe.agrix.model.entity.Crop["farm"]->com.betrybe.agrix.model.entity.Farm["crops"]->org.hibernate.collection.spi.PersistentBag[0]->com.betrybe.agrix.model.entity.Crop["farm"]->com.betrybe.agrix.model.entity.Farm["crops"]->org.hibernate.collection.spi.PersistentBag[0]->com.betrybe.agrix.model.entity.Crop["farm"]->com.betrybe.agrix.model.entity.Farm["crops"]->org.hibernate.collection.spi.PersistentBag[0]->com.betrybe.agrix.model.entity.Crop["farm"]->com.betrybe.agrix.model.entity.Farm["crops"]->org.hibernate.collection.spi.PersistentBag[0]->com.betrybe.agrix.model.entity.Crop["farm"]->com.betrybe.agrix.model.entity.Farm["crops"]->org.hibernate.collection.spi.PersistentBag[0]->com.betrybe.agrix.model.entity.Crop["farm"]->com.betrybe.agrix.model.entity.Farm["crops"]->org.hibernate.collection.spi.PersistentBag[0]->com.betrybe.agrix.model.entity.Crop["farm"]->com.betrybe.agrix.model.entity.Farm["crops"]->org.hibernate.collection.spi.PersistentBag[0]->com.betrybe.agrix.model.entity.Crop["farm"]->com.betrybe.agrix.model.entity.Farm["crops"]->org.hibernate.collection.spi.PersistentBag[0]->com.betrybe.agrix.model.entity.Crop["farm"]->com.betrybe.agrix.model.entity.Farm["crops"]->org.hibernate.collection.spi.PersistentBag[0]->com.betrybe.agrix.model.entity.Crop["farm"]->com.betrybe.agrix.model.entity.Farm["crops"]->org.hibernate.collection.spi.PersistentBag[0]->com.betrybe.agrix.model.entity.Crop["farm"]->com.betrybe.agrix.model.entity.Farm["crops"]->org.hibernate.collection.spi.PersistentBag[0]->com.betrybe.agrix.model.entity.Crop["farm"]->com.betrybe.agrix.model.entity.Farm["crops"]->org.hibernate.collection.spi.PersistentBag[0]->com.betrybe.agrix.model.entity.Crop["farm"]->com.betrybe.agrix.model.entity.Farm["crops"]->org.hibernate.collection.spi.PersistentBag[0]->com.betrybe.agrix.model.entity.Crop["farm"]->com.betrybe.agrix.model.entity.Farm["crops"]->org.hibernate.collection.spi.PersistentBag[0]->com.betrybe.agrix.model.entity.Crop["farm"]->com.betrybe.agrix.model.entity.Farm["crops"]->org.hibernate.collection.spi.PersistentBag[0]->com.betrybe.agrix.model.entity.Crop["farm"]->com.betrybe.agrix.model.entity.Farm["crops"]->org.hibernate.collection.spi.PersistentBag[0]->com.betrybe.agrix.model.entity.Crop["farm"]->com.betrybe.agrix.model.entity.Farm["crops"]->org.hibernate.collection.spi.PersistentBag[0]->com.betrybe.agrix.model.entity.Crop["farm"]->com.betrybe.agrix.model.entity.Farm["crops"]->org.hibernate.collection.spi.PersistentBag[0]->com.betrybe.agrix.model.entity.Crop["farm"]->com.betrybe.agrix.model.entity.Farm["crops"]->org.hibernate.collection.spi.PersistentBag[0]->com.betrybe.agrix.model.entity.Crop["farm"]->com.betrybe.agrix.model.entity.Farm["crops"]->org.hibernate.collection.spi.PersistentBag[0]->com.betrybe.agrix.model.entity.Crop["farm"]->com.betrybe.agrix.model.entity.Farm["crops"]->org.hibernate.collection.spi.PersistentBag[0]->com.betrybe.agrix.model.entity.Crop["farm"]->com.betrybe.agrix.model.entity.Farm["crops"]->org.hibernate.collection.spi.PersistentBag[0]->com.betrybe.agrix.model.entity.Crop["farm"]->com.betrybe.agrix.model.entity.Farm["crops"]->org.hibernate.collection.spi.PersistentBag[0]->com.betrybe.agrix.model.entity.Crop["farm"]->com.betrybe.agrix.model.entity.Farm["crops"]->org.hibernate.collection.spi.PersistentBag[0]->com.betrybe.agrix.model.entity.Crop["farm"]->com.betrybe.agrix.model.entity.Farm["crops"]->org.hibernate.collection.spi.PersistentBag[0]->com.betrybe.agrix.model.entity.Crop["farm"]->com.betrybe.agrix.model.entity.Farm["crops"]->org.hibernate.collection.spi.PersistentBag[0]->com.betrybe.agrix.model.entity.Crop["farm"]->com.betrybe.agrix.model.entity.Farm["crops"]->org.hibernate.collection.spi.PersistentBag[0]->com.betrybe.agrix.model.entity.Crop["farm"]->com.betrybe.agrix.model.entity.Farm["crops"]->org.hibernate.collection.spi.PersistentBag[0]->com.betrybe.agrix.model.entity.Crop["farm"]->com.betrybe.agrix.model.entity.Farm["crops"]->org.hibernate.collection.spi.PersistentBag[0]->com.betrybe.agrix.model.entity.Crop["farm"]->com.betrybe.agrix.model.entity.Farm["crops"]->org.hibernate.collection.spi.PersistentBag[0]->com.betrybe.agrix.model.entity.Crop["farm"]->com.betrybe.agrix.model.entity.Farm["crops"]->org.hibernate.collection.spi.PersistentBag[0]->com.betrybe.agrix.model.entity.Crop["farm"]->com.betrybe.agrix.model.entity.Farm["crops"]->org.hibernate.collection.spi.PersistentBag[0]->com.betrybe.agrix.model.entity.Crop["farm"]->com.betrybe.agrix.model.entity.Farm["crops"]->org.hibernate.collection.spi.PersistentBag[0]->com.betrybe.agrix.model.entity.Crop["farm"]->com.betrybe.agrix.model.entity.Farm["crops"]->org.hibernate.collection.spi.PersistentBag[0]->com.betrybe.agrix.model.entity.Crop["farm"]->com.betrybe.agrix.model.entity.Farm["crops"]->org.hibernate.collection.spi.PersistentBag[0]->com.betrybe.agrix.model.entity.Crop["farm"]->com.betrybe.agrix.model.entity.Farm["crops"]->org.hibernate.collection.spi.PersistentBag[0]->com.betrybe.agrix.model.entity.Crop["farm"]->com.betrybe.agrix.model.entity.Farm["crops"]->org.hibernate.collection.spi.PersistentBag[0]->com.betrybe.agrix.model.entity.Crop["farm"]->com.betrybe.agrix.model.entity.Farm["crops"]->org.hibernate.collection.spi.PersistentBag[0]->com.betrybe.agrix.model.entity.Crop["farm"]->com.betrybe.agrix.model.entity.Farm["crops"]->org.hibernate.collection.spi.PersistentBag[0]->com.betrybe.agrix.model.entity.Crop["farm"]->com.betrybe.agrix.model.entity.Farm["crops"]->org.hibernate.collection.spi.PersistentBag[0]->com.betrybe.agrix.model.entity.Crop["farm"]->com.betrybe.agrix.model.entity.Farm["crops"]->org.hibernate.collection.spi.PersistentBag[0]->com.betrybe.agrix.model.entity.Crop["farm"]->com.betrybe.agrix.model.entity.Farm["crops"]->org.hibernate.collection.spi.PersistentBag[0]->com.betrybe.agrix.model.entity.Crop["farm"]->com.betrybe.agrix.model.entity.Farm["crops"]->org.hibernate.collection.spi.PersistentBag[0]->com.betrybe.agrix.model.entity.Crop["farm"]->com.betrybe.agrix.model.entity.Farm["crops"]->org.hibernate.collection.spi.PersistentBag[0]->com.betrybe.agrix.model.entity.Crop["farm"]->com.betrybe.agrix.model.entity.Farm["crops"]->org.hibernate.collection.spi.PersistentBag[0]->com.betrybe.agrix.model.entity.Crop["farm"]->com.betrybe.agrix.model.entity.Farm["crops"]->org.hibernate.collection.spi.PersistentBag[0]->com.betrybe.agrix.model.entity.Crop["farm"]->com.betrybe.agrix.model.entity.Farm["crops"]->org.hibernate.collection.spi.PersistentBag[0]->com.betrybe.agrix.model.entity.Crop["farm"]->com.betrybe.agrix.model.entity.Farm["crops"]->org.hibernate.collection.spi.PersistentBag[0]->com.betrybe.agrix.model.entity.Crop["farm"]->com.betrybe.agrix.model.entity.Farm["crops"]->org.hibernate.collection.spi.PersistentBag[0]->com.betrybe.agrix.model.entity.Crop["farm"]->com.betrybe.agrix.model.entity.Farm["crops"]->org.hibernate.collection.spi.PersistentBag[0]->com.betrybe.agrix.model.entity.Crop["farm"]->com.betrybe.agrix.model.entity.Farm["crops"]->org.hibernate.collection.spi.PersistentBag[0]->com.betrybe.agrix.model.entity.Crop["farm"]->com.betrybe.agrix.model.entity.Farm["crops"]->org.hibernate.collection.spi.PersistentBag[0]->com.betrybe.agrix.model.entity.Crop["farm"]->com.betrybe.agrix.model.entity.Farm["crops"]->org.hibernate.collection.spi.PersistentBag[0]->com.betrybe.agrix.model.entity.Crop["farm"]->com.betrybe.agrix.model.entity.Farm["crops"]->org.hibernate.collection.spi.PersistentBag[0]->com.betrybe.agrix.model.entity.Crop["farm"]->com.betrybe.agrix.model.entity.Farm["crops"]->org.hibernate.collection.spi.PersistentBag[0]->com.betrybe.agrix.model.entity.Crop["farm"]->com.betrybe.agrix.model.entity.Farm["crops"]->org.hibernate.collection.spi.PersistentBag[0]->com.betrybe.agrix.model.entity.Crop["farm"]->com.betrybe.agrix.model.entity.Farm["crops"]->org.hibernate.collection.spi.PersistentBag[0]->com.betrybe.agrix.model.entity.Crop["farm"]->com.betrybe.agrix.model.entity.Farm["crops"]->org.hibernate.collection.spi.PersistentBag[0]->com.betrybe.agrix.model.entity.Crop["farm"]->com.betrybe.agrix.model.entity.Farm["crops"]->org.hibernate.collection.spi.PersistentBag[0]->com.betrybe.agrix.model.entity.Crop["farm"]->com.betrybe.agrix.model.entity.Farm["crops"]->org.hibernate.collection.spi.PersistentBag[0]->com.betrybe.agrix.model.entity.Crop["farm"]->com.betrybe.agrix.model.entity.Farm["crops"]->org.hibernate.collection.spi.PersistentBag[0]->com.betrybe.agrix.model.entity.Crop["farm"]->com.betrybe.agrix.model.entity.Farm["crops"]->org.hibernate.collection.spi.PersistentBag[0]->com.betrybe.agrix.model.entity.Crop["farm"]->com.betrybe.agrix.model.entity.Farm["crops"]->org.hibernate.collection.spi.PersistentBag[0]->com.betrybe.agrix.model.entity.Crop["farm"]->com.betrybe.agrix.model.entity.Farm["crops"]->org.hibernate.collection.spi.PersistentBag[0]->com.betrybe.agrix.model.entity.Crop["farm"]->com.betrybe.agrix.model.entity.Farm["crops"]->org.hibernate.collection.spi.PersistentBag[0]->com.betrybe.agrix.model.entity.Crop["farm"]->com.betrybe.agrix.model.entity.Farm["crops"]->org.hibernate.collection.spi.PersistentBag[0]->com.betrybe.agrix.model.entity.Crop["farm"]->com.betrybe.agrix.model.entity.Farm["crops"]->org.hibernate.collection.spi.PersistentBag[0]->com.betrybe.agrix.model.entity.Crop["farm"]->com.betrybe.agrix.model.entity.Farm["crops"]->org.hibernate.collection.spi.PersistentBag[0]->com.betrybe.agrix.model.entity.Crop["farm"]->com.betrybe.agrix.model.entity.Farm["crops"]->org.hibernate.collection.spi.PersistentBag[0]->com.betrybe.agrix.model.entity.Crop["farm"]->com.betrybe.agrix.model.entity.Farm["crops"]->org.hibernate.collection.spi.PersistentBag[0]->com.betrybe.agrix.model.entity.Crop["farm"]->com.betrybe.agrix.model.entity.Farm["crops"]->org.hibernate.collection.spi.PersistentBag[0]->com.betrybe.agrix.model.entity.Crop["farm"]->com.betrybe.agrix.model.entity.Farm["crops"]->org.hibernate.collection.spi.PersistentBag[0]->com.betrybe.agrix.model.entity.Crop["farm"]->com.betrybe.agrix.model.entity.Farm["crops"]->org.hibernate.collection.spi.PersistentBag[0]->com.betrybe.agrix.model.entity.Crop["farm"]->com.betrybe.agrix.model.entity.Farm["crops"]->org.hibernate.collection.spi.PersistentBag[0]->com.betrybe.agrix.model.entity.Crop["farm"]->com.betrybe.agrix.model.entity.Farm["crops"]->org.hibernate.collection.spi.PersistentBag[0]->com.betrybe.agrix.model.entity.Crop["farm"]->com.betrybe.agrix.model.entity.Farm["crops"]->org.hibernate.collection.spi.PersistentBag[0]->com.betrybe.agrix.model.entity.Crop["farm"]->com.betrybe.agrix.model.entity.Farm["crops"]->org.hibernate.collection.spi.PersistentBag[0]->com.betrybe.agrix.model.entity.Crop["farm"]->com.betrybe.agrix.model.entity.Farm["crops"]->org.hibernate.collection.spi.PersistentBag[0]->com.betrybe.agrix.model.entity.Crop["farm"]->com.betrybe.agrix.model.entity.Farm["crops"]->org.hibernate.collection.spi.PersistentBag[0]->com.betrybe.agrix.model.entity.Crop["farm"]->com.betrybe.agrix.model.entity.Farm["crops"]->org.hibernate.collection.spi.PersistentBag[0]->com.betrybe.agrix.model.entity.Crop["farm"]->com.betrybe.agrix.model.entity.Farm["crops"]->org.hibernate.collection.spi.PersistentBag[0]->com.betrybe.agrix.model.entity.Crop["farm"]->com.betrybe.agrix.model.entity.Farm["crops"]->org.hibernate.collection.spi.PersistentBag[0]->com.betrybe.agrix.model.entity.Crop["farm"]->com.betrybe.agrix.model.entity.Farm["crops"]->org.hibernate.collection.spi.PersistentBag[0]->com.betrybe.agrix.model.entity.Crop["farm"]->com.betrybe.agrix.model.entity.Farm["crops"]->org.hibernate.collection.spi.PersistentBag[0]->com.betrybe.agrix.model.entity.Crop["farm"]->com.betrybe.agrix.model.entity.Farm["crops"]->org.hibernate.collection.spi.PersistentBag[0]->com.betrybe.agrix.model.entity.Crop["farm"]->com.betrybe.agrix.model.entity.Farm["crops"]->org.hibernate.collection.spi.PersistentBag[0]->com.betrybe.agrix.model.entity.Crop["farm"]->com.betrybe.agrix.model.entity.Farm["crops"]->org.hibernate.collection.spi.PersistentBag[0]->com.betrybe.agrix.model.entity.Crop["farm"]->com.betrybe.agrix.model.entity.Farm["crops"]->org.hibernate.collection.spi.PersistentBag[0]->com.betrybe.agrix.model.entity.Crop["farm"]->com.betrybe.agrix.model.entity.Farm["crops"]->org.hibernate.collection.spi.PersistentBag[0]->com.betrybe.agrix.model.entity.Crop["farm"]->com.betrybe.agrix.model.entity.Farm["crops"]->org.hibernate.collection.spi.PersistentBag[0]->com.betrybe.agrix.model.entity.Crop["farm"]->com.betrybe.agrix.model.entity.Farm["crops"]->org.hibernate.collection.spi.PersistentBag[0]->com.betrybe.agrix.model.entity.Crop["farm"]->com.betrybe.agrix.model.entity.Farm["crops"]->org.hibernate.collection.spi.PersistentBag[0]->com.betrybe.agrix.model.entity.Crop["farm"]->com.betrybe.agrix.model.entity.Farm["crops"]->org.hibernate.collection.spi.PersistentBag[0]->com.betrybe.agrix.model.entity.Crop["farm"]->com.betrybe.agrix.model.entity.Farm["crops"]->org.hibernate.collection.spi.PersistentBag[0]->com.betrybe.agrix.model.entity.Crop["farm"]->com.betrybe.agrix.model.entity.Farm["crops"]->org.hibernate.collection.spi.PersistentBag[0]->com.betrybe.agrix.model.entity.Crop["farm"]->com.betrybe.agrix.model.entity.Farm["crops"]->org.hibernate.collection.spi.PersistentBag[0]->com.betrybe.agrix.model.entity.Crop["farm"]->com.betrybe.agrix.model.entity.Farm["crops"]->org.hibernate.collection.spi.PersistentBag[0]->com.betrybe.agrix.model.entity.Crop["farm"]->com.betrybe.agrix.model.entity.Farm["crops"]->org.hibernate.collection.spi.PersistentBag[0]->com.betrybe.agrix.model.entity.Crop["farm"]->com.betrybe.agrix.model.entity.Farm["crops"]->org.hibernate.collection.spi.PersistentBag[0]->com.betrybe.agrix.model.entity.Crop["farm"]->com.betrybe.agrix.model.entity.Farm["crops"]->org.hibernate.collection.spi.PersistentBag[0]->com.betrybe.agrix.model.entity.Crop["farm"]->com.betrybe.agrix.model.entity.Farm["crops"]->org.hibernate.collection.spi.PersistentBag[0]->com.betrybe.agrix.model.entity.Crop["farm"]->com.betrybe.agrix.model.entity.Farm["crops"]->org.hibernate.collection.spi.PersistentBag[0]->com.betrybe.agrix.model.entity.Crop["farm"]->com.betrybe.agrix.model.entity.Farm["crops"]->org.hibernate.collection.spi.PersistentBag[0]->com.betrybe.agrix.model.entity.Crop["farm"]->com.betrybe.agrix.model.entity.Farm["crops"]->org.hibernate.collection.spi.PersistentBag[0]->com.betrybe.agrix.model.entity.Crop["farm"]->com.betrybe.agrix.model.entity.Farm["crops"]->org.hibernate.collection.spi.PersistentBag[0]->com.betrybe.agrix.model.entity.Crop["farm"]->com.betrybe.agrix.model.entity.Farm["crops"]->org.hibernate.collection.spi.PersistentBag[0]->com.betrybe.agrix.model.entity.Crop["farm"]->com.betrybe.agrix.model.entity.Farm["crops"]->org.hibernate.collection.spi.PersistentBag[0]->com.betrybe.agrix.model.entity.Crop["farm"]->com.betrybe.agrix.model.entity.Farm["crops"]->org.hibernate.collection.spi.PersistentBag[0]->com.betrybe.agrix.model.entity.Crop["farm"]->com.betrybe.agrix.model.entity.Farm["crops"]->org.hibernate.collection.spi.PersistentBag[0]->com.betrybe.agrix.model.entity.Crop["farm"]->com.betrybe.agrix.model.entity.Farm["crops"]->org.hibernate.collection.spi.PersistentBag[0]->com.betrybe.agrix.model.entity.Crop["farm"]->com.betrybe.agrix.model.entity.Farm["crops"]->org.hibernate.collection.spi.PersistentBag[0]->com.betrybe.agrix.model.entity.Crop["farm"]->com.betrybe.agrix.model.entity.Farm["crops"]->org.hibernate.collection.spi.PersistentBag[0]->com.betrybe.agrix.model.entity.Crop["farm"]->com.betrybe.agrix.model.entity.Farm["crops"]->org.hibernate.collection.spi.PersistentBag[0]->com.betrybe.agrix.model.entity.Crop["farm"]->com.betrybe.agrix.model.entity.Farm["crops"]->org.hibernate.collection.spi.PersistentBag[0]->com.betrybe.agrix.model.entity.Crop["farm"]->com.betrybe.agrix.model.entity.Farm["crops"]->org.hibernate.collection.spi.PersistentBag[0]->com.betrybe.agrix.model.entity.Crop["farm"]->com.betrybe.agrix.model.entity.Farm["crops"]->org.hibernate.collection.spi.PersistentBag[0]->com.betrybe.agrix.model.entity.Crop["farm"]->com.betrybe.agrix.model.entity.Farm["crops"]->org.hibernate.collection.spi.PersistentBag[0]->com.betrybe.agrix.model.entity.Crop["farm"]->com.betrybe.agrix.model.entity.Farm["crops"]->org.hibernate.collection.spi.PersistentBag[0]->com.betrybe.agrix.model.entity.Crop["farm"]->com.betrybe.agrix.model.entity.Farm["crops"]->org.hibernate.collection.spi.PersistentBag[0]->com.betrybe.agrix.model.entity.Crop["farm"]->com.betrybe.agrix.model.entity.Farm["crops"]->org.hibernate.collection.spi.PersistentBag[0]->com.betrybe.agrix.model.entity.Crop["farm"]->com.betrybe.agrix.model.entity.Farm["crops"]->org.hibernate.collection.spi.PersistentBag[0]->com.betrybe.agrix.model.entity.Crop["farm"]->com.betrybe.agrix.model.entity.Farm["crops"]->org.hibernate.collection.spi.PersistentBag[0]->com.betrybe.agrix.model.entity.Crop["farm"]->com.betrybe.agrix.model.entity.Farm["crops"]->org.hibernate.collection.spi.PersistentBag[0]->com.betrybe.agrix.model.entity.Crop["farm"]->com.betrybe.agrix.model.entity.Farm["crops"]->org.hibernate.collection.spi.PersistentBag[0]->com.betrybe.agrix.model.entity.Crop["farm"]->com.betrybe.agrix.model.entity.Farm["crops"]->org.hibernate.collection.spi.PersistentBag[0]->com.betrybe.agrix.model.entity.Crop["farm"]->com.betrybe.agrix.model.entity.Farm["crops"]->org.hibernate.collection.spi.PersistentBag[0]->com.betrybe.agrix.model.entity.Crop["farm"]->com.betrybe.agrix.model.entity.Farm["crops"]->org.hibernate.collection.spi.PersistentBag[0]->com.betrybe.agrix.model.entity.Crop["farm"]->com.betrybe.agrix.model.entity.Farm["crops"]->org.hibernate.collection.spi.PersistentBag[0]->com.betrybe.agrix.model.entity.Crop["farm"]->com.betrybe.agrix.model.entity.Farm["crops"]->org.hibernate.collection.spi.PersistentBag[0]->com.betrybe.agrix.model.entity.Crop["farm"]->com.betrybe.agrix.model.entity.Farm["crops"]->org.hibernate.collection.spi.PersistentBag[0]->com.betrybe.agrix.model.entity.Crop["farm"]->com.betrybe.agrix.model.entity.Farm["crops"]->org.hibernate.collection.spi.PersistentBag[0]->com.betrybe.agrix.model.entity.Crop["farm"]->com.betrybe.agrix.model.entity.Farm["crops"]->org.hibernate.collection.spi.PersistentBag[0]->com.betrybe.agrix.model.entity.Crop["farm"]->com.betrybe.agrix.model.entity.Farm["crops"]->org.hibernate.collection.spi.PersistentBag[0]->com.betrybe.agrix.model.entity.Crop["farm"]->com.betrybe.agrix.model.entity.Farm["crops"]->org.hibernate.collection.spi.PersistentBag[0]->com.betrybe.agrix.model.entity.Crop["farm"]->com.betrybe.agrix.model.entity.Farm["crops"]->org.hibernate.collection.spi.PersistentBag[0]->com.betrybe.agrix.model.entity.Crop["farm"]->com.betrybe.agrix.model.entity.Farm["crops"]->org.hibernate.collection.spi.PersistentBag[0]->com.betrybe.agrix.model.entity.Crop["farm"]->com.betrybe.agrix.model.entity.Farm["crops"]->org.hibernate.collection.spi.PersistentBag[0]->com.betrybe.agrix.model.entity.Crop["farm"]->com.betrybe.agrix.model.entity.Farm["crops"]->org.hibernate.collection.spi.PersistentBag[0]->com.betrybe.agrix.model.entity.Crop["farm"]->com.betrybe.agrix.model.entity.Farm["crops"]->org.hibernate.collection.spi.PersistentBag[0]->com.betrybe.agrix.model.entity.Crop["farm"]->com.betrybe.agrix.model.entity.Farm["crops"]->org.hibernate.collection.spi.PersistentBag[0]->com.betrybe.agrix.model.entity.Crop["farm"]->com.betrybe.agrix.model.entity.Farm["crops"]->org.hibernate.collection.spi.PersistentBag[0]->com.betrybe.agrix.model.entity.Crop["farm"]->com.betrybe.agrix.model.entity.Farm["crops"]->org.hibernate.collection.spi.PersistentBag[0]->com.betrybe.agrix.model.entity.Crop["farm"]->com.betrybe.agrix.model.entity.Farm["crops"]->org.hibernate.collection.spi.PersistentBag[0]->com.betrybe.agrix.model.entity.Crop["farm"]->com.betrybe.agrix.model.entity.Farm["crops"]->org.hibernate.collection.spi.PersistentBag[0]->com.betrybe.agrix.model.entity.Crop["farm"]->com.betrybe.agrix.model.entity.Farm["crops"]->org.hibernate.collection.spi.PersistentBag[0]->com.betrybe.agrix.model.entity.Crop["farm"]->com.betrybe.agrix.model.entity.Farm["crops"]->org.hibernate.collection.spi.PersistentBag[0]->com.betrybe.agrix.model.entity.Crop["farm"]->com.betrybe.agrix.model.entity.Farm["crops"]->org.hibernate.collection.spi.PersistentBag[0]->com.betrybe.agrix.model.entity.Crop["farm"]->com.betrybe.agrix.model.entity.Farm["crops"]->org.hibernate.collection.spi.PersistentBag[0]->com.betrybe.agrix.model.entity.Crop["farm"]->com.betrybe.agrix.model.entity.Farm["crops"]->org.hibernate.collection.spi.PersistentBag[0]->com.betrybe.agrix.model.entity.Crop["farm"]->com.betrybe.agrix.model.entity.Farm["crops"]->org.hibernate.collection.spi.PersistentBag[0]->com.betrybe.agrix.model.entity.Crop["farm"]->com.betrybe.agrix.model.entity.Farm["crops"]->org.hibernate.collection.spi.PersistentBag[0]->com.betrybe.agrix.model.entity.Crop["farm"]->com.betrybe.agrix.model.entity.Farm["crops"]->org.hibernate.collection.spi.PersistentBag[0]->com.betrybe.agrix.model.entity.Crop["farm"]->com.betrybe.agrix.model.entity.Farm["crops"]->org.hibernate.collection.spi.PersistentBag[0]->com.betrybe.agrix.model.entity.Crop["farm"]->com.betrybe.agrix.model.entity.Farm["crops"]->org.hibernate.collection.spi.PersistentBag[0]->com.betrybe.agrix.model.entity.Crop["farm"]->com.betrybe.agrix.model.entity.Farm["crops"]->org.hibernate.collection.spi.PersistentBag[0]->com.betrybe.agrix.model.entity.Crop["farm"]->com.betrybe.agrix.model.entity.Farm["crops"]->org.hibernate.collection.spi.PersistentBag[0]->com.betrybe.agrix.model.entity.Crop["farm"]->com.betrybe.agrix.model.entity.Farm["crops"]->org.hibernate.collection.spi.PersistentBag[0]->com.betrybe.agrix.model.entity.Crop["farm"]->com.betrybe.agrix.model.entity.Farm["crops"]->org.hibernate.collection.spi.PersistentBag[0]->com.betrybe.agrix.model.entity.Crop["farm"]->com.betrybe.agrix.model.entity.Farm["crops"]->org.hibernate.collection.spi.PersistentBag[0]->com.betrybe.agrix.model.entity.Crop["farm"]->com.betrybe.agrix.model.entity.Farm["crops"]->org.hibernate.collection.spi.PersistentBag[0]->com.betrybe.agrix.model.entity.Crop["farm"]->com.betrybe.agrix.model.entity.Farm["crops"]->org.hibernate.collection.spi.PersistentBag[0]->com.betrybe.agrix.model.entity.Crop["farm"]->com.betrybe.agrix.model.entity.Farm["crops"]->org.hibernate.collection.spi.PersistentBag[0]->com.betrybe.agrix.model.entity.Crop["farm"]->com.betrybe.agrix.model.entity.Farm["crops"]->org.hibernate.collection.spi.PersistentBag[0]->com.betrybe.agrix.model.entity.Crop["farm"]->com.betrybe.agrix.model.entity.Farm["crops"]->org.hibernate.collection.spi.PersistentBag[0]->com.betrybe.agrix.model.entity.Crop["farm"]->com.betrybe.agrix.model.entity.Farm["crops"]->org.hibernate.collection.spi.PersistentBag[0]->com.betrybe.agrix.model.entity.Crop["farm"]->com.betrybe.agrix.model.entity.Farm["crops"]->org.hibernate.collection.spi.PersistentBag[0]->com.betrybe.agrix.model.entity.Crop["farm"]->com.betrybe.agrix.model.entity.Farm["crops"]->org.hibernate.collection.spi.PersistentBag[0]->com.betrybe.agrix.model.entity.Crop["farm"]->com.betrybe.agrix.model.entity.Farm["crops"]->org.hibernate.collection.spi.PersistentBag[0]->com.betrybe.agrix.model.entity.Crop["farm"]->com.betrybe.agrix.model.entity.Farm["crops"]->org.hibernate.collection.spi.PersistentBag[0]->com.betrybe.agrix.model.entity.Crop["farm"]->com.betrybe.agrix.model.entity.Farm["crops"]->org.hibernate.collection.spi.PersistentBag[0]->com.betrybe.agrix.model.entity.Crop["farm"]->com.betrybe.agrix.model.entity.Farm["crops"]->org.hibernate.collection.spi.PersistentBag[0]->com.betrybe.agrix.model.entity.Crop["farm"]->com.betrybe.agrix.model.entity.Farm["crops"]->org.hibernate.collection.spi.PersistentBag[0]->com.betrybe.agrix.model.entity.Crop["farm"]->com.betrybe.agrix.model.entity.Farm["crops"]->org.hibernate.collection.spi.PersistentBag[0]->com.betrybe.agrix.model.entity.Crop["farm"]->com.betrybe.agrix.model.entity.Farm["crops"]->org.hibernate.collection.spi.PersistentBag[0]->com.betrybe.agrix.model.entity.Crop["farm"]->com.betrybe.agrix.model.entity.Farm["crops"]->org.hibernate.collection.spi.PersistentBag[0]->com.betrybe.agrix.model.entity.Crop["farm"]->com.betrybe.agrix.model.entity.Farm["crops"]->org.hibernate.collection.spi.PersistentBag[0]->com.betrybe.agrix.model.entity.Crop["farm"]->com.betrybe.agrix.model.entity.Farm["crops"]->org.hibernate.collection.spi.PersistentBag[0]->com.betrybe.agrix.model.entity.Crop["farm"]->com.betrybe.agrix.model.entity.Farm["crops"]->org.hibernate.collection.spi.PersistentBag[0]->com.betrybe.agrix.model.entity.Crop["farm"]->com.betrybe.agrix.model.entity.Farm["crops"]->org.hibernate.collection.spi.PersistentBag[0]->com.betrybe.agrix.model.entity.Crop["farm"]->com.betrybe.agrix.model.entity.Farm["crops"]->org.hibernate.collection.spi.PersistentBag[0]->com.betrybe.agrix.model.entity.Crop["farm"]->com.betrybe.agrix.model.entity.Farm["crops"]->org.hibernate.collection.spi.PersistentBag[0]->com.betrybe.agrix.model.entity.Crop["farm"]->com.betrybe.agrix.model.entity.Farm["crops"]->org.hibernate.collection.spi.PersistentBag[0]->com.betrybe.agrix.model.entity.Crop["farm"]->com.betrybe.agrix.model.entity.Farm["crops"]->org.hibernate.collection.spi.PersistentBag[0]->com.betrybe.agrix.model.entity.Crop["farm"]->com.betrybe.agrix.model.entity.Farm["crops"]->org.hibernate.collection.spi.PersistentBag[0]->com.betrybe.agrix.model.entity.Crop["farm"]->com.betrybe.agrix.model.entity.Farm["crops"]->org.hibernate.collection.spi.PersistentBag[0]->com.betrybe.agrix.model.entity.Crop["farm"]->com.betrybe.agrix.model.entity.Farm["crops"]->org.hibernate.collection.spi.PersistentBag[0]->com.betrybe.agrix.model.entity.Crop["farm"]->com.betrybe.agrix.model.entity.Farm["crops"]->org.hibernate.collection.spi.PersistentBag[0]->com.betrybe.agrix.model.entity.Crop["farm"]->com.betrybe.agrix.model.entity.Farm["crops"]->org.hibernate.collection.spi.PersistentBag[0]->com.betrybe.agrix.model.entity.Crop["farm"]->com.betrybe.agrix.model.entity.Farm["crops"]->org.hibernate.collection.spi.PersistentBag[0]->com.betrybe.agrix.model.entity.Crop["farm"]->com.betrybe.agrix.model.entity.Farm["crops"]->org.hibernate.collection.spi.PersistentBag[0]->com.betrybe.agrix.model.entity.Crop["farm"]->com.betrybe.agrix.model.entity.Farm["crops"]->org.hibernate.collection.spi.PersistentBag[0]->com.betrybe.agrix.model.entity.Crop["farm"]->com.betrybe.agrix.model.entity.Farm["crops"]->org.hibernate.collection.spi.PersistentBag[0]->com.betrybe.agrix.model.entity.Crop["farm"]->com.betrybe.agrix.model.entity.Farm["crops"]->org.hibernate.collection.spi.PersistentBag[0]->com.betrybe.agrix.model.entity.Crop["farm"]->com.betrybe.agrix.model.entity.Farm["crops"]->org.hibernate.collection.spi.PersistentBag[0]->com.betrybe.agrix.model.entity.Crop["farm"]->com.betrybe.agrix.model.entity.Farm["crops"]->org.hibernate.collection.spi.PersistentBag[0]->com.betrybe.agrix.model.entity.Crop["farm"]->com.betrybe.agrix.model.entity.Farm["crops"]->org.hibernate.collection.spi.PersistentBag[0]->com.betrybe.agrix.model.entity.Crop["farm"]->com.betrybe.agrix.model.entity.Farm["crops"]->org.hibernate.collection.spi.PersistentBag[0]->com.betrybe.agrix.model.entity.Crop["farm"]->com.betrybe.agrix.model.entity.Farm["crops"]->org.hibernate.collection.spi.PersistentBag[0]->com.betrybe.agrix.model.entity.Crop["farm"]->com.betrybe.agrix.model.entity.Farm["crops"]->org.hibernate.collection.spi.PersistentBag[0]->com.betrybe.agrix.model.entity.Crop["farm"]->com.betrybe.agrix.model.entity.Farm["crops"]->org.hibernate.collection.spi.PersistentBag[0]->com.betrybe.agrix.model.entity.Crop["farm"]->com.betrybe.agrix.model.entity.Farm["crops"]->org.hibernate.collection.spi.PersistentBag[0]->com.betrybe.agrix.model.entity.Crop["farm"]->com.betrybe.agrix.model.entity.Farm["crops"]->org.hibernate.collection.spi.PersistentBag[0]->com.betrybe.agrix.model.entity.Crop["farm"]->com.betrybe.agrix.model.entity.Farm["crops"]->org.hibernate.collection.spi.PersistentBag[0]->com.betrybe.agrix.model.entity.Crop["farm"]->com.betrybe.agrix.model.entity.Farm["crops"]->org.hibernate.collection.spi.PersistentBag[0]->com.betrybe.agrix.model.entity.Crop["farm"]->com.betrybe.agrix.model.entity.Farm["crops"]->org.hibernate.collection.spi.PersistentBag[0]->com.betrybe.agrix.model.entity.Crop["farm"]->com.betrybe.agrix.model.entity.Farm["crops"]->org.hibernate.collection.spi.PersistentBag[0]->com.betrybe.agrix.model.entity.Crop["farm"]->com.betrybe.agrix.model.entity.Farm["crops"]->org.hibernate.collection.spi.PersistentBag[0]->com.betrybe.agrix.model.entity.Crop["farm"]->com.betrybe.agrix.model.entity.Farm["crops"]->org.hibernate.collection.spi.PersistentBag[0]->com.betrybe.agrix.model.entity.Crop["farm"]->com.betrybe.agrix.model.entity.Farm["crops"]->org.hibernate.collection.spi.PersistentBag[0]->com.betrybe.agrix.model.entity.Crop["farm"]->com.betrybe.agrix.model.entity.Farm["crops"]->org.hibernate.collection.spi.PersistentBag[0]->com.betrybe.agrix.model.entity.Crop["farm"]->com.betrybe.agrix.model.entity.Farm["crops"]->org.hibernate.collection.spi.PersistentBag[0]->com.betrybe.agrix.model.entity.Crop["farm"]->com.betrybe.agrix.model.entity.Farm["crops"])
Caused by: java.lang.StackOverflowError
]]></error>
    <system-out><![CDATA[2024-03-30T21:58:08.655-03:00  INFO 41612 --- [           main] o.s.b.t.m.w.SpringBootMockServletContext : Initializing Spring TestDispatcherServlet ''
2024-03-30T21:58:08.655-03:00  INFO 41612 --- [           main] o.s.t.web.servlet.TestDispatcherServlet  : Initializing Servlet ''
2024-03-30T21:58:08.656-03:00  INFO 41612 --- [           main] o.s.t.web.servlet.TestDispatcherServlet  : Completed initialization in 0 ms
Hibernate: 
    insert 
    into
        farms
        (name,size,id) 
    values
        (?,?,default)
Hibernate: 
    select
        f1_0.id,
        f1_0.name,
        f1_0.size 
    from
        farms f1_0 
    where
        f1_0.id=?
Hibernate: 
    insert 
    into
        crops
        (farm_id,name,planted_area,id) 
    values
        (?,?,?,default)
Hibernate: 
    select
        c1_0.farm_id,
        c1_0.id,
        c1_0.name,
        c1_0.planted_area 
    from
        crops c1_0 
    where
        c1_0.farm_id=?
2024-03-30T21:58:08.676-03:00  WARN 41612 --- [           main] .w.s.m.s.DefaultHandlerExceptionResolver : Failure while trying to resolve exception [org.springframework.http.converter.HttpMessageNotWritableException]

java.lang.IllegalStateException: Cannot set error status - response is already committed
	at org.springframework.util.Assert.state(Assert.java:76) ~[spring-core-6.0.10.jar:6.0.10]
	at org.springframework.mock.web.MockHttpServletResponse.sendError(MockHttpServletResponse.java:586) ~[spring-test-6.0.10.jar:6.0.10]
	at org.springframework.web.servlet.mvc.support.DefaultHandlerExceptionResolver.sendServerError(DefaultHandlerExceptionResolver.java:581) ~[spring-webmvc-6.0.10.jar:6.0.10]
	at org.springframework.web.servlet.mvc.support.DefaultHandlerExceptionResolver.handleHttpMessageNotWritable(DefaultHandlerExceptionResolver.java:548) ~[spring-webmvc-6.0.10.jar:6.0.10]
	at org.springframework.web.servlet.mvc.support.DefaultHandlerExceptionResolver.doResolveException(DefaultHandlerExceptionResolver.java:221) ~[spring-webmvc-6.0.10.jar:6.0.10]
	at org.springframework.web.servlet.handler.AbstractHandlerExceptionResolver.resolveException(AbstractHandlerExceptionResolver.java:141) ~[spring-webmvc-6.0.10.jar:6.0.10]
	at org.springframework.web.servlet.handler.HandlerExceptionResolverComposite.resolveException(HandlerExceptionResolverComposite.java:80) ~[spring-webmvc-6.0.10.jar:6.0.10]
	at org.springframework.web.servlet.DispatcherServlet.processHandlerException(DispatcherServlet.java:1341) ~[spring-webmvc-6.0.10.jar:6.0.10]
	at org.springframework.test.web.servlet.TestDispatcherServlet.processHandlerException(TestDispatcherServlet.java:144) ~[spring-test-6.0.10.jar:6.0.10]
	at org.springframework.web.servlet.DispatcherServlet.processDispatchResult(DispatcherServlet.java:1152) ~[spring-webmvc-6.0.10.jar:6.0.10]
	at org.springframework.web.servlet.DispatcherServlet.doDispatch(DispatcherServlet.java:1098) ~[spring-webmvc-6.0.10.jar:6.0.10]
	at org.springframework.web.servlet.DispatcherServlet.doService(DispatcherServlet.java:974) ~[spring-webmvc-6.0.10.jar:6.0.10]
	at org.springframework.web.servlet.FrameworkServlet.processRequest(FrameworkServlet.java:1011) ~[spring-webmvc-6.0.10.jar:6.0.10]
	at org.springframework.web.servlet.FrameworkServlet.doPost(FrameworkServlet.java:914) ~[spring-webmvc-6.0.10.jar:6.0.10]
	at jakarta.servlet.http.HttpServlet.service(HttpServlet.java:590) ~[tomcat-embed-core-10.1.10.jar:6.0]
	at org.springframework.web.servlet.FrameworkServlet.service(FrameworkServlet.java:885) ~[spring-webmvc-6.0.10.jar:6.0.10]
	at org.springframework.test.web.servlet.TestDispatcherServlet.service(TestDispatcherServlet.java:72) ~[spring-test-6.0.10.jar:6.0.10]
	at jakarta.servlet.http.HttpServlet.service(HttpServlet.java:658) ~[tomcat-embed-core-10.1.10.jar:6.0]
	at org.springframework.mock.web.MockFilterChain$ServletFilterProxy.doFilter(MockFilterChain.java:165) ~[spring-test-6.0.10.jar:6.0.10]
	at org.springframework.mock.web.MockFilterChain.doFilter(MockFilterChain.java:132) ~[spring-test-6.0.10.jar:6.0.10]
	at org.springframework.test.web.servlet.MockMvc.perform(MockMvc.java:201) ~[spring-test-6.0.10.jar:6.0.10]
	at com.betrybe.agrix.evaluation.CropManagementTest.performCropCreation(CropManagementTest.java:257) ~[test-classes/:na]
	at com.betrybe.agrix.evaluation.CropManagementTest.testGetCropSuccess(CropManagementTest.java:211) ~[test-classes/:na]
	at com.betrybe.agrix.evaluation.CropManagementTest.testGetCrop(CropManagementTest.java:205) ~[test-classes/:na]
	at java.base/jdk.internal.reflect.NativeMethodAccessorImpl.invoke0(Native Method) ~[na:na]
	at java.base/jdk.internal.reflect.NativeMethodAccessorImpl.invoke(NativeMethodAccessorImpl.java:77) ~[na:na]
	at java.base/jdk.internal.reflect.DelegatingMethodAccessorImpl.invoke(DelegatingMethodAccessorImpl.java:43) ~[na:na]
	at java.base/java.lang.reflect.Method.invoke(Method.java:568) ~[na:na]
	at org.junit.platform.commons.util.ReflectionUtils.invokeMethod(ReflectionUtils.java:727) ~[junit-platform-commons-1.9.3.jar:1.9.3]
	at org.junit.jupiter.engine.execution.ExecutableInvoker.invoke(ExecutableInvoker.java:117) ~[junit-jupiter-engine-5.4.2.jar:5.4.2]
	at org.junit.jupiter.engine.descriptor.TestMethodTestDescriptor.lambda$invokeTestMethod$7(TestMethodTestDescriptor.java:184) ~[junit-jupiter-engine-5.4.2.jar:5.4.2]
	at org.junit.platform.engine.support.hierarchical.ThrowableCollector.execute(ThrowableCollector.java:73) ~[junit-platform-engine-1.9.3.jar:1.9.3]
	at org.junit.jupiter.engine.descriptor.TestMethodTestDescriptor.invokeTestMethod(TestMethodTestDescriptor.java:180) ~[junit-jupiter-engine-5.4.2.jar:5.4.2]
	at org.junit.jupiter.engine.descriptor.TestMethodTestDescriptor.execute(TestMethodTestDescriptor.java:127) ~[junit-jupiter-engine-5.4.2.jar:5.4.2]
	at org.junit.jupiter.engine.descriptor.TestMethodTestDescriptor.execute(TestMethodTestDescriptor.java:68) ~[junit-jupiter-engine-5.4.2.jar:5.4.2]
	at org.junit.platform.engine.support.hierarchical.NodeTestTask.lambda$executeRecursively$6(NodeTestTask.java:151) ~[junit-platform-engine-1.9.3.jar:1.9.3]
	at org.junit.platform.engine.support.hierarchical.ThrowableCollector.execute(ThrowableCollector.java:73) ~[junit-platform-engine-1.9.3.jar:1.9.3]
	at org.junit.platform.engine.support.hierarchical.NodeTestTask.lambda$executeRecursively$8(NodeTestTask.java:141) ~[junit-platform-engine-1.9.3.jar:1.9.3]
	at org.junit.platform.engine.support.hierarchical.Node.around(Node.java:137) ~[junit-platform-engine-1.9.3.jar:1.9.3]
	at org.junit.platform.engine.support.hierarchical.NodeTestTask.lambda$executeRecursively$9(NodeTestTask.java:139) ~[junit-platform-engine-1.9.3.jar:1.9.3]
	at org.junit.platform.engine.support.hierarchical.ThrowableCollector.execute(ThrowableCollector.java:73) ~[junit-platform-engine-1.9.3.jar:1.9.3]
	at org.junit.platform.engine.support.hierarchical.NodeTestTask.executeRecursively(NodeTestTask.java:138) ~[junit-platform-engine-1.9.3.jar:1.9.3]
	at org.junit.platform.engine.support.hierarchical.NodeTestTask.execute(NodeTestTask.java:95) ~[junit-platform-engine-1.9.3.jar:1.9.3]
	at java.base/java.util.ArrayList.forEach(ArrayList.java:1511) ~[na:na]
	at org.junit.platform.engine.support.hierarchical.SameThreadHierarchicalTestExecutorService.invokeAll(SameThreadHierarchicalTestExecutorService.java:41) ~[junit-platform-engine-1.9.3.jar:1.9.3]
	at org.junit.platform.engine.support.hierarchical.NodeTestTask.lambda$executeRecursively$6(NodeTestTask.java:155) ~[junit-platform-engine-1.9.3.jar:1.9.3]
	at org.junit.platform.engine.support.hierarchical.ThrowableCollector.execute(ThrowableCollector.java:73) ~[junit-platform-engine-1.9.3.jar:1.9.3]
	at org.junit.platform.engine.support.hierarchical.NodeTestTask.lambda$executeRecursively$8(NodeTestTask.java:141) ~[junit-platform-engine-1.9.3.jar:1.9.3]
	at org.junit.platform.engine.support.hierarchical.Node.around(Node.java:137) ~[junit-platform-engine-1.9.3.jar:1.9.3]
	at org.junit.platform.engine.support.hierarchical.NodeTestTask.lambda$executeRecursively$9(NodeTestTask.java:139) ~[junit-platform-engine-1.9.3.jar:1.9.3]
	at org.junit.platform.engine.support.hierarchical.ThrowableCollector.execute(ThrowableCollector.java:73) ~[junit-platform-engine-1.9.3.jar:1.9.3]
	at org.junit.platform.engine.support.hierarchical.NodeTestTask.executeRecursively(NodeTestTask.java:138) ~[junit-platform-engine-1.9.3.jar:1.9.3]
	at org.junit.platform.engine.support.hierarchical.NodeTestTask.execute(NodeTestTask.java:95) ~[junit-platform-engine-1.9.3.jar:1.9.3]
	at java.base/java.util.ArrayList.forEach(ArrayList.java:1511) ~[na:na]
	at org.junit.platform.engine.support.hierarchical.SameThreadHierarchicalTestExecutorService.invokeAll(SameThreadHierarchicalTestExecutorService.java:41) ~[junit-platform-engine-1.9.3.jar:1.9.3]
	at org.junit.platform.engine.support.hierarchical.NodeTestTask.lambda$executeRecursively$6(NodeTestTask.java:155) ~[junit-platform-engine-1.9.3.jar:1.9.3]
	at org.junit.platform.engine.support.hierarchical.ThrowableCollector.execute(ThrowableCollector.java:73) ~[junit-platform-engine-1.9.3.jar:1.9.3]
	at org.junit.platform.engine.support.hierarchical.NodeTestTask.lambda$executeRecursively$8(NodeTestTask.java:141) ~[junit-platform-engine-1.9.3.jar:1.9.3]
	at org.junit.platform.engine.support.hierarchical.Node.around(Node.java:137) ~[junit-platform-engine-1.9.3.jar:1.9.3]
	at org.junit.platform.engine.support.hierarchical.NodeTestTask.lambda$executeRecursively$9(NodeTestTask.java:139) ~[junit-platform-engine-1.9.3.jar:1.9.3]
	at org.junit.platform.engine.support.hierarchical.ThrowableCollector.execute(ThrowableCollector.java:73) ~[junit-platform-engine-1.9.3.jar:1.9.3]
	at org.junit.platform.engine.support.hierarchical.NodeTestTask.executeRecursively(NodeTestTask.java:138) ~[junit-platform-engine-1.9.3.jar:1.9.3]
	at org.junit.platform.engine.support.hierarchical.NodeTestTask.execute(NodeTestTask.java:95) ~[junit-platform-engine-1.9.3.jar:1.9.3]
	at org.junit.platform.engine.support.hierarchical.SameThreadHierarchicalTestExecutorService.submit(SameThreadHierarchicalTestExecutorService.java:35) ~[junit-platform-engine-1.9.3.jar:1.9.3]
	at org.junit.platform.engine.support.hierarchical.HierarchicalTestExecutor.execute(HierarchicalTestExecutor.java:57) ~[junit-platform-engine-1.9.3.jar:1.9.3]
	at org.junit.platform.engine.support.hierarchical.HierarchicalTestEngine.execute(HierarchicalTestEngine.java:54) ~[junit-platform-engine-1.9.3.jar:1.9.3]
	at org.junit.platform.launcher.core.EngineExecutionOrchestrator.execute(EngineExecutionOrchestrator.java:147) ~[junit-platform-launcher-1.9.3.jar:1.9.3]
	at org.junit.platform.launcher.core.EngineExecutionOrchestrator.execute(EngineExecutionOrchestrator.java:127) ~[junit-platform-launcher-1.9.3.jar:1.9.3]
	at org.junit.platform.launcher.core.EngineExecutionOrchestrator.execute(EngineExecutionOrchestrator.java:90) ~[junit-platform-launcher-1.9.3.jar:1.9.3]
	at org.junit.platform.launcher.core.EngineExecutionOrchestrator.lambda$execute$0(EngineExecutionOrchestrator.java:55) ~[junit-platform-launcher-1.9.3.jar:1.9.3]
	at org.junit.platform.launcher.core.EngineExecutionOrchestrator.withInterceptedStreams(EngineExecutionOrchestrator.java:102) ~[junit-platform-launcher-1.9.3.jar:1.9.3]
	at org.junit.platform.launcher.core.EngineExecutionOrchestrator.execute(EngineExecutionOrchestrator.java:54) ~[junit-platform-launcher-1.9.3.jar:1.9.3]
	at org.junit.platform.launcher.core.DefaultLauncher.execute(DefaultLauncher.java:114) ~[junit-platform-launcher-1.9.3.jar:1.9.3]
	at org.junit.platform.launcher.core.DefaultLauncher.execute(DefaultLauncher.java:86) ~[junit-platform-launcher-1.9.3.jar:1.9.3]
	at org.junit.platform.launcher.core.DefaultLauncherSession$DelegatingLauncher.execute(DefaultLauncherSession.java:86) ~[junit-platform-launcher-1.9.3.jar:1.9.3]
	at org.junit.platform.launcher.core.SessionPerRequestLauncher.execute(SessionPerRequestLauncher.java:53) ~[junit-platform-launcher-1.9.3.jar:1.9.3]
	at org.apache.maven.surefire.junitplatform.JUnitPlatformProvider.execute(JUnitPlatformProvider.java:188) ~[surefire-junit-platform-3.0.0-M5.jar:3.0.0-M5]
	at org.apache.maven.surefire.junitplatform.JUnitPlatformProvider.invokeAllTests(JUnitPlatformProvider.java:154) ~[surefire-junit-platform-3.0.0-M5.jar:3.0.0-M5]
	at org.apache.maven.surefire.junitplatform.JUnitPlatformProvider.invoke(JUnitPlatformProvider.java:128) ~[surefire-junit-platform-3.0.0-M5.jar:3.0.0-M5]
	at org.apache.maven.surefire.booter.ForkedBooter.runSuitesInProcess(ForkedBooter.java:428) ~[surefire-booter-3.0.0-M5.jar:3.0.0-M5]
	at org.apache.maven.surefire.booter.ForkedBooter.execute(ForkedBooter.java:162) ~[surefire-booter-3.0.0-M5.jar:3.0.0-M5]
	at org.apache.maven.surefire.booter.ForkedBooter.run(ForkedBooter.java:562) ~[surefire-booter-3.0.0-M5.jar:3.0.0-M5]
	at org.apache.maven.surefire.booter.ForkedBooter.main(ForkedBooter.java:548) ~[surefire-booter-3.0.0-M5.jar:3.0.0-M5]

]]></system-out>
  </testcase>
  <testcase name="5- Crie a rota GET /farms/{farmId}/crops" classname="Req 04-07" time="0.058">
    <error type="jakarta.servlet.ServletException"><![CDATA[jakarta.servlet.ServletException: Request processing failed: org.springframework.http.converter.HttpMessageNotWritableException: Could not write JSON: Infinite recursion (StackOverflowError)
	at com.betrybe.agrix.evaluation.CropManagementTest.performCropCreation(CropManagementTest.java:257)
	at com.betrybe.agrix.evaluation.CropManagementTest.testGetFarmCropsSuccess(CropManagementTest.java:138)
	at com.betrybe.agrix.evaluation.CropManagementTest.testGetFarmCrops(CropManagementTest.java:99)
Caused by: org.springframework.http.converter.HttpMessageNotWritableException: Could not write JSON: Infinite recursion (StackOverflowError)
	at com.betrybe.agrix.evaluation.CropManagementTest.performCropCreation(CropManagementTest.java:257)
	at com.betrybe.agrix.evaluation.CropManagementTest.testGetFarmCropsSuccess(CropManagementTest.java:138)
	at com.betrybe.agrix.evaluation.CropManagementTest.testGetFarmCrops(CropManagementTest.java:99)
Caused by: com.fasterxml.jackson.databind.JsonMappingException: Infinite recursion (StackOverflowError) (through reference chain: com.betrybe.agrix.model.entity.Farm["crops"]->org.hibernate.collection.spi.PersistentBag[0]->com.betrybe.agrix.model.entity.Crop["farm"]->com.betrybe.agrix.model.entity.Farm["crops"]->org.hibernate.collection.spi.PersistentBag[0]->com.betrybe.agrix.model.entity.Crop["farm"]->com.betrybe.agrix.model.entity.Farm["crops"]->org.hibernate.collection.spi.PersistentBag[0]->com.betrybe.agrix.model.entity.Crop["farm"]->com.betrybe.agrix.model.entity.Farm["crops"]->org.hibernate.collection.spi.PersistentBag[0]->com.betrybe.agrix.model.entity.Crop["farm"]->com.betrybe.agrix.model.entity.Farm["crops"]->org.hibernate.collection.spi.PersistentBag[0]->com.betrybe.agrix.model.entity.Crop["farm"]->com.betrybe.agrix.model.entity.Farm["crops"]->org.hibernate.collection.spi.PersistentBag[0]->com.betrybe.agrix.model.entity.Crop["farm"]->com.betrybe.agrix.model.entity.Farm["crops"]->org.hibernate.collection.spi.PersistentBag[0]->com.betrybe.agrix.model.entity.Crop["farm"]->com.betrybe.agrix.model.entity.Farm["crops"]->org.hibernate.collection.spi.PersistentBag[0]->com.betrybe.agrix.model.entity.Crop["farm"]->com.betrybe.agrix.model.entity.Farm["crops"]->org.hibernate.collection.spi.PersistentBag[0]->com.betrybe.agrix.model.entity.Crop["farm"]->com.betrybe.agrix.model.entity.Farm["crops"]->org.hibernate.collection.spi.PersistentBag[0]->com.betrybe.agrix.model.entity.Crop["farm"]->com.betrybe.agrix.model.entity.Farm["crops"]->org.hibernate.collection.spi.PersistentBag[0]->com.betrybe.agrix.model.entity.Crop["farm"]->com.betrybe.agrix.model.entity.Farm["crops"]->org.hibernate.collection.spi.PersistentBag[0]->com.betrybe.agrix.model.entity.Crop["farm"]->com.betrybe.agrix.model.entity.Farm["crops"]->org.hibernate.collection.spi.PersistentBag[0]->com.betrybe.agrix.model.entity.Crop["farm"]->com.betrybe.agrix.model.entity.Farm["crops"]->org.hibernate.collection.spi.PersistentBag[0]->com.betrybe.agrix.model.entity.Crop["farm"]->com.betrybe.agrix.model.entity.Farm["crops"]->org.hibernate.collection.spi.PersistentBag[0]->com.betrybe.agrix.model.entity.Crop["farm"]->com.betrybe.agrix.model.entity.Farm["crops"]->org.hibernate.collection.spi.PersistentBag[0]->com.betrybe.agrix.model.entity.Crop["farm"]->com.betrybe.agrix.model.entity.Farm["crops"]->org.hibernate.collection.spi.PersistentBag[0]->com.betrybe.agrix.model.entity.Crop["farm"]->com.betrybe.agrix.model.entity.Farm["crops"]->org.hibernate.collection.spi.PersistentBag[0]->com.betrybe.agrix.model.entity.Crop["farm"]->com.betrybe.agrix.model.entity.Farm["crops"]->org.hibernate.collection.spi.PersistentBag[0]->com.betrybe.agrix.model.entity.Crop["farm"]->com.betrybe.agrix.model.entity.Farm["crops"]->org.hibernate.collection.spi.PersistentBag[0]->com.betrybe.agrix.model.entity.Crop["farm"]->com.betrybe.agrix.model.entity.Farm["crops"]->org.hibernate.collection.spi.PersistentBag[0]->com.betrybe.agrix.model.entity.Crop["farm"]->com.betrybe.agrix.model.entity.Farm["crops"]->org.hibernate.collection.spi.PersistentBag[0]->com.betrybe.agrix.model.entity.Crop["farm"]->com.betrybe.agrix.model.entity.Farm["crops"]->org.hibernate.collection.spi.PersistentBag[0]->com.betrybe.agrix.model.entity.Crop["farm"]->com.betrybe.agrix.model.entity.Farm["crops"]->org.hibernate.collection.spi.PersistentBag[0]->com.betrybe.agrix.model.entity.Crop["farm"]->com.betrybe.agrix.model.entity.Farm["crops"]->org.hibernate.collection.spi.PersistentBag[0]->com.betrybe.agrix.model.entity.Crop["farm"]->com.betrybe.agrix.model.entity.Farm["crops"]->org.hibernate.collection.spi.PersistentBag[0]->com.betrybe.agrix.model.entity.Crop["farm"]->com.betrybe.agrix.model.entity.Farm["crops"]->org.hibernate.collection.spi.PersistentBag[0]->com.betrybe.agrix.model.entity.Crop["farm"]->com.betrybe.agrix.model.entity.Farm["crops"]->org.hibernate.collection.spi.PersistentBag[0]->com.betrybe.agrix.model.entity.Crop["farm"]->com.betrybe.agrix.model.entity.Farm["crops"]->org.hibernate.collection.spi.PersistentBag[0]->com.betrybe.agrix.model.entity.Crop["farm"]->com.betrybe.agrix.model.entity.Farm["crops"]->org.hibernate.collection.spi.PersistentBag[0]->com.betrybe.agrix.model.entity.Crop["farm"]->com.betrybe.agrix.model.entity.Farm["crops"]->org.hibernate.collection.spi.PersistentBag[0]->com.betrybe.agrix.model.entity.Crop["farm"]->com.betrybe.agrix.model.entity.Farm["crops"]->org.hibernate.collection.spi.PersistentBag[0]->com.betrybe.agrix.model.entity.Crop["farm"]->com.betrybe.agrix.model.entity.Farm["crops"]->org.hibernate.collection.spi.PersistentBag[0]->com.betrybe.agrix.model.entity.Crop["farm"]->com.betrybe.agrix.model.entity.Farm["crops"]->org.hibernate.collection.spi.PersistentBag[0]->com.betrybe.agrix.model.entity.Crop["farm"]->com.betrybe.agrix.model.entity.Farm["crops"]->org.hibernate.collection.spi.PersistentBag[0]->com.betrybe.agrix.model.entity.Crop["farm"]->com.betrybe.agrix.model.entity.Farm["crops"]->org.hibernate.collection.spi.PersistentBag[0]->com.betrybe.agrix.model.entity.Crop["farm"]->com.betrybe.agrix.model.entity.Farm["crops"]->org.hibernate.collection.spi.PersistentBag[0]->com.betrybe.agrix.model.entity.Crop["farm"]->com.betrybe.agrix.model.entity.Farm["crops"]->org.hibernate.collection.spi.PersistentBag[0]->com.betrybe.agrix.model.entity.Crop["farm"]->com.betrybe.agrix.model.entity.Farm["crops"]->org.hibernate.collection.spi.PersistentBag[0]->com.betrybe.agrix.model.entity.Crop["farm"]->com.betrybe.agrix.model.entity.Farm["crops"]->org.hibernate.collection.spi.PersistentBag[0]->com.betrybe.agrix.model.entity.Crop["farm"]->com.betrybe.agrix.model.entity.Farm["crops"]->org.hibernate.collection.spi.PersistentBag[0]->com.betrybe.agrix.model.entity.Crop["farm"]->com.betrybe.agrix.model.entity.Farm["crops"]->org.hibernate.collection.spi.PersistentBag[0]->com.betrybe.agrix.model.entity.Crop["farm"]->com.betrybe.agrix.model.entity.Farm["crops"]->org.hibernate.collection.spi.PersistentBag[0]->com.betrybe.agrix.model.entity.Crop["farm"]->com.betrybe.agrix.model.entity.Farm["crops"]->org.hibernate.collection.spi.PersistentBag[0]->com.betrybe.agrix.model.entity.Crop["farm"]->com.betrybe.agrix.model.entity.Farm["crops"]->org.hibernate.collection.spi.PersistentBag[0]->com.betrybe.agrix.model.entity.Crop["farm"]->com.betrybe.agrix.model.entity.Farm["crops"]->org.hibernate.collection.spi.PersistentBag[0]->com.betrybe.agrix.model.entity.Crop["farm"]->com.betrybe.agrix.model.entity.Farm["crops"]->org.hibernate.collection.spi.PersistentBag[0]->com.betrybe.agrix.model.entity.Crop["farm"]->com.betrybe.agrix.model.entity.Farm["crops"]->org.hibernate.collection.spi.PersistentBag[0]->com.betrybe.agrix.model.entity.Crop["farm"]->com.betrybe.agrix.model.entity.Farm["crops"]->org.hibernate.collection.spi.PersistentBag[0]->com.betrybe.agrix.model.entity.Crop["farm"]->com.betrybe.agrix.model.entity.Farm["crops"]->org.hibernate.collection.spi.PersistentBag[0]->com.betrybe.agrix.model.entity.Crop["farm"]->com.betrybe.agrix.model.entity.Farm["crops"]->org.hibernate.collection.spi.PersistentBag[0]->com.betrybe.agrix.model.entity.Crop["farm"]->com.betrybe.agrix.model.entity.Farm["crops"]->org.hibernate.collection.spi.PersistentBag[0]->com.betrybe.agrix.model.entity.Crop["farm"]->com.betrybe.agrix.model.entity.Farm["crops"]->org.hibernate.collection.spi.PersistentBag[0]->com.betrybe.agrix.model.entity.Crop["farm"]->com.betrybe.agrix.model.entity.Farm["crops"]->org.hibernate.collection.spi.PersistentBag[0]->com.betrybe.agrix.model.entity.Crop["farm"]->com.betrybe.agrix.model.entity.Farm["crops"]->org.hibernate.collection.spi.PersistentBag[0]->com.betrybe.agrix.model.entity.Crop["farm"]->com.betrybe.agrix.model.entity.Farm["crops"]->org.hibernate.collection.spi.PersistentBag[0]->com.betrybe.agrix.model.entity.Crop["farm"]->com.betrybe.agrix.model.entity.Farm["crops"]->org.hibernate.collection.spi.PersistentBag[0]->com.betrybe.agrix.model.entity.Crop["farm"]->com.betrybe.agrix.model.entity.Farm["crops"]->org.hibernate.collection.spi.PersistentBag[0]->com.betrybe.agrix.model.entity.Crop["farm"]->com.betrybe.agrix.model.entity.Farm["crops"]->org.hibernate.collection.spi.PersistentBag[0]->com.betrybe.agrix.model.entity.Crop["farm"]->com.betrybe.agrix.model.entity.Farm["crops"]->org.hibernate.collection.spi.PersistentBag[0]->com.betrybe.agrix.model.entity.Crop["farm"]->com.betrybe.agrix.model.entity.Farm["crops"]->org.hibernate.collection.spi.PersistentBag[0]->com.betrybe.agrix.model.entity.Crop["farm"]->com.betrybe.agrix.model.entity.Farm["crops"]->org.hibernate.collection.spi.PersistentBag[0]->com.betrybe.agrix.model.entity.Crop["farm"]->com.betrybe.agrix.model.entity.Farm["crops"]->org.hibernate.collection.spi.PersistentBag[0]->com.betrybe.agrix.model.entity.Crop["farm"]->com.betrybe.agrix.model.entity.Farm["crops"]->org.hibernate.collection.spi.PersistentBag[0]->com.betrybe.agrix.model.entity.Crop["farm"]->com.betrybe.agrix.model.entity.Farm["crops"]->org.hibernate.collection.spi.PersistentBag[0]->com.betrybe.agrix.model.entity.Crop["farm"]->com.betrybe.agrix.model.entity.Farm["crops"]->org.hibernate.collection.spi.PersistentBag[0]->com.betrybe.agrix.model.entity.Crop["farm"]->com.betrybe.agrix.model.entity.Farm["crops"]->org.hibernate.collection.spi.PersistentBag[0]->com.betrybe.agrix.model.entity.Crop["farm"]->com.betrybe.agrix.model.entity.Farm["crops"]->org.hibernate.collection.spi.PersistentBag[0]->com.betrybe.agrix.model.entity.Crop["farm"]->com.betrybe.agrix.model.entity.Farm["crops"]->org.hibernate.collection.spi.PersistentBag[0]->com.betrybe.agrix.model.entity.Crop["farm"]->com.betrybe.agrix.model.entity.Farm["crops"]->org.hibernate.collection.spi.PersistentBag[0]->com.betrybe.agrix.model.entity.Crop["farm"]->com.betrybe.agrix.model.entity.Farm["crops"]->org.hibernate.collection.spi.PersistentBag[0]->com.betrybe.agrix.model.entity.Crop["farm"]->com.betrybe.agrix.model.entity.Farm["crops"]->org.hibernate.collection.spi.PersistentBag[0]->com.betrybe.agrix.model.entity.Crop["farm"]->com.betrybe.agrix.model.entity.Farm["crops"]->org.hibernate.collection.spi.PersistentBag[0]->com.betrybe.agrix.model.entity.Crop["farm"]->com.betrybe.agrix.model.entity.Farm["crops"]->org.hibernate.collection.spi.PersistentBag[0]->com.betrybe.agrix.model.entity.Crop["farm"]->com.betrybe.agrix.model.entity.Farm["crops"]->org.hibernate.collection.spi.PersistentBag[0]->com.betrybe.agrix.model.entity.Crop["farm"]->com.betrybe.agrix.model.entity.Farm["crops"]->org.hibernate.collection.spi.PersistentBag[0]->com.betrybe.agrix.model.entity.Crop["farm"]->com.betrybe.agrix.model.entity.Farm["crops"]->org.hibernate.collection.spi.PersistentBag[0]->com.betrybe.agrix.model.entity.Crop["farm"]->com.betrybe.agrix.model.entity.Farm["crops"]->org.hibernate.collection.spi.PersistentBag[0]->com.betrybe.agrix.model.entity.Crop["farm"]->com.betrybe.agrix.model.entity.Farm["crops"]->org.hibernate.collection.spi.PersistentBag[0]->com.betrybe.agrix.model.entity.Crop["farm"]->com.betrybe.agrix.model.entity.Farm["crops"]->org.hibernate.collection.spi.PersistentBag[0]->com.betrybe.agrix.model.entity.Crop["farm"]->com.betrybe.agrix.model.entity.Farm["crops"]->org.hibernate.collection.spi.PersistentBag[0]->com.betrybe.agrix.model.entity.Crop["farm"]->com.betrybe.agrix.model.entity.Farm["crops"]->org.hibernate.collection.spi.PersistentBag[0]->com.betrybe.agrix.model.entity.Crop["farm"]->com.betrybe.agrix.model.entity.Farm["crops"]->org.hibernate.collection.spi.PersistentBag[0]->com.betrybe.agrix.model.entity.Crop["farm"]->com.betrybe.agrix.model.entity.Farm["crops"]->org.hibernate.collection.spi.PersistentBag[0]->com.betrybe.agrix.model.entity.Crop["farm"]->com.betrybe.agrix.model.entity.Farm["crops"]->org.hibernate.collection.spi.PersistentBag[0]->com.betrybe.agrix.model.entity.Crop["farm"]->com.betrybe.agrix.model.entity.Farm["crops"]->org.hibernate.collection.spi.PersistentBag[0]->com.betrybe.agrix.model.entity.Crop["farm"]->com.betrybe.agrix.model.entity.Farm["crops"]->org.hibernate.collection.spi.PersistentBag[0]->com.betrybe.agrix.model.entity.Crop["farm"]->com.betrybe.agrix.model.entity.Farm["crops"]->org.hibernate.collection.spi.PersistentBag[0]->com.betrybe.agrix.model.entity.Crop["farm"]->com.betrybe.agrix.model.entity.Farm["crops"]->org.hibernate.collection.spi.PersistentBag[0]->com.betrybe.agrix.model.entity.Crop["farm"]->com.betrybe.agrix.model.entity.Farm["crops"]->org.hibernate.collection.spi.PersistentBag[0]->com.betrybe.agrix.model.entity.Crop["farm"]->com.betrybe.agrix.model.entity.Farm["crops"]->org.hibernate.collection.spi.PersistentBag[0]->com.betrybe.agrix.model.entity.Crop["farm"]->com.betrybe.agrix.model.entity.Farm["crops"]->org.hibernate.collection.spi.PersistentBag[0]->com.betrybe.agrix.model.entity.Crop["farm"]->com.betrybe.agrix.model.entity.Farm["crops"]->org.hibernate.collection.spi.PersistentBag[0]->com.betrybe.agrix.model.entity.Crop["farm"]->com.betrybe.agrix.model.entity.Farm["crops"]->org.hibernate.collection.spi.PersistentBag[0]->com.betrybe.agrix.model.entity.Crop["farm"]->com.betrybe.agrix.model.entity.Farm["crops"]->org.hibernate.collection.spi.PersistentBag[0]->com.betrybe.agrix.model.entity.Crop["farm"]->com.betrybe.agrix.model.entity.Farm["crops"]->org.hibernate.collection.spi.PersistentBag[0]->com.betrybe.agrix.model.entity.Crop["farm"]->com.betrybe.agrix.model.entity.Farm["crops"]->org.hibernate.collection.spi.PersistentBag[0]->com.betrybe.agrix.model.entity.Crop["farm"]->com.betrybe.agrix.model.entity.Farm["crops"]->org.hibernate.collection.spi.PersistentBag[0]->com.betrybe.agrix.model.entity.Crop["farm"]->com.betrybe.agrix.model.entity.Farm["crops"]->org.hibernate.collection.spi.PersistentBag[0]->com.betrybe.agrix.model.entity.Crop["farm"]->com.betrybe.agrix.model.entity.Farm["crops"]->org.hibernate.collection.spi.PersistentBag[0]->com.betrybe.agrix.model.entity.Crop["farm"]->com.betrybe.agrix.model.entity.Farm["crops"]->org.hibernate.collection.spi.PersistentBag[0]->com.betrybe.agrix.model.entity.Crop["farm"]->com.betrybe.agrix.model.entity.Farm["crops"]->org.hibernate.collection.spi.PersistentBag[0]->com.betrybe.agrix.model.entity.Crop["farm"]->com.betrybe.agrix.model.entity.Farm["crops"]->org.hibernate.collection.spi.PersistentBag[0]->com.betrybe.agrix.model.entity.Crop["farm"]->com.betrybe.agrix.model.entity.Farm["crops"]->org.hibernate.collection.spi.PersistentBag[0]->com.betrybe.agrix.model.entity.Crop["farm"]->com.betrybe.agrix.model.entity.Farm["crops"]->org.hibernate.collection.spi.PersistentBag[0]->com.betrybe.agrix.model.entity.Crop["farm"]->com.betrybe.agrix.model.entity.Farm["crops"]->org.hibernate.collection.spi.PersistentBag[0]->com.betrybe.agrix.model.entity.Crop["farm"]->com.betrybe.agrix.model.entity.Farm["crops"]->org.hibernate.collection.spi.PersistentBag[0]->com.betrybe.agrix.model.entity.Crop["farm"]->com.betrybe.agrix.model.entity.Farm["crops"]->org.hibernate.collection.spi.PersistentBag[0]->com.betrybe.agrix.model.entity.Crop["farm"]->com.betrybe.agrix.model.entity.Farm["crops"]->org.hibernate.collection.spi.PersistentBag[0]->com.betrybe.agrix.model.entity.Crop["farm"]->com.betrybe.agrix.model.entity.Farm["crops"]->org.hibernate.collection.spi.PersistentBag[0]->com.betrybe.agrix.model.entity.Crop["farm"]->com.betrybe.agrix.model.entity.Farm["crops"]->org.hibernate.collection.spi.PersistentBag[0]->com.betrybe.agrix.model.entity.Crop["farm"]->com.betrybe.agrix.model.entity.Farm["crops"]->org.hibernate.collection.spi.PersistentBag[0]->com.betrybe.agrix.model.entity.Crop["farm"]->com.betrybe.agrix.model.entity.Farm["crops"]->org.hibernate.collection.spi.PersistentBag[0]->com.betrybe.agrix.model.entity.Crop["farm"]->com.betrybe.agrix.model.entity.Farm["crops"]->org.hibernate.collection.spi.PersistentBag[0]->com.betrybe.agrix.model.entity.Crop["farm"]->com.betrybe.agrix.model.entity.Farm["crops"]->org.hibernate.collection.spi.PersistentBag[0]->com.betrybe.agrix.model.entity.Crop["farm"]->com.betrybe.agrix.model.entity.Farm["crops"]->org.hibernate.collection.spi.PersistentBag[0]->com.betrybe.agrix.model.entity.Crop["farm"]->com.betrybe.agrix.model.entity.Farm["crops"]->org.hibernate.collection.spi.PersistentBag[0]->com.betrybe.agrix.model.entity.Crop["farm"]->com.betrybe.agrix.model.entity.Farm["crops"]->org.hibernate.collection.spi.PersistentBag[0]->com.betrybe.agrix.model.entity.Crop["farm"]->com.betrybe.agrix.model.entity.Farm["crops"]->org.hibernate.collection.spi.PersistentBag[0]->com.betrybe.agrix.model.entity.Crop["farm"]->com.betrybe.agrix.model.entity.Farm["crops"]->org.hibernate.collection.spi.PersistentBag[0]->com.betrybe.agrix.model.entity.Crop["farm"]->com.betrybe.agrix.model.entity.Farm["crops"]->org.hibernate.collection.spi.PersistentBag[0]->com.betrybe.agrix.model.entity.Crop["farm"]->com.betrybe.agrix.model.entity.Farm["crops"]->org.hibernate.collection.spi.PersistentBag[0]->com.betrybe.agrix.model.entity.Crop["farm"]->com.betrybe.agrix.model.entity.Farm["crops"]->org.hibernate.collection.spi.PersistentBag[0]->com.betrybe.agrix.model.entity.Crop["farm"]->com.betrybe.agrix.model.entity.Farm["crops"]->org.hibernate.collection.spi.PersistentBag[0]->com.betrybe.agrix.model.entity.Crop["farm"]->com.betrybe.agrix.model.entity.Farm["crops"]->org.hibernate.collection.spi.PersistentBag[0]->com.betrybe.agrix.model.entity.Crop["farm"]->com.betrybe.agrix.model.entity.Farm["crops"]->org.hibernate.collection.spi.PersistentBag[0]->com.betrybe.agrix.model.entity.Crop["farm"]->com.betrybe.agrix.model.entity.Farm["crops"]->org.hibernate.collection.spi.PersistentBag[0]->com.betrybe.agrix.model.entity.Crop["farm"]->com.betrybe.agrix.model.entity.Farm["crops"]->org.hibernate.collection.spi.PersistentBag[0]->com.betrybe.agrix.model.entity.Crop["farm"]->com.betrybe.agrix.model.entity.Farm["crops"]->org.hibernate.collection.spi.PersistentBag[0]->com.betrybe.agrix.model.entity.Crop["farm"]->com.betrybe.agrix.model.entity.Farm["crops"]->org.hibernate.collection.spi.PersistentBag[0]->com.betrybe.agrix.model.entity.Crop["farm"]->com.betrybe.agrix.model.entity.Farm["crops"]->org.hibernate.collection.spi.PersistentBag[0]->com.betrybe.agrix.model.entity.Crop["farm"]->com.betrybe.agrix.model.entity.Farm["crops"]->org.hibernate.collection.spi.PersistentBag[0]->com.betrybe.agrix.model.entity.Crop["farm"]->com.betrybe.agrix.model.entity.Farm["crops"]->org.hibernate.collection.spi.PersistentBag[0]->com.betrybe.agrix.model.entity.Crop["farm"]->com.betrybe.agrix.model.entity.Farm["crops"]->org.hibernate.collection.spi.PersistentBag[0]->com.betrybe.agrix.model.entity.Crop["farm"]->com.betrybe.agrix.model.entity.Farm["crops"]->org.hibernate.collection.spi.PersistentBag[0]->com.betrybe.agrix.model.entity.Crop["farm"]->com.betrybe.agrix.model.entity.Farm["crops"]->org.hibernate.collection.spi.PersistentBag[0]->com.betrybe.agrix.model.entity.Crop["farm"]->com.betrybe.agrix.model.entity.Farm["crops"]->org.hibernate.collection.spi.PersistentBag[0]->com.betrybe.agrix.model.entity.Crop["farm"]->com.betrybe.agrix.model.entity.Farm["crops"]->org.hibernate.collection.spi.PersistentBag[0]->com.betrybe.agrix.model.entity.Crop["farm"]->com.betrybe.agrix.model.entity.Farm["crops"]->org.hibernate.collection.spi.PersistentBag[0]->com.betrybe.agrix.model.entity.Crop["farm"]->com.betrybe.agrix.model.entity.Farm["crops"]->org.hibernate.collection.spi.PersistentBag[0]->com.betrybe.agrix.model.entity.Crop["farm"]->com.betrybe.agrix.model.entity.Farm["crops"]->org.hibernate.collection.spi.PersistentBag[0]->com.betrybe.agrix.model.entity.Crop["farm"]->com.betrybe.agrix.model.entity.Farm["crops"]->org.hibernate.collection.spi.PersistentBag[0]->com.betrybe.agrix.model.entity.Crop["farm"]->com.betrybe.agrix.model.entity.Farm["crops"]->org.hibernate.collection.spi.PersistentBag[0]->com.betrybe.agrix.model.entity.Crop["farm"]->com.betrybe.agrix.model.entity.Farm["crops"]->org.hibernate.collection.spi.PersistentBag[0]->com.betrybe.agrix.model.entity.Crop["farm"]->com.betrybe.agrix.model.entity.Farm["crops"]->org.hibernate.collection.spi.PersistentBag[0]->com.betrybe.agrix.model.entity.Crop["farm"]->com.betrybe.agrix.model.entity.Farm["crops"]->org.hibernate.collection.spi.PersistentBag[0]->com.betrybe.agrix.model.entity.Crop["farm"]->com.betrybe.agrix.model.entity.Farm["crops"]->org.hibernate.collection.spi.PersistentBag[0]->com.betrybe.agrix.model.entity.Crop["farm"]->com.betrybe.agrix.model.entity.Farm["crops"]->org.hibernate.collection.spi.PersistentBag[0]->com.betrybe.agrix.model.entity.Crop["farm"]->com.betrybe.agrix.model.entity.Farm["crops"]->org.hibernate.collection.spi.PersistentBag[0]->com.betrybe.agrix.model.entity.Crop["farm"]->com.betrybe.agrix.model.entity.Farm["crops"]->org.hibernate.collection.spi.PersistentBag[0]->com.betrybe.agrix.model.entity.Crop["farm"]->com.betrybe.agrix.model.entity.Farm["crops"]->org.hibernate.collection.spi.PersistentBag[0]->com.betrybe.agrix.model.entity.Crop["farm"]->com.betrybe.agrix.model.entity.Farm["crops"]->org.hibernate.collection.spi.PersistentBag[0]->com.betrybe.agrix.model.entity.Crop["farm"]->com.betrybe.agrix.model.entity.Farm["crops"]->org.hibernate.collection.spi.PersistentBag[0]->com.betrybe.agrix.model.entity.Crop["farm"]->com.betrybe.agrix.model.entity.Farm["crops"]->org.hibernate.collection.spi.PersistentBag[0]->com.betrybe.agrix.model.entity.Crop["farm"]->com.betrybe.agrix.model.entity.Farm["crops"]->org.hibernate.collection.spi.PersistentBag[0]->com.betrybe.agrix.model.entity.Crop["farm"]->com.betrybe.agrix.model.entity.Farm["crops"]->org.hibernate.collection.spi.PersistentBag[0]->com.betrybe.agrix.model.entity.Crop["farm"]->com.betrybe.agrix.model.entity.Farm["crops"]->org.hibernate.collection.spi.PersistentBag[0]->com.betrybe.agrix.model.entity.Crop["farm"]->com.betrybe.agrix.model.entity.Farm["crops"]->org.hibernate.collection.spi.PersistentBag[0]->com.betrybe.agrix.model.entity.Crop["farm"]->com.betrybe.agrix.model.entity.Farm["crops"]->org.hibernate.collection.spi.PersistentBag[0]->com.betrybe.agrix.model.entity.Crop["farm"]->com.betrybe.agrix.model.entity.Farm["crops"]->org.hibernate.collection.spi.PersistentBag[0]->com.betrybe.agrix.model.entity.Crop["farm"]->com.betrybe.agrix.model.entity.Farm["crops"]->org.hibernate.collection.spi.PersistentBag[0]->com.betrybe.agrix.model.entity.Crop["farm"]->com.betrybe.agrix.model.entity.Farm["crops"]->org.hibernate.collection.spi.PersistentBag[0]->com.betrybe.agrix.model.entity.Crop["farm"]->com.betrybe.agrix.model.entity.Farm["crops"]->org.hibernate.collection.spi.PersistentBag[0]->com.betrybe.agrix.model.entity.Crop["farm"]->com.betrybe.agrix.model.entity.Farm["crops"]->org.hibernate.collection.spi.PersistentBag[0]->com.betrybe.agrix.model.entity.Crop["farm"]->com.betrybe.agrix.model.entity.Farm["crops"]->org.hibernate.collection.spi.PersistentBag[0]->com.betrybe.agrix.model.entity.Crop["farm"]->com.betrybe.agrix.model.entity.Farm["crops"]->org.hibernate.collection.spi.PersistentBag[0]->com.betrybe.agrix.model.entity.Crop["farm"]->com.betrybe.agrix.model.entity.Farm["crops"]->org.hibernate.collection.spi.PersistentBag[0]->com.betrybe.agrix.model.entity.Crop["farm"]->com.betrybe.agrix.model.entity.Farm["crops"]->org.hibernate.collection.spi.PersistentBag[0]->com.betrybe.agrix.model.entity.Crop["farm"]->com.betrybe.agrix.model.entity.Farm["crops"]->org.hibernate.collection.spi.PersistentBag[0]->com.betrybe.agrix.model.entity.Crop["farm"]->com.betrybe.agrix.model.entity.Farm["crops"]->org.hibernate.collection.spi.PersistentBag[0]->com.betrybe.agrix.model.entity.Crop["farm"]->com.betrybe.agrix.model.entity.Farm["crops"]->org.hibernate.collection.spi.PersistentBag[0]->com.betrybe.agrix.model.entity.Crop["farm"]->com.betrybe.agrix.model.entity.Farm["crops"]->org.hibernate.collection.spi.PersistentBag[0]->com.betrybe.agrix.model.entity.Crop["farm"]->com.betrybe.agrix.model.entity.Farm["crops"]->org.hibernate.collection.spi.PersistentBag[0]->com.betrybe.agrix.model.entity.Crop["farm"]->com.betrybe.agrix.model.entity.Farm["crops"]->org.hibernate.collection.spi.PersistentBag[0]->com.betrybe.agrix.model.entity.Crop["farm"]->com.betrybe.agrix.model.entity.Farm["crops"]->org.hibernate.collection.spi.PersistentBag[0]->com.betrybe.agrix.model.entity.Crop["farm"]->com.betrybe.agrix.model.entity.Farm["crops"]->org.hibernate.collection.spi.PersistentBag[0]->com.betrybe.agrix.model.entity.Crop["farm"]->com.betrybe.agrix.model.entity.Farm["crops"]->org.hibernate.collection.spi.PersistentBag[0]->com.betrybe.agrix.model.entity.Crop["farm"]->com.betrybe.agrix.model.entity.Farm["crops"]->org.hibernate.collection.spi.PersistentBag[0]->com.betrybe.agrix.model.entity.Crop["farm"]->com.betrybe.agrix.model.entity.Farm["crops"]->org.hibernate.collection.spi.PersistentBag[0]->com.betrybe.agrix.model.entity.Crop["farm"]->com.betrybe.agrix.model.entity.Farm["crops"]->org.hibernate.collection.spi.PersistentBag[0]->com.betrybe.agrix.model.entity.Crop["farm"]->com.betrybe.agrix.model.entity.Farm["crops"]->org.hibernate.collection.spi.PersistentBag[0]->com.betrybe.agrix.model.entity.Crop["farm"]->com.betrybe.agrix.model.entity.Farm["crops"]->org.hibernate.collection.spi.PersistentBag[0]->com.betrybe.agrix.model.entity.Crop["farm"]->com.betrybe.agrix.model.entity.Farm["crops"]->org.hibernate.collection.spi.PersistentBag[0]->com.betrybe.agrix.model.entity.Crop["farm"]->com.betrybe.agrix.model.entity.Farm["crops"]->org.hibernate.collection.spi.PersistentBag[0]->com.betrybe.agrix.model.entity.Crop["farm"]->com.betrybe.agrix.model.entity.Farm["crops"]->org.hibernate.collection.spi.PersistentBag[0]->com.betrybe.agrix.model.entity.Crop["farm"]->com.betrybe.agrix.model.entity.Farm["crops"]->org.hibernate.collection.spi.PersistentBag[0]->com.betrybe.agrix.model.entity.Crop["farm"]->com.betrybe.agrix.model.entity.Farm["crops"]->org.hibernate.collection.spi.PersistentBag[0]->com.betrybe.agrix.model.entity.Crop["farm"]->com.betrybe.agrix.model.entity.Farm["crops"]->org.hibernate.collection.spi.PersistentBag[0]->com.betrybe.agrix.model.entity.Crop["farm"]->com.betrybe.agrix.model.entity.Farm["crops"]->org.hibernate.collection.spi.PersistentBag[0]->com.betrybe.agrix.model.entity.Crop["farm"]->com.betrybe.agrix.model.entity.Farm["crops"]->org.hibernate.collection.spi.PersistentBag[0]->com.betrybe.agrix.model.entity.Crop["farm"]->com.betrybe.agrix.model.entity.Farm["crops"]->org.hibernate.collection.spi.PersistentBag[0]->com.betrybe.agrix.model.entity.Crop["farm"]->com.betrybe.agrix.model.entity.Farm["crops"]->org.hibernate.collection.spi.PersistentBag[0]->com.betrybe.agrix.model.entity.Crop["farm"]->com.betrybe.agrix.model.entity.Farm["crops"]->org.hibernate.collection.spi.PersistentBag[0]->com.betrybe.agrix.model.entity.Crop["farm"]->com.betrybe.agrix.model.entity.Farm["crops"]->org.hibernate.collection.spi.PersistentBag[0]->com.betrybe.agrix.model.entity.Crop["farm"]->com.betrybe.agrix.model.entity.Farm["crops"]->org.hibernate.collection.spi.PersistentBag[0]->com.betrybe.agrix.model.entity.Crop["farm"]->com.betrybe.agrix.model.entity.Farm["crops"]->org.hibernate.collection.spi.PersistentBag[0]->com.betrybe.agrix.model.entity.Crop["farm"]->com.betrybe.agrix.model.entity.Farm["crops"]->org.hibernate.collection.spi.PersistentBag[0]->com.betrybe.agrix.model.entity.Crop["farm"]->com.betrybe.agrix.model.entity.Farm["crops"]->org.hibernate.collection.spi.PersistentBag[0]->com.betrybe.agrix.model.entity.Crop["farm"]->com.betrybe.agrix.model.entity.Farm["crops"]->org.hibernate.collection.spi.PersistentBag[0]->com.betrybe.agrix.model.entity.Crop["farm"]->com.betrybe.agrix.model.entity.Farm["crops"]->org.hibernate.collection.spi.PersistentBag[0]->com.betrybe.agrix.model.entity.Crop["farm"]->com.betrybe.agrix.model.entity.Farm["crops"]->org.hibernate.collection.spi.PersistentBag[0]->com.betrybe.agrix.model.entity.Crop["farm"]->com.betrybe.agrix.model.entity.Farm["crops"]->org.hibernate.collection.spi.PersistentBag[0]->com.betrybe.agrix.model.entity.Crop["farm"]->com.betrybe.agrix.model.entity.Farm["crops"]->org.hibernate.collection.spi.PersistentBag[0]->com.betrybe.agrix.model.entity.Crop["farm"]->com.betrybe.agrix.model.entity.Farm["crops"]->org.hibernate.collection.spi.PersistentBag[0]->com.betrybe.agrix.model.entity.Crop["farm"]->com.betrybe.agrix.model.entity.Farm["crops"]->org.hibernate.collection.spi.PersistentBag[0]->com.betrybe.agrix.model.entity.Crop["farm"]->com.betrybe.agrix.model.entity.Farm["crops"]->org.hibernate.collection.spi.PersistentBag[0]->com.betrybe.agrix.model.entity.Crop["farm"]->com.betrybe.agrix.model.entity.Farm["crops"]->org.hibernate.collection.spi.PersistentBag[0]->com.betrybe.agrix.model.entity.Crop["farm"]->com.betrybe.agrix.model.entity.Farm["crops"]->org.hibernate.collection.spi.PersistentBag[0]->com.betrybe.agrix.model.entity.Crop["farm"]->com.betrybe.agrix.model.entity.Farm["crops"]->org.hibernate.collection.spi.PersistentBag[0]->com.betrybe.agrix.model.entity.Crop["farm"]->com.betrybe.agrix.model.entity.Farm["crops"]->org.hibernate.collection.spi.PersistentBag[0]->com.betrybe.agrix.model.entity.Crop["farm"]->com.betrybe.agrix.model.entity.Farm["crops"]->org.hibernate.collection.spi.PersistentBag[0]->com.betrybe.agrix.model.entity.Crop["farm"]->com.betrybe.agrix.model.entity.Farm["crops"]->org.hibernate.collection.spi.PersistentBag[0]->com.betrybe.agrix.model.entity.Crop["farm"]->com.betrybe.agrix.model.entity.Farm["crops"]->org.hibernate.collection.spi.PersistentBag[0]->com.betrybe.agrix.model.entity.Crop["farm"]->com.betrybe.agrix.model.entity.Farm["crops"]->org.hibernate.collection.spi.PersistentBag[0]->com.betrybe.agrix.model.entity.Crop["farm"]->com.betrybe.agrix.model.entity.Farm["crops"]->org.hibernate.collection.spi.PersistentBag[0]->com.betrybe.agrix.model.entity.Crop["farm"]->com.betrybe.agrix.model.entity.Farm["crops"]->org.hibernate.collection.spi.PersistentBag[0]->com.betrybe.agrix.model.entity.Crop["farm"]->com.betrybe.agrix.model.entity.Farm["crops"]->org.hibernate.collection.spi.PersistentBag[0]->com.betrybe.agrix.model.entity.Crop["farm"]->com.betrybe.agrix.model.entity.Farm["crops"]->org.hibernate.collection.spi.PersistentBag[0]->com.betrybe.agrix.model.entity.Crop["farm"]->com.betrybe.agrix.model.entity.Farm["crops"]->org.hibernate.collection.spi.PersistentBag[0]->com.betrybe.agrix.model.entity.Crop["farm"]->com.betrybe.agrix.model.entity.Farm["crops"]->org.hibernate.collection.spi.PersistentBag[0]->com.betrybe.agrix.model.entity.Crop["farm"]->com.betrybe.agrix.model.entity.Farm["crops"]->org.hibernate.collection.spi.PersistentBag[0]->com.betrybe.agrix.model.entity.Crop["farm"]->com.betrybe.agrix.model.entity.Farm["crops"]->org.hibernate.collection.spi.PersistentBag[0]->com.betrybe.agrix.model.entity.Crop["farm"]->com.betrybe.agrix.model.entity.Farm["crops"]->org.hibernate.collection.spi.PersistentBag[0]->com.betrybe.agrix.model.entity.Crop["farm"]->com.betrybe.agrix.model.entity.Farm["crops"]->org.hibernate.collection.spi.PersistentBag[0]->com.betrybe.agrix.model.entity.Crop["farm"]->com.betrybe.agrix.model.entity.Farm["crops"]->org.hibernate.collection.spi.PersistentBag[0]->com.betrybe.agrix.model.entity.Crop["farm"]->com.betrybe.agrix.model.entity.Farm["crops"]->org.hibernate.collection.spi.PersistentBag[0]->com.betrybe.agrix.model.entity.Crop["farm"]->com.betrybe.agrix.model.entity.Farm["crops"]->org.hibernate.collection.spi.PersistentBag[0]->com.betrybe.agrix.model.entity.Crop["farm"]->com.betrybe.agrix.model.entity.Farm["crops"]->org.hibernate.collection.spi.PersistentBag[0]->com.betrybe.agrix.model.entity.Crop["farm"]->com.betrybe.agrix.model.entity.Farm["crops"]->org.hibernate.collection.spi.PersistentBag[0]->com.betrybe.agrix.model.entity.Crop["farm"]->com.betrybe.agrix.model.entity.Farm["crops"]->org.hibernate.collection.spi.PersistentBag[0]->com.betrybe.agrix.model.entity.Crop["farm"]->com.betrybe.agrix.model.entity.Farm["crops"]->org.hibernate.collection.spi.PersistentBag[0]->com.betrybe.agrix.model.entity.Crop["farm"]->com.betrybe.agrix.model.entity.Farm["crops"]->org.hibernate.collection.spi.PersistentBag[0]->com.betrybe.agrix.model.entity.Crop["farm"]->com.betrybe.agrix.model.entity.Farm["crops"]->org.hibernate.collection.spi.PersistentBag[0]->com.betrybe.agrix.model.entity.Crop["farm"]->com.betrybe.agrix.model.entity.Farm["crops"]->org.hibernate.collection.spi.PersistentBag[0]->com.betrybe.agrix.model.entity.Crop["farm"]->com.betrybe.agrix.model.entity.Farm["crops"]->org.hibernate.collection.spi.PersistentBag[0]->com.betrybe.agrix.model.entity.Crop["farm"]->com.betrybe.agrix.model.entity.Farm["crops"]->org.hibernate.collection.spi.PersistentBag[0]->com.betrybe.agrix.model.entity.Crop["farm"]->com.betrybe.agrix.model.entity.Farm["crops"]->org.hibernate.collection.spi.PersistentBag[0]->com.betrybe.agrix.model.entity.Crop["farm"]->com.betrybe.agrix.model.entity.Farm["crops"]->org.hibernate.collection.spi.PersistentBag[0]->com.betrybe.agrix.model.entity.Crop["farm"]->com.betrybe.agrix.model.entity.Farm["crops"]->org.hibernate.collection.spi.PersistentBag[0]->com.betrybe.agrix.model.entity.Crop["farm"]->com.betrybe.agrix.model.entity.Farm["crops"]->org.hibernate.collection.spi.PersistentBag[0]->com.betrybe.agrix.model.entity.Crop["farm"]->com.betrybe.agrix.model.entity.Farm["crops"]->org.hibernate.collection.spi.PersistentBag[0]->com.betrybe.agrix.model.entity.Crop["farm"]->com.betrybe.agrix.model.entity.Farm["crops"]->org.hibernate.collection.spi.PersistentBag[0]->com.betrybe.agrix.model.entity.Crop["farm"]->com.betrybe.agrix.model.entity.Farm["crops"]->org.hibernate.collection.spi.PersistentBag[0]->com.betrybe.agrix.model.entity.Crop["farm"]->com.betrybe.agrix.model.entity.Farm["crops"]->org.hibernate.collection.spi.PersistentBag[0]->com.betrybe.agrix.model.entity.Crop["farm"]->com.betrybe.agrix.model.entity.Farm["crops"]->org.hibernate.collection.spi.PersistentBag[0]->com.betrybe.agrix.model.entity.Crop["farm"]->com.betrybe.agrix.model.entity.Farm["crops"]->org.hibernate.collection.spi.PersistentBag[0]->com.betrybe.agrix.model.entity.Crop["farm"]->com.betrybe.agrix.model.entity.Farm["crops"]->org.hibernate.collection.spi.PersistentBag[0]->com.betrybe.agrix.model.entity.Crop["farm"]->com.betrybe.agrix.model.entity.Farm["crops"]->org.hibernate.collection.spi.PersistentBag[0]->com.betrybe.agrix.model.entity.Crop["farm"]->com.betrybe.agrix.model.entity.Farm["crops"]->org.hibernate.collection.spi.PersistentBag[0]->com.betrybe.agrix.model.entity.Crop["farm"]->com.betrybe.agrix.model.entity.Farm["crops"]->org.hibernate.collection.spi.PersistentBag[0]->com.betrybe.agrix.model.entity.Crop["farm"]->com.betrybe.agrix.model.entity.Farm["crops"]->org.hibernate.collection.spi.PersistentBag[0]->com.betrybe.agrix.model.entity.Crop["farm"]->com.betrybe.agrix.model.entity.Farm["crops"]->org.hibernate.collection.spi.PersistentBag[0]->com.betrybe.agrix.model.entity.Crop["farm"]->com.betrybe.agrix.model.entity.Farm["crops"]->org.hibernate.collection.spi.PersistentBag[0]->com.betrybe.agrix.model.entity.Crop["farm"]->com.betrybe.agrix.model.entity.Farm["crops"]->org.hibernate.collection.spi.PersistentBag[0]->com.betrybe.agrix.model.entity.Crop["farm"]->com.betrybe.agrix.model.entity.Farm["crops"]->org.hibernate.collection.spi.PersistentBag[0]->com.betrybe.agrix.model.entity.Crop["farm"]->com.betrybe.agrix.model.entity.Farm["crops"]->org.hibernate.collection.spi.PersistentBag[0]->com.betrybe.agrix.model.entity.Crop["farm"]->com.betrybe.agrix.model.entity.Farm["crops"]->org.hibernate.collection.spi.PersistentBag[0]->com.betrybe.agrix.model.entity.Crop["farm"]->com.betrybe.agrix.model.entity.Farm["crops"]->org.hibernate.collection.spi.PersistentBag[0]->com.betrybe.agrix.model.entity.Crop["farm"]->com.betrybe.agrix.model.entity.Farm["crops"]->org.hibernate.collection.spi.PersistentBag[0]->com.betrybe.agrix.model.entity.Crop["farm"]->com.betrybe.agrix.model.entity.Farm["crops"]->org.hibernate.collection.spi.PersistentBag[0]->com.betrybe.agrix.model.entity.Crop["farm"]->com.betrybe.agrix.model.entity.Farm["crops"]->org.hibernate.collection.spi.PersistentBag[0]->com.betrybe.agrix.model.entity.Crop["farm"]->com.betrybe.agrix.model.entity.Farm["crops"]->org.hibernate.collection.spi.PersistentBag[0]->com.betrybe.agrix.model.entity.Crop["farm"]->com.betrybe.agrix.model.entity.Farm["crops"]->org.hibernate.collection.spi.PersistentBag[0]->com.betrybe.agrix.model.entity.Crop["farm"]->com.betrybe.agrix.model.entity.Farm["crops"]->org.hibernate.collection.spi.PersistentBag[0]->com.betrybe.agrix.model.entity.Crop["farm"]->com.betrybe.agrix.model.entity.Farm["crops"]->org.hibernate.collection.spi.PersistentBag[0]->com.betrybe.agrix.model.entity.Crop["farm"]->com.betrybe.agrix.model.entity.Farm["crops"]->org.hibernate.collection.spi.PersistentBag[0]->com.betrybe.agrix.model.entity.Crop["farm"]->com.betrybe.agrix.model.entity.Farm["crops"]->org.hibernate.collection.spi.PersistentBag[0]->com.betrybe.agrix.model.entity.Crop["farm"]->com.betrybe.agrix.model.entity.Farm["crops"]->org.hibernate.collection.spi.PersistentBag[0]->com.betrybe.agrix.model.entity.Crop["farm"]->com.betrybe.agrix.model.entity.Farm["crops"]->org.hibernate.collection.spi.PersistentBag[0]->com.betrybe.agrix.model.entity.Crop["farm"]->com.betrybe.agrix.model.entity.Farm["crops"]->org.hibernate.collection.spi.PersistentBag[0]->com.betrybe.agrix.model.entity.Crop["farm"]->com.betrybe.agrix.model.entity.Farm["crops"]->org.hibernate.collection.spi.PersistentBag[0]->com.betrybe.agrix.model.entity.Crop["farm"]->com.betrybe.agrix.model.entity.Farm["crops"]->org.hibernate.collection.spi.PersistentBag[0]->com.betrybe.agrix.model.entity.Crop["farm"]->com.betrybe.agrix.model.entity.Farm["crops"]->org.hibernate.collection.spi.PersistentBag[0]->com.betrybe.agrix.model.entity.Crop["farm"]->com.betrybe.agrix.model.entity.Farm["crops"]->org.hibernate.collection.spi.PersistentBag[0]->com.betrybe.agrix.model.entity.Crop["farm"]->com.betrybe.agrix.model.entity.Farm["crops"]->org.hibernate.collection.spi.PersistentBag[0]->com.betrybe.agrix.model.entity.Crop["farm"]->com.betrybe.agrix.model.entity.Farm["crops"]->org.hibernate.collection.spi.PersistentBag[0]->com.betrybe.agrix.model.entity.Crop["farm"]->com.betrybe.agrix.model.entity.Farm["crops"]->org.hibernate.collection.spi.PersistentBag[0]->com.betrybe.agrix.model.entity.Crop["farm"]->com.betrybe.agrix.model.entity.Farm["crops"]->org.hibernate.collection.spi.PersistentBag[0]->com.betrybe.agrix.model.entity.Crop["farm"]->com.betrybe.agrix.model.entity.Farm["crops"]->org.hibernate.collection.spi.PersistentBag[0]->com.betrybe.agrix.model.entity.Crop["farm"]->com.betrybe.agrix.model.entity.Farm["crops"]->org.hibernate.collection.spi.PersistentBag[0]->com.betrybe.agrix.model.entity.Crop["farm"]->com.betrybe.agrix.model.entity.Farm["crops"]->org.hibernate.collection.spi.PersistentBag[0]->com.betrybe.agrix.model.entity.Crop["farm"]->com.betrybe.agrix.model.entity.Farm["crops"]->org.hibernate.collection.spi.PersistentBag[0]->com.betrybe.agrix.model.entity.Crop["farm"]->com.betrybe.agrix.model.entity.Farm["crops"]->org.hibernate.collection.spi.PersistentBag[0]->com.betrybe.agrix.model.entity.Crop["farm"]->com.betrybe.agrix.model.entity.Farm["crops"]->org.hibernate.collection.spi.PersistentBag[0]->com.betrybe.agrix.model.entity.Crop["farm"]->com.betrybe.agrix.model.entity.Farm["crops"]->org.hibernate.collection.spi.PersistentBag[0]->com.betrybe.agrix.model.entity.Crop["farm"]->com.betrybe.agrix.model.entity.Farm["crops"]->org.hibernate.collection.spi.PersistentBag[0]->com.betrybe.agrix.model.entity.Crop["farm"]->com.betrybe.agrix.model.entity.Farm["crops"]->org.hibernate.collection.spi.PersistentBag[0]->com.betrybe.agrix.model.entity.Crop["farm"]->com.betrybe.agrix.model.entity.Farm["crops"]->org.hibernate.collection.spi.PersistentBag[0]->com.betrybe.agrix.model.entity.Crop["farm"]->com.betrybe.agrix.model.entity.Farm["crops"]->org.hibernate.collection.spi.PersistentBag[0]->com.betrybe.agrix.model.entity.Crop["farm"]->com.betrybe.agrix.model.entity.Farm["crops"]->org.hibernate.collection.spi.PersistentBag[0]->com.betrybe.agrix.model.entity.Crop["farm"]->com.betrybe.agrix.model.entity.Farm["crops"]->org.hibernate.collection.spi.PersistentBag[0]->com.betrybe.agrix.model.entity.Crop["farm"]->com.betrybe.agrix.model.entity.Farm["crops"]->org.hibernate.collection.spi.PersistentBag[0]->com.betrybe.agrix.model.entity.Crop["farm"]->com.betrybe.agrix.model.entity.Farm["crops"]->org.hibernate.collection.spi.PersistentBag[0]->com.betrybe.agrix.model.entity.Crop["farm"]->com.betrybe.agrix.model.entity.Farm["crops"]->org.hibernate.collection.spi.PersistentBag[0]->com.betrybe.agrix.model.entity.Crop["farm"]->com.betrybe.agrix.model.entity.Farm["crops"]->org.hibernate.collection.spi.PersistentBag[0]->com.betrybe.agrix.model.entity.Crop["farm"]->com.betrybe.agrix.model.entity.Farm["crops"]->org.hibernate.collection.spi.PersistentBag[0]->com.betrybe.agrix.model.entity.Crop["farm"]->com.betrybe.agrix.model.entity.Farm["crops"]->org.hibernate.collection.spi.PersistentBag[0]->com.betrybe.agrix.model.entity.Crop["farm"]->com.betrybe.agrix.model.entity.Farm["crops"]->org.hibernate.collection.spi.PersistentBag[0]->com.betrybe.agrix.model.entity.Crop["farm"]->com.betrybe.agrix.model.entity.Farm["crops"]->org.hibernate.collection.spi.PersistentBag[0]->com.betrybe.agrix.model.entity.Crop["farm"]->com.betrybe.agrix.model.entity.Farm["crops"]->org.hibernate.collection.spi.PersistentBag[0]->com.betrybe.agrix.model.entity.Crop["farm"]->com.betrybe.agrix.model.entity.Farm["crops"]->org.hibernate.collection.spi.PersistentBag[0]->com.betrybe.agrix.model.entity.Crop["farm"]->com.betrybe.agrix.model.entity.Farm["crops"]->org.hibernate.collection.spi.PersistentBag[0]->com.betrybe.agrix.model.entity.Crop["farm"]->com.betrybe.agrix.model.entity.Farm["crops"]->org.hibernate.collection.spi.PersistentBag[0]->com.betrybe.agrix.model.entity.Crop["farm"]->com.betrybe.agrix.model.entity.Farm["crops"]->org.hibernate.collection.spi.PersistentBag[0]->com.betrybe.agrix.model.entity.Crop["farm"]->com.betrybe.agrix.model.entity.Farm["crops"]->org.hibernate.collection.spi.PersistentBag[0]->com.betrybe.agrix.model.entity.Crop["farm"]->com.betrybe.agrix.model.entity.Farm["crops"]->org.hibernate.collection.spi.PersistentBag[0]->com.betrybe.agrix.model.entity.Crop["farm"]->com.betrybe.agrix.model.entity.Farm["crops"]->org.hibernate.collection.spi.PersistentBag[0]->com.betrybe.agrix.model.entity.Crop["farm"]->com.betrybe.agrix.model.entity.Farm["crops"]->org.hibernate.collection.spi.PersistentBag[0]->com.betrybe.agrix.model.entity.Crop["farm"]->com.betrybe.agrix.model.entity.Farm["crops"]->org.hibernate.collection.spi.PersistentBag[0]->com.betrybe.agrix.model.entity.Crop["farm"]->com.betrybe.agrix.model.entity.Farm["crops"]->org.hibernate.collection.spi.PersistentBag[0]->com.betrybe.agrix.model.entity.Crop["farm"]->com.betrybe.agrix.model.entity.Farm["crops"]->org.hibernate.collection.spi.PersistentBag[0]->com.betrybe.agrix.model.entity.Crop["farm"]->com.betrybe.agrix.model.entity.Farm["crops"]->org.hibernate.collection.spi.PersistentBag[0]->com.betrybe.agrix.model.entity.Crop["farm"]->com.betrybe.agrix.model.entity.Farm["crops"]->org.hibernate.collection.spi.PersistentBag[0]->com.betrybe.agrix.model.entity.Crop["farm"]->com.betrybe.agrix.model.entity.Farm["crops"]->org.hibernate.collection.spi.PersistentBag[0]->com.betrybe.agrix.model.entity.Crop["farm"]->com.betrybe.agrix.model.entity.Farm["crops"]->org.hibernate.collection.spi.PersistentBag[0]->com.betrybe.agrix.model.entity.Crop["farm"]->com.betrybe.agrix.model.entity.Farm["crops"]->org.hibernate.collection.spi.PersistentBag[0]->com.betrybe.agrix.model.entity.Crop["farm"]->com.betrybe.agrix.model.entity.Farm["crops"]->org.hibernate.collection.spi.PersistentBag[0]->com.betrybe.agrix.model.entity.Crop["farm"]->com.betrybe.agrix.model.entity.Farm["crops"]->org.hibernate.collection.spi.PersistentBag[0]->com.betrybe.agrix.model.entity.Crop["farm"]->com.betrybe.agrix.model.entity.Farm["crops"]->org.hibernate.collection.spi.PersistentBag[0]->com.betrybe.agrix.model.entity.Crop["farm"]->com.betrybe.agrix.model.entity.Farm["crops"]->org.hibernate.collection.spi.PersistentBag[0]->com.betrybe.agrix.model.entity.Crop["farm"]->com.betrybe.agrix.model.entity.Farm["crops"]->org.hibernate.collection.spi.PersistentBag[0]->com.betrybe.agrix.model.entity.Crop["farm"]->com.betrybe.agrix.model.entity.Farm["crops"]->org.hibernate.collection.spi.PersistentBag[0]->com.betrybe.agrix.model.entity.Crop["farm"]->com.betrybe.agrix.model.entity.Farm["crops"]->org.hibernate.collection.spi.PersistentBag[0]->com.betrybe.agrix.model.entity.Crop["farm"]->com.betrybe.agrix.model.entity.Farm["crops"]->org.hibernate.collection.spi.PersistentBag[0]->com.betrybe.agrix.model.entity.Crop["farm"]->com.betrybe.agrix.model.entity.Farm["crops"]->org.hibernate.collection.spi.PersistentBag[0]->com.betrybe.agrix.model.entity.Crop["farm"]->com.betrybe.agrix.model.entity.Farm["crops"]->org.hibernate.collection.spi.PersistentBag[0]->com.betrybe.agrix.model.entity.Crop["farm"]->com.betrybe.agrix.model.entity.Farm["crops"]->org.hibernate.collection.spi.PersistentBag[0]->com.betrybe.agrix.model.entity.Crop["farm"]->com.betrybe.agrix.model.entity.Farm["crops"]->org.hibernate.collection.spi.PersistentBag[0]->com.betrybe.agrix.model.entity.Crop["farm"]->com.betrybe.agrix.model.entity.Farm["crops"]->org.hibernate.collection.spi.PersistentBag[0]->com.betrybe.agrix.model.entity.Crop["farm"]->com.betrybe.agrix.model.entity.Farm["crops"]->org.hibernate.collection.spi.PersistentBag[0]->com.betrybe.agrix.model.entity.Crop["farm"]->com.betrybe.agrix.model.entity.Farm["crops"]->org.hibernate.collection.spi.PersistentBag[0]->com.betrybe.agrix.model.entity.Crop["farm"]->com.betrybe.agrix.model.entity.Farm["crops"]->org.hibernate.collection.spi.PersistentBag[0]->com.betrybe.agrix.model.entity.Crop["farm"]->com.betrybe.agrix.model.entity.Farm["crops"]->org.hibernate.collection.spi.PersistentBag[0]->com.betrybe.agrix.model.entity.Crop["farm"]->com.betrybe.agrix.model.entity.Farm["crops"])
Caused by: java.lang.StackOverflowError
]]></error>
    <system-out><![CDATA[2024-03-30T21:58:08.683-03:00  INFO 41612 --- [           main] o.s.b.t.m.w.SpringBootMockServletContext : Initializing Spring TestDispatcherServlet ''
2024-03-30T21:58:08.683-03:00  INFO 41612 --- [           main] o.s.t.web.servlet.TestDispatcherServlet  : Initializing Servlet ''
2024-03-30T21:58:08.684-03:00  INFO 41612 --- [           main] o.s.t.web.servlet.TestDispatcherServlet  : Completed initialization in 1 ms
Hibernate: 
    insert 
    into
        farms
        (name,size,id) 
    values
        (?,?,default)
Hibernate: 
    select
        f1_0.id,
        f1_0.name,
        f1_0.size 
    from
        farms f1_0 
    where
        f1_0.id=?
Hibernate: 
    select
        c1_0.farm_id,
        c1_0.id,
        c1_0.name,
        c1_0.planted_area 
    from
        crops c1_0 
    where
        c1_0.farm_id=?
Hibernate: 
    insert 
    into
        farms
        (name,size,id) 
    values
        (?,?,default)
Hibernate: 
    select
        f1_0.id,
        f1_0.name,
        f1_0.size 
    from
        farms f1_0 
    where
        f1_0.id=?
Hibernate: 
    insert 
    into
        crops
        (farm_id,name,planted_area,id) 
    values
        (?,?,?,default)
Hibernate: 
    select
        c1_0.farm_id,
        c1_0.id,
        c1_0.name,
        c1_0.planted_area 
    from
        crops c1_0 
    where
        c1_0.farm_id=?
2024-03-30T21:58:08.737-03:00  WARN 41612 --- [           main] .w.s.m.s.DefaultHandlerExceptionResolver : Failure while trying to resolve exception [org.springframework.http.converter.HttpMessageNotWritableException]

java.lang.IllegalStateException: Cannot set error status - response is already committed
	at org.springframework.util.Assert.state(Assert.java:76) ~[spring-core-6.0.10.jar:6.0.10]
	at org.springframework.mock.web.MockHttpServletResponse.sendError(MockHttpServletResponse.java:586) ~[spring-test-6.0.10.jar:6.0.10]
	at org.springframework.web.servlet.mvc.support.DefaultHandlerExceptionResolver.sendServerError(DefaultHandlerExceptionResolver.java:581) ~[spring-webmvc-6.0.10.jar:6.0.10]
	at org.springframework.web.servlet.mvc.support.DefaultHandlerExceptionResolver.handleHttpMessageNotWritable(DefaultHandlerExceptionResolver.java:548) ~[spring-webmvc-6.0.10.jar:6.0.10]
	at org.springframework.web.servlet.mvc.support.DefaultHandlerExceptionResolver.doResolveException(DefaultHandlerExceptionResolver.java:221) ~[spring-webmvc-6.0.10.jar:6.0.10]
	at org.springframework.web.servlet.handler.AbstractHandlerExceptionResolver.resolveException(AbstractHandlerExceptionResolver.java:141) ~[spring-webmvc-6.0.10.jar:6.0.10]
	at org.springframework.web.servlet.handler.HandlerExceptionResolverComposite.resolveException(HandlerExceptionResolverComposite.java:80) ~[spring-webmvc-6.0.10.jar:6.0.10]
	at org.springframework.web.servlet.DispatcherServlet.processHandlerException(DispatcherServlet.java:1341) ~[spring-webmvc-6.0.10.jar:6.0.10]
	at org.springframework.test.web.servlet.TestDispatcherServlet.processHandlerException(TestDispatcherServlet.java:144) ~[spring-test-6.0.10.jar:6.0.10]
	at org.springframework.web.servlet.DispatcherServlet.processDispatchResult(DispatcherServlet.java:1152) ~[spring-webmvc-6.0.10.jar:6.0.10]
	at org.springframework.web.servlet.DispatcherServlet.doDispatch(DispatcherServlet.java:1098) ~[spring-webmvc-6.0.10.jar:6.0.10]
	at org.springframework.web.servlet.DispatcherServlet.doService(DispatcherServlet.java:974) ~[spring-webmvc-6.0.10.jar:6.0.10]
	at org.springframework.web.servlet.FrameworkServlet.processRequest(FrameworkServlet.java:1011) ~[spring-webmvc-6.0.10.jar:6.0.10]
	at org.springframework.web.servlet.FrameworkServlet.doPost(FrameworkServlet.java:914) ~[spring-webmvc-6.0.10.jar:6.0.10]
	at jakarta.servlet.http.HttpServlet.service(HttpServlet.java:590) ~[tomcat-embed-core-10.1.10.jar:6.0]
	at org.springframework.web.servlet.FrameworkServlet.service(FrameworkServlet.java:885) ~[spring-webmvc-6.0.10.jar:6.0.10]
	at org.springframework.test.web.servlet.TestDispatcherServlet.service(TestDispatcherServlet.java:72) ~[spring-test-6.0.10.jar:6.0.10]
	at jakarta.servlet.http.HttpServlet.service(HttpServlet.java:658) ~[tomcat-embed-core-10.1.10.jar:6.0]
	at org.springframework.mock.web.MockFilterChain$ServletFilterProxy.doFilter(MockFilterChain.java:165) ~[spring-test-6.0.10.jar:6.0.10]
	at org.springframework.mock.web.MockFilterChain.doFilter(MockFilterChain.java:132) ~[spring-test-6.0.10.jar:6.0.10]
	at org.springframework.test.web.servlet.MockMvc.perform(MockMvc.java:201) ~[spring-test-6.0.10.jar:6.0.10]
	at com.betrybe.agrix.evaluation.CropManagementTest.performCropCreation(CropManagementTest.java:257) ~[test-classes/:na]
	at com.betrybe.agrix.evaluation.CropManagementTest.testGetFarmCropsSuccess(CropManagementTest.java:138) ~[test-classes/:na]
	at com.betrybe.agrix.evaluation.CropManagementTest.testGetFarmCrops(CropManagementTest.java:99) ~[test-classes/:na]
	at java.base/jdk.internal.reflect.NativeMethodAccessorImpl.invoke0(Native Method) ~[na:na]
	at java.base/jdk.internal.reflect.NativeMethodAccessorImpl.invoke(NativeMethodAccessorImpl.java:77) ~[na:na]
	at java.base/jdk.internal.reflect.DelegatingMethodAccessorImpl.invoke(DelegatingMethodAccessorImpl.java:43) ~[na:na]
	at java.base/java.lang.reflect.Method.invoke(Method.java:568) ~[na:na]
	at org.junit.platform.commons.util.ReflectionUtils.invokeMethod(ReflectionUtils.java:727) ~[junit-platform-commons-1.9.3.jar:1.9.3]
	at org.junit.jupiter.engine.execution.ExecutableInvoker.invoke(ExecutableInvoker.java:117) ~[junit-jupiter-engine-5.4.2.jar:5.4.2]
	at org.junit.jupiter.engine.descriptor.TestMethodTestDescriptor.lambda$invokeTestMethod$7(TestMethodTestDescriptor.java:184) ~[junit-jupiter-engine-5.4.2.jar:5.4.2]
	at org.junit.platform.engine.support.hierarchical.ThrowableCollector.execute(ThrowableCollector.java:73) ~[junit-platform-engine-1.9.3.jar:1.9.3]
	at org.junit.jupiter.engine.descriptor.TestMethodTestDescriptor.invokeTestMethod(TestMethodTestDescriptor.java:180) ~[junit-jupiter-engine-5.4.2.jar:5.4.2]
	at org.junit.jupiter.engine.descriptor.TestMethodTestDescriptor.execute(TestMethodTestDescriptor.java:127) ~[junit-jupiter-engine-5.4.2.jar:5.4.2]
	at org.junit.jupiter.engine.descriptor.TestMethodTestDescriptor.execute(TestMethodTestDescriptor.java:68) ~[junit-jupiter-engine-5.4.2.jar:5.4.2]
	at org.junit.platform.engine.support.hierarchical.NodeTestTask.lambda$executeRecursively$6(NodeTestTask.java:151) ~[junit-platform-engine-1.9.3.jar:1.9.3]
	at org.junit.platform.engine.support.hierarchical.ThrowableCollector.execute(ThrowableCollector.java:73) ~[junit-platform-engine-1.9.3.jar:1.9.3]
	at org.junit.platform.engine.support.hierarchical.NodeTestTask.lambda$executeRecursively$8(NodeTestTask.java:141) ~[junit-platform-engine-1.9.3.jar:1.9.3]
	at org.junit.platform.engine.support.hierarchical.Node.around(Node.java:137) ~[junit-platform-engine-1.9.3.jar:1.9.3]
	at org.junit.platform.engine.support.hierarchical.NodeTestTask.lambda$executeRecursively$9(NodeTestTask.java:139) ~[junit-platform-engine-1.9.3.jar:1.9.3]
	at org.junit.platform.engine.support.hierarchical.ThrowableCollector.execute(ThrowableCollector.java:73) ~[junit-platform-engine-1.9.3.jar:1.9.3]
	at org.junit.platform.engine.support.hierarchical.NodeTestTask.executeRecursively(NodeTestTask.java:138) ~[junit-platform-engine-1.9.3.jar:1.9.3]
	at org.junit.platform.engine.support.hierarchical.NodeTestTask.execute(NodeTestTask.java:95) ~[junit-platform-engine-1.9.3.jar:1.9.3]
	at java.base/java.util.ArrayList.forEach(ArrayList.java:1511) ~[na:na]
	at org.junit.platform.engine.support.hierarchical.SameThreadHierarchicalTestExecutorService.invokeAll(SameThreadHierarchicalTestExecutorService.java:41) ~[junit-platform-engine-1.9.3.jar:1.9.3]
	at org.junit.platform.engine.support.hierarchical.NodeTestTask.lambda$executeRecursively$6(NodeTestTask.java:155) ~[junit-platform-engine-1.9.3.jar:1.9.3]
	at org.junit.platform.engine.support.hierarchical.ThrowableCollector.execute(ThrowableCollector.java:73) ~[junit-platform-engine-1.9.3.jar:1.9.3]
	at org.junit.platform.engine.support.hierarchical.NodeTestTask.lambda$executeRecursively$8(NodeTestTask.java:141) ~[junit-platform-engine-1.9.3.jar:1.9.3]
	at org.junit.platform.engine.support.hierarchical.Node.around(Node.java:137) ~[junit-platform-engine-1.9.3.jar:1.9.3]
	at org.junit.platform.engine.support.hierarchical.NodeTestTask.lambda$executeRecursively$9(NodeTestTask.java:139) ~[junit-platform-engine-1.9.3.jar:1.9.3]
	at org.junit.platform.engine.support.hierarchical.ThrowableCollector.execute(ThrowableCollector.java:73) ~[junit-platform-engine-1.9.3.jar:1.9.3]
	at org.junit.platform.engine.support.hierarchical.NodeTestTask.executeRecursively(NodeTestTask.java:138) ~[junit-platform-engine-1.9.3.jar:1.9.3]
	at org.junit.platform.engine.support.hierarchical.NodeTestTask.execute(NodeTestTask.java:95) ~[junit-platform-engine-1.9.3.jar:1.9.3]
	at java.base/java.util.ArrayList.forEach(ArrayList.java:1511) ~[na:na]
	at org.junit.platform.engine.support.hierarchical.SameThreadHierarchicalTestExecutorService.invokeAll(SameThreadHierarchicalTestExecutorService.java:41) ~[junit-platform-engine-1.9.3.jar:1.9.3]
	at org.junit.platform.engine.support.hierarchical.NodeTestTask.lambda$executeRecursively$6(NodeTestTask.java:155) ~[junit-platform-engine-1.9.3.jar:1.9.3]
	at org.junit.platform.engine.support.hierarchical.ThrowableCollector.execute(ThrowableCollector.java:73) ~[junit-platform-engine-1.9.3.jar:1.9.3]
	at org.junit.platform.engine.support.hierarchical.NodeTestTask.lambda$executeRecursively$8(NodeTestTask.java:141) ~[junit-platform-engine-1.9.3.jar:1.9.3]
	at org.junit.platform.engine.support.hierarchical.Node.around(Node.java:137) ~[junit-platform-engine-1.9.3.jar:1.9.3]
	at org.junit.platform.engine.support.hierarchical.NodeTestTask.lambda$executeRecursively$9(NodeTestTask.java:139) ~[junit-platform-engine-1.9.3.jar:1.9.3]
	at org.junit.platform.engine.support.hierarchical.ThrowableCollector.execute(ThrowableCollector.java:73) ~[junit-platform-engine-1.9.3.jar:1.9.3]
	at org.junit.platform.engine.support.hierarchical.NodeTestTask.executeRecursively(NodeTestTask.java:138) ~[junit-platform-engine-1.9.3.jar:1.9.3]
	at org.junit.platform.engine.support.hierarchical.NodeTestTask.execute(NodeTestTask.java:95) ~[junit-platform-engine-1.9.3.jar:1.9.3]
	at org.junit.platform.engine.support.hierarchical.SameThreadHierarchicalTestExecutorService.submit(SameThreadHierarchicalTestExecutorService.java:35) ~[junit-platform-engine-1.9.3.jar:1.9.3]
	at org.junit.platform.engine.support.hierarchical.HierarchicalTestExecutor.execute(HierarchicalTestExecutor.java:57) ~[junit-platform-engine-1.9.3.jar:1.9.3]
	at org.junit.platform.engine.support.hierarchical.HierarchicalTestEngine.execute(HierarchicalTestEngine.java:54) ~[junit-platform-engine-1.9.3.jar:1.9.3]
	at org.junit.platform.launcher.core.EngineExecutionOrchestrator.execute(EngineExecutionOrchestrator.java:147) ~[junit-platform-launcher-1.9.3.jar:1.9.3]
	at org.junit.platform.launcher.core.EngineExecutionOrchestrator.execute(EngineExecutionOrchestrator.java:127) ~[junit-platform-launcher-1.9.3.jar:1.9.3]
	at org.junit.platform.launcher.core.EngineExecutionOrchestrator.execute(EngineExecutionOrchestrator.java:90) ~[junit-platform-launcher-1.9.3.jar:1.9.3]
	at org.junit.platform.launcher.core.EngineExecutionOrchestrator.lambda$execute$0(EngineExecutionOrchestrator.java:55) ~[junit-platform-launcher-1.9.3.jar:1.9.3]
	at org.junit.platform.launcher.core.EngineExecutionOrchestrator.withInterceptedStreams(EngineExecutionOrchestrator.java:102) ~[junit-platform-launcher-1.9.3.jar:1.9.3]
	at org.junit.platform.launcher.core.EngineExecutionOrchestrator.execute(EngineExecutionOrchestrator.java:54) ~[junit-platform-launcher-1.9.3.jar:1.9.3]
	at org.junit.platform.launcher.core.DefaultLauncher.execute(DefaultLauncher.java:114) ~[junit-platform-launcher-1.9.3.jar:1.9.3]
	at org.junit.platform.launcher.core.DefaultLauncher.execute(DefaultLauncher.java:86) ~[junit-platform-launcher-1.9.3.jar:1.9.3]
	at org.junit.platform.launcher.core.DefaultLauncherSession$DelegatingLauncher.execute(DefaultLauncherSession.java:86) ~[junit-platform-launcher-1.9.3.jar:1.9.3]
	at org.junit.platform.launcher.core.SessionPerRequestLauncher.execute(SessionPerRequestLauncher.java:53) ~[junit-platform-launcher-1.9.3.jar:1.9.3]
	at org.apache.maven.surefire.junitplatform.JUnitPlatformProvider.execute(JUnitPlatformProvider.java:188) ~[surefire-junit-platform-3.0.0-M5.jar:3.0.0-M5]
	at org.apache.maven.surefire.junitplatform.JUnitPlatformProvider.invokeAllTests(JUnitPlatformProvider.java:154) ~[surefire-junit-platform-3.0.0-M5.jar:3.0.0-M5]
	at org.apache.maven.surefire.junitplatform.JUnitPlatformProvider.invoke(JUnitPlatformProvider.java:128) ~[surefire-junit-platform-3.0.0-M5.jar:3.0.0-M5]
	at org.apache.maven.surefire.booter.ForkedBooter.runSuitesInProcess(ForkedBooter.java:428) ~[surefire-booter-3.0.0-M5.jar:3.0.0-M5]
	at org.apache.maven.surefire.booter.ForkedBooter.execute(ForkedBooter.java:162) ~[surefire-booter-3.0.0-M5.jar:3.0.0-M5]
	at org.apache.maven.surefire.booter.ForkedBooter.run(ForkedBooter.java:562) ~[surefire-booter-3.0.0-M5.jar:3.0.0-M5]
	at org.apache.maven.surefire.booter.ForkedBooter.main(ForkedBooter.java:548) ~[surefire-booter-3.0.0-M5.jar:3.0.0-M5]

]]></system-out>
  </testcase>
</testsuite>